CAMtastic DXP	: PCB Auto-load Process Report
CAMtastic File	: CAMtastic1.Cam
Date			: 17/8/2022
Time			: 1:5:58 PM

Information	: Layer 1	- giroscope.gto - start loading.
Information	: Layer 1	- giroscope.gto - end loading.
Information	: Layer 2	- giroscope.gtp - start loading.
Information	: Layer 2	- giroscope.gtp - end loading.
Information	: Layer 3	- giroscope.gts - start loading.
Information	: Layer 3	- giroscope.gts - end loading.
Information	: Layer 4	- giroscope.gtl - start loading.
Information	: Layer 4	- giroscope.gtl - end loading.
Information	: Layer 5	- giroscope.gbl - start loading.
Information	: Layer 5	- giroscope.gbl - end loading.
Information	: Layer 6	- giroscope.gbs - start loading.
Information	: Layer 6	- giroscope.gbs - end loading.
Information	: Layer 7	- giroscope.gbp - start loading.
Information	: Layer 7	- giroscope.gbp - end loading.
Information	: Layer 8	- giroscope.gbo - start loading.
Information	: Layer 8	- giroscope.gbo - end loading.
Information	: Layer 9	- giroscope.gm1 - start loading.
Information	: Layer 9	- giroscope.gm1 - end loading.
Information	: Layer 10	- giroscope.gpt - start loading.
Information	: Layer 10	- giroscope.gpt - end loading.
Information	: Layer 11	- giroscope.gpb - start loading.
Information	: Layer 11	- giroscope.gpb - end loading.
Information	: Layer 12	- giroscope.gd1 - start loading.
Information	: Layer 12	- giroscope.gd1 - end loading.
Information	: Layer 13	- giroscope.gg1 - start loading.
Information	: Layer 13	- giroscope.gg1 - end loading.
