CAMtastic DXP	: PCB Auto-load Process Report
CAMtastic File	: CAMtastic2.Cam
Date			: 16/8/2022
Time			: 2:50:32 PM

Information	: Layer 1	- pcb1_copper_signal_top.gbr - start loading.
Information	: Layer 1	- pcb1_copper_signal_top.gbr - end loading.
Information	: Layer 2	- pcb1_copper_signal_bot.gbr - start loading.
Information	: Layer 2	- pcb1_copper_signal_bot.gbr - end loading.
Information	: Layer 3	- pcb1_pads_bot.gbr - start loading.
Information	: Layer 3	- pcb1_pads_bot.gbr - end loading.
Information	: Layer 4	- pcb1_pads_top.gbr - start loading.
Information	: Layer 4	- pcb1_pads_top.gbr - end loading.
Information	: Layer 5	- pcb1_paste_bot.gbr - start loading.
Information	: Layer 5	- pcb1_paste_bot.gbr - end loading.
Information	: Layer 6	- pcb1_legend_bot.gbr - start loading.
Information	: Layer 6	- pcb1_legend_bot.gbr - end loading.
Information	: Layer 7	- pcb1_soldermask_bot.gbr - start loading.
Information	: Layer 7	- pcb1_soldermask_bot.gbr - end loading.
Information	: Layer 8	- pcb1_legend_top.gbr - start loading.
Information	: Layer 8	- pcb1_legend_top.gbr - end loading.
Information	: Layer 9	- pcb1_paste_top.gbr - start loading.
Information	: Layer 9	- pcb1_paste_top.gbr - end loading.
Information	: Layer 10	- pcb1_soldermask_top.gbr - start loading.
Information	: Layer 10	- pcb1_soldermask_top.gbr - end loading.
Information	: Layer 11	- pcb1_mechanical_1.gbr - start loading.
Information	: Layer 11	- pcb1_mechanical_1.gbr - end loading.
Information	: Layer 12	- pcb1_profile.gbr - start loading.
Information	: Layer 12	- pcb1_profile.gbr - end loading.
