Removed Pin From Net: NetName=NetJ2_1 Pin=VT1-3
Removed Pin From Net: NetName=NetJ2_2 Pin=VT5-3
Removed Pin From Net: NetName=VCC_2 Pin=VT9-2
Removed Pin From Net: NetName=VCC_2 Pin=VT9-2
Removed Pin From Net: NetName=NetJ9_1 Pin=VT9-3
Removed Pin From Net: NetName=NetVT13_1 Pin=VT14-2
Removed Pin From Net: NetName=NetR47_2 Pin=VT14-3
Removed Member From Class: ClassName=Giro_scope_2.0 Member=VT9
Change Component Footprint: Designator=VT14 Old Footprint=SOT-23_ONS New Footprint=SOT-23B_M
Change Component Footprint: Designator=VT2 Old Footprint=SOT-23_ONS-L New Footprint=SOT-23B_M
Added Component: Designator=VT?(D882)
Added Pin To Net: NetName=NetJ2_1 Pin=VT1-1
Added Pin To Net: NetName=NetJ2_2 Pin=VT5-1
Added Pin To Net: NetName=NetR47_2 Pin=VT14-2
Added Pin To Net: NetName=NetVT13_1 Pin=VT14-3
Added Pin To Net: NetName=NetJ9_1 Pin=VT?-1
Added Pin To Net: NetName=VCC_2 Pin=VT?-2
Added Pin To Net: NetName=VCC_2 Pin=VT?-2
Added Pin To Net: NetName=NetVT1_3 Pin=VT1-3
Added Pin To Net: NetName=NetVT1_3 Pin=VT2-2
Added Net: Name=NetVT1_3
Added Pin To Net: NetName=NetVT5_3 Pin=VT5-3
Added Pin To Net: NetName=NetVT5_3 Pin=VT6-2
Added Net: Name=NetVT5_3
Added Pin To Net: NetName=NetVT10_2 Pin=VT10-2
Added Pin To Net: NetName=NetVT10_2 Pin=VT?-3
Added Net: Name=NetVT10_2
Added Member To Class: ClassName=Giro_scope_2.0 Member=Component VT? D882
