Change Component Designator: Old Designator=*1 New Designator=*?
Change Component Designator: Old Designator=*1 New Designator=*?
Change Component Designator: Old Designator=*1 New Designator=*?
Change Component Designator: Old Designator=*1 New Designator=*?
Change Component Designator: Old Designator=*2 New Designator=*?
Change Component Designator: Old Designator=*2 New Designator=*?
Change Component Designator: Old Designator=*2 New Designator=*?
Change Component Designator: Old Designator=*2 New Designator=*?
Change Component Designator: Old Designator=*3 New Designator=*?
Change Component Designator: Old Designator=*3 New Designator=*?
Change Component Designator: Old Designator=*3 New Designator=*?
Change Component Designator: Old Designator=*3 New Designator=*?
Change Component Designator: Old Designator=C1 New Designator=C?
Change Component Designator: Old Designator=C2 New Designator=C?
Change Component Designator: Old Designator=C3 New Designator=C?
Change Component Designator: Old Designator=C4 New Designator=C?
Change Component Designator: Old Designator=C5 New Designator=C?
Change Component Designator: Old Designator=C6 New Designator=C?
Change Component Designator: Old Designator=C7 New Designator=C?
Change Component Designator: Old Designator=C8 New Designator=C?
Change Component Designator: Old Designator=C9 New Designator=C?
Change Component Designator: Old Designator=C10 New Designator=C?
Change Component Designator: Old Designator=C12 New Designator=C?
Change Component Designator: Old Designator=C13 New Designator=C?
Change Component Designator: Old Designator=C14 New Designator=C?
Change Component Designator: Old Designator=C15 New Designator=C?
Change Component Designator: Old Designator=C16 New Designator=C?
Change Component Designator: Old Designator=C17 New Designator=C?
Change Component Designator: Old Designator=C18 New Designator=C?
Change Component Designator: Old Designator=C19 New Designator=C?
Change Component Designator: Old Designator=C20 New Designator=C?
Change Component Designator: Old Designator=CR1 New Designator=CR?
Change Component Designator: Old Designator=D2 New Designator=D?
Change Component Designator: Old Designator=D3 New Designator=D?
Change Component Designator: Old Designator=D4 New Designator=D?
Change Component Designator: Old Designator=D5 New Designator=D?
Change Component Designator: Old Designator=D7 New Designator=D?
Change Component Designator: Old Designator=D8 New Designator=D?
Change Component Designator: Old Designator=D10 New Designator=D?
Change Component Designator: Old Designator=D11 New Designator=D?
Change Component Designator: Old Designator=D12 New Designator=D?
Change Component Designator: Old Designator=HS1 New Designator=HS?
Change Component Designator: Old Designator=IC1 New Designator=IC?
Change Component Designator: Old Designator=IC2 New Designator=IC?
Change Component Designator: Old Designator=IC3 New Designator=IC?
Change Component Designator: Old Designator=J1 New Designator=J?
Change Component Designator: Old Designator=J2 New Designator=J?
Change Component Designator: Old Designator=J3 New Designator=J?
Change Component Designator: Old Designator=J4 New Designator=J?
Change Component Designator: Old Designator=J5 New Designator=J?
Change Component Designator: Old Designator=J6 New Designator=J?
Change Component Designator: Old Designator=J7 New Designator=J?
Change Component Designator: Old Designator=J8 New Designator=J?
Change Component Designator: Old Designator=J9 New Designator=J?
Change Component Designator: Old Designator=J10 New Designator=J?
Change Component Designator: Old Designator=J11 New Designator=J?
Change Component Designator: Old Designator=J12 New Designator=J?
Change Component Designator: Old Designator=J13 New Designator=J?
Change Component Designator: Old Designator=J14 New Designator=J?
Change Component Designator: Old Designator=J15 New Designator=J?
Change Component Designator: Old Designator=J16 New Designator=J?
Change Component Designator: Old Designator=J17 New Designator=J?
Change Component Designator: Old Designator=J18 New Designator=J?
Change Component Designator: Old Designator=J19 New Designator=J?
Change Component Designator: Old Designator=J20 New Designator=J?
Change Component Designator: Old Designator=J21 New Designator=J?
Change Component Designator: Old Designator=J22 New Designator=J?
Change Component Designator: Old Designator=P2 New Designator=P?
Change Component Designator: Old Designator=P3 New Designator=P?
Change Component Designator: Old Designator=P5 New Designator=P?
Change Component Designator: Old Designator=P7 New Designator=P?
Change Component Designator: Old Designator=P10 New Designator=P?
Change Component Designator: Old Designator=P11 New Designator=P?
Change Component Designator: Old Designator=R1 New Designator=R?
Change Component Designator: Old Designator=R2 New Designator=R?
Change Component Designator: Old Designator=R3 New Designator=R?
Change Component Designator: Old Designator=R5 New Designator=R?
Change Component Designator: Old Designator=R6 New Designator=R?
Change Component Designator: Old Designator=R7 New Designator=R?
Change Component Designator: Old Designator=R8 New Designator=R?
Change Component Designator: Old Designator=R9 New Designator=R?
Change Component Designator: Old Designator=R10 New Designator=R?
Change Component Designator: Old Designator=R11 New Designator=R?
Change Component Designator: Old Designator=R12 New Designator=R?
Change Component Designator: Old Designator=R13 New Designator=R?
Change Component Designator: Old Designator=R14 New Designator=R?
Change Component Designator: Old Designator=R15 New Designator=R?
Change Component Designator: Old Designator=R16 New Designator=R?
Change Component Designator: Old Designator=R17 New Designator=R?
Change Component Designator: Old Designator=R18 New Designator=R?
Change Component Designator: Old Designator=R19 New Designator=R?
Change Component Designator: Old Designator=R20 New Designator=R?
Change Component Designator: Old Designator=R21 New Designator=R?
Change Component Designator: Old Designator=R23 New Designator=R?
Change Component Designator: Old Designator=R24 New Designator=R?
Change Component Designator: Old Designator=R25 New Designator=R?
Change Component Designator: Old Designator=R26 New Designator=R?
Change Component Designator: Old Designator=R27 New Designator=R?
Change Component Designator: Old Designator=R28 New Designator=R?
Change Component Designator: Old Designator=R29 New Designator=R?
Change Component Designator: Old Designator=R30 New Designator=R?
Change Component Designator: Old Designator=R31 New Designator=R?
Change Component Designator: Old Designator=R32 New Designator=R?
Change Component Designator: Old Designator=R33 New Designator=R?
Change Component Designator: Old Designator=R34 New Designator=R?
Change Component Designator: Old Designator=R35 New Designator=R?
Change Component Designator: Old Designator=R36 New Designator=R?
Change Component Designator: Old Designator=R37 New Designator=R?
Change Component Designator: Old Designator=R38 New Designator=R?
Change Component Designator: Old Designator=R39 New Designator=R?
Change Component Designator: Old Designator=R40 New Designator=R?
Change Component Designator: Old Designator=R41 New Designator=R?
Change Component Designator: Old Designator=R42 New Designator=R?
Change Component Designator: Old Designator=R43 New Designator=R?
Change Component Designator: Old Designator=R44 New Designator=R?
Change Component Designator: Old Designator=R45 New Designator=R?
Change Component Designator: Old Designator=R46 New Designator=R?
Change Component Designator: Old Designator=R47 New Designator=R?
Change Component Designator: Old Designator=R49 New Designator=R?
Change Component Designator: Old Designator=R50 New Designator=R?
Change Component Designator: Old Designator=R51 New Designator=R?
Change Component Designator: Old Designator=R52 New Designator=R?
Change Component Designator: Old Designator=R53 New Designator=R?
Change Component Designator: Old Designator=R54 New Designator=R?
Change Component Designator: Old Designator=R55 New Designator=R?
Change Component Designator: Old Designator=R56 New Designator=R?
Change Component Designator: Old Designator=R57 New Designator=R?
Change Component Designator: Old Designator=R58 New Designator=R?
Change Component Designator: Old Designator=R59 New Designator=R?
Change Component Designator: Old Designator=R60 New Designator=R?
Change Component Designator: Old Designator=R61 New Designator=R?
Change Component Designator: Old Designator=R62 New Designator=R?
Change Component Designator: Old Designator=R63 New Designator=R?
Change Component Designator: Old Designator=R64 New Designator=R?
Change Component Designator: Old Designator=R65 New Designator=R?
Change Component Designator: Old Designator=R66 New Designator=R?
Change Component Designator: Old Designator=R67 New Designator=R?
Change Component Designator: Old Designator=R68 New Designator=R?
Change Component Designator: Old Designator=R69 New Designator=R?
Change Component Designator: Old Designator=R70 New Designator=R?
Change Component Designator: Old Designator=R71 New Designator=R?
Change Component Designator: Old Designator=R72 New Designator=R?
Change Component Designator: Old Designator=R73 New Designator=R?
Change Component Designator: Old Designator=R74 New Designator=R?
Change Component Designator: Old Designator=R75 New Designator=R?
Change Component Designator: Old Designator=R78 New Designator=R?
Change Component Designator: Old Designator=R79 New Designator=R?
Change Component Designator: Old Designator=R80 New Designator=R?
Change Component Designator: Old Designator=R81 New Designator=R?
Change Component Designator: Old Designator=R82 New Designator=R?
Change Component Designator: Old Designator=R84 New Designator=R?
Change Component Designator: Old Designator=R88 New Designator=R?
Change Component Designator: Old Designator=R89 New Designator=R?
Change Component Designator: Old Designator=R90 New Designator=R?
Change Component Designator: Old Designator=R91 New Designator=R?
Change Component Designator: Old Designator=R92 New Designator=R?
Change Component Designator: Old Designator=R93 New Designator=R?
Change Component Designator: Old Designator=R94 New Designator=R?
Change Component Designator: Old Designator=R96 New Designator=R?
Change Component Designator: Old Designator=R97 New Designator=R?
Change Component Designator: Old Designator=R98 New Designator=R?
Change Component Designator: Old Designator=R99 New Designator=R?
Change Component Designator: Old Designator=R100 New Designator=R?
Change Component Designator: Old Designator=R101 New Designator=R?
Change Component Designator: Old Designator=RP1 New Designator=RP?
Change Component Designator: Old Designator=RP2 New Designator=RP?
Change Component Designator: Old Designator=RP3 New Designator=RP?
Change Component Designator: Old Designator=RP4 New Designator=RP?
Change Component Designator: Old Designator=RP6 New Designator=RP?
Change Component Designator: Old Designator=RP8 New Designator=RP?
Change Component Designator: Old Designator=RP9 New Designator=RP?
Change Component Designator: Old Designator=RP11 New Designator=RP?
Change Component Designator: Old Designator=TP1 New Designator=TP?
Change Component Designator: Old Designator=TP2 New Designator=TP?
Change Component Designator: Old Designator=TP3 New Designator=TP?
Change Component Designator: Old Designator=TP4 New Designator=TP?
Change Component Designator: Old Designator=TP5 New Designator=TP?
Change Component Designator: Old Designator=TP6 New Designator=TP?
Change Component Designator: Old Designator=TP7 New Designator=TP?
Change Component Designator: Old Designator=TP8 New Designator=TP?
Change Component Designator: Old Designator=TP9 New Designator=TP?
Change Component Designator: Old Designator=TP10 New Designator=TP?
Change Component Designator: Old Designator=TP11 New Designator=TP?
Change Component Designator: Old Designator=TP12 New Designator=TP?
Change Component Designator: Old Designator=TP13 New Designator=TP?
Change Component Designator: Old Designator=TP14 New Designator=TP?
Change Component Designator: Old Designator=TP15 New Designator=TP?
Change Component Designator: Old Designator=TP16 New Designator=TP?
Change Component Designator: Old Designator=TP17 New Designator=TP?
Change Component Designator: Old Designator=TP18 New Designator=TP?
Change Component Designator: Old Designator=TP19 New Designator=TP?
Change Component Designator: Old Designator=TP20 New Designator=TP?
Change Component Designator: Old Designator=TP21 New Designator=TP?
Change Component Designator: Old Designator=TP22 New Designator=TP?
Change Component Designator: Old Designator=TP23 New Designator=TP?
Change Component Designator: Old Designator=TP24 New Designator=TP?
Change Component Designator: Old Designator=TP25 New Designator=TP?
Change Component Designator: Old Designator=TP26 New Designator=TP?
Change Component Designator: Old Designator=TP27 New Designator=TP?
Change Component Designator: Old Designator=TP28 New Designator=TP?
Change Component Designator: Old Designator=TP29 New Designator=TP?
Change Component Designator: Old Designator=TP30 New Designator=TP?
Change Component Designator: Old Designator=TP31 New Designator=TP?
Change Component Designator: Old Designator=TP32 New Designator=TP?
Change Component Designator: Old Designator=TP33 New Designator=TP?
Change Component Designator: Old Designator=TP34 New Designator=TP?
Change Component Designator: Old Designator=TP35 New Designator=TP?
Change Component Designator: Old Designator=TP36 New Designator=TP?
Change Component Designator: Old Designator=TP37 New Designator=TP?
Change Component Designator: Old Designator=TP38 New Designator=TP?
Change Component Designator: Old Designator=TP39 New Designator=TP?
Change Component Designator: Old Designator=TP40 New Designator=TP?
Change Component Designator: Old Designator=TP41 New Designator=TP?
Change Component Designator: Old Designator=TP42 New Designator=TP?
Change Component Designator: Old Designator=TP43 New Designator=TP?
Change Component Designator: Old Designator=TP44 New Designator=TP?
Change Component Designator: Old Designator=TP45 New Designator=TP?
Change Component Designator: Old Designator=TP46 New Designator=TP?
Change Component Designator: Old Designator=TP47 New Designator=TP?
Change Component Designator: Old Designator=TP48 New Designator=TP?
Change Component Designator: Old Designator=TP49 New Designator=TP?
Change Component Designator: Old Designator=TP50 New Designator=TP?
Change Component Designator: Old Designator=TP51 New Designator=TP?
Change Component Designator: Old Designator=TP52 New Designator=TP?
Change Component Designator: Old Designator=TP53 New Designator=TP?
Change Component Designator: Old Designator=TP54 New Designator=TP?
Change Component Designator: Old Designator=TP55 New Designator=TP?
Change Component Designator: Old Designator=TP56 New Designator=TP?
Change Component Designator: Old Designator=TP57 New Designator=TP?
Change Component Designator: Old Designator=TP58 New Designator=TP?
Change Component Designator: Old Designator=TP59 New Designator=TP?
Change Component Designator: Old Designator=TP60 New Designator=TP?
Change Component Designator: Old Designator=TP61 New Designator=TP?
Change Component Designator: Old Designator=TP62 New Designator=TP?
Change Component Designator: Old Designator=TP63 New Designator=TP?
Change Component Designator: Old Designator=TP64 New Designator=TP?
Change Component Designator: Old Designator=TP65 New Designator=TP?
Change Component Designator: Old Designator=VT1 New Designator=VT?
Change Component Designator: Old Designator=VT2 New Designator=VT?
Change Component Designator: Old Designator=VT3 New Designator=VT?
Change Component Designator: Old Designator=VT4 New Designator=VT?
Change Component Designator: Old Designator=VT5 New Designator=VT?
Change Component Designator: Old Designator=VT6 New Designator=VT?
Change Component Designator: Old Designator=VT7 New Designator=VT?
Change Component Designator: Old Designator=VT8 New Designator=VT?
Change Component Designator: Old Designator=VT9 New Designator=VT?
Change Component Designator: Old Designator=VT10 New Designator=VT?
Change Component Designator: Old Designator=VT11 New Designator=VT?
Change Component Designator: Old Designator=VT12 New Designator=VT?
Change Component Designator: Old Designator=VT13 New Designator=VT?
Change Component Designator: Old Designator=VT14 New Designator=VT?
Change Component Designator: Old Designator=VT15 New Designator=VT?
Change Component Designator: Old Designator=VT16 New Designator=VT?
Change Component Designator: Old Designator=VT17 New Designator=VT?
Change Component Designator: Old Designator=VT18 New Designator=VT?
Change Component Designator: Old Designator=VT19 New Designator=VT?
Change Component Designator: Old Designator=VT20 New Designator=VT?
Change Component Designator: Old Designator=VT21 New Designator=VT?
Change Component Designator: Old Designator=VT22 New Designator=VT?
Change Component Designator: Old Designator=VT23 New Designator=VT?
Change Component Designator: Old Designator=VT24 New Designator=VT?
Change Component Designator: Old Designator=Z3 New Designator=Z?
