Added Component: Designator=Z2(BZX85C5V1(YJ))
Added Pin To Net: NetName=+5 Pin=Z2-1
Added Pin To Net: NetName=-5 Pin=Z2-2
Added Member To Class: ClassName=Giro_scope_2.0 Member=Component C5 0.1uF
Added Member To Class: ClassName=Giro_scope_2.0 Member=Component C6 EEE1HA101AP
Added Member To Class: ClassName=Giro_scope_2.0 Member=Component C13 0.1uF
Added Member To Class: ClassName=Giro_scope_2.0 Member=Component C14 0.1uF
Added Member To Class: ClassName=Giro_scope_2.0 Member=Component C15 EEE1HA101AP
Added Member To Class: ClassName=Giro_scope_2.0 Member=Component C17 100pF
Added Member To Class: ClassName=Giro_scope_2.0 Member=Component C19 100pF
Added Member To Class: ClassName=Giro_scope_2.0 Member=Component D2 LED2
Added Member To Class: ClassName=Giro_scope_2.0 Member=Component D3 LED2
Added Member To Class: ClassName=Giro_scope_2.0 Member=Component D5 LED2
Added Member To Class: ClassName=Giro_scope_2.0 Member=Component D8 LED2
Added Member To Class: ClassName=Giro_scope_2.0 Member=Component J3 691101710002
Added Member To Class: ClassName=Giro_scope_2.0 Member=Component J4 61300611121
Added Member To Class: ClassName=Giro_scope_2.0 Member=Component J9 61300611121
Added Member To Class: ClassName=Giro_scope_2.0 Member=Component J11 61300611121
Added Member To Class: ClassName=Giro_scope_2.0 Member=Component J12 61300611121
Added Member To Class: ClassName=Giro_scope_2.0 Member=Component J13 61300611121
Added Member To Class: ClassName=Giro_scope_2.0 Member=Component J15 61300611121
Added Member To Class: ClassName=Giro_scope_2.0 Member=Component J16 61300611121
Added Member To Class: ClassName=Giro_scope_2.0 Member=Component J18 61300611121
Added Member To Class: ClassName=Giro_scope_2.0 Member=Component J19 61300611121
Added Member To Class: ClassName=Giro_scope_2.0 Member=Component J20 691101710002
Added Member To Class: ClassName=Giro_scope_2.0 Member=Component J21 61300611121
Added Member To Class: ClassName=Giro_scope_2.0 Member=Component P1 61900311121
Added Member To Class: ClassName=Giro_scope_2.0 Member=Component P2 61900311121
Added Member To Class: ClassName=Giro_scope_2.0 Member=Component P3 61900311121
Added Member To Class: ClassName=Giro_scope_2.0 Member=Component P4 61900311121
Added Member To Class: ClassName=Giro_scope_2.0 Member=Component P6 61900311121
Added Member To Class: ClassName=Giro_scope_2.0 Member=Component R4 47k
Added Member To Class: ClassName=Giro_scope_2.0 Member=Component R6 47k
Added Member To Class: ClassName=Giro_scope_2.0 Member=Component R7 1k
Added Member To Class: ClassName=Giro_scope_2.0 Member=Component R9 150
Added Member To Class: ClassName=Giro_scope_2.0 Member=Component R17 10K
Added Member To Class: ClassName=Giro_scope_2.0 Member=Component R19 620
Added Member To Class: ClassName=Giro_scope_2.0 Member=Component R20 5.1k
Added Member To Class: ClassName=Giro_scope_2.0 Member=Component R21 3.3k
Added Member To Class: ClassName=Giro_scope_2.0 Member=Component R22 10K
Added Member To Class: ClassName=Giro_scope_2.0 Member=Component R24 10K
Added Member To Class: ClassName=Giro_scope_2.0 Member=Component R26 1k
Added Member To Class: ClassName=Giro_scope_2.0 Member=Component R27 1M
Added Member To Class: ClassName=Giro_scope_2.0 Member=Component R28 100k
Added Member To Class: ClassName=Giro_scope_2.0 Member=Component R29 100
Added Member To Class: ClassName=Giro_scope_2.0 Member=Component R30 47k
Added Member To Class: ClassName=Giro_scope_2.0 Member=Component R32 47k
Added Member To Class: ClassName=Giro_scope_2.0 Member=Component R34 620
Added Member To Class: ClassName=Giro_scope_2.0 Member=Component R36 47k
Added Member To Class: ClassName=Giro_scope_2.0 Member=Component R37 47k
Added Member To Class: ClassName=Giro_scope_2.0 Member=Component R38 1k
Added Member To Class: ClassName=Giro_scope_2.0 Member=Component R43 1M
Added Member To Class: ClassName=Giro_scope_2.0 Member=Component R45 1K
Added Member To Class: ClassName=Giro_scope_2.0 Member=Component R47 18K
Added Member To Class: ClassName=Giro_scope_2.0 Member=Component R48 1K
Added Member To Class: ClassName=Giro_scope_2.0 Member=Component R52 100k
Added Member To Class: ClassName=Giro_scope_2.0 Member=Component R53 1k
Added Member To Class: ClassName=Giro_scope_2.0 Member=Component R54 47k
Added Member To Class: ClassName=Giro_scope_2.0 Member=Component R55 100k
Added Member To Class: ClassName=Giro_scope_2.0 Member=Component R56 1M
Added Member To Class: ClassName=Giro_scope_2.0 Member=Component R57 47k
Added Member To Class: ClassName=Giro_scope_2.0 Member=Component R58 1K
Added Member To Class: ClassName=Giro_scope_2.0 Member=Component R59 18K
Added Member To Class: ClassName=Giro_scope_2.0 Member=Component R61 1K
Added Member To Class: ClassName=Giro_scope_2.0 Member=Component R62 3.3k
Added Member To Class: ClassName=Giro_scope_2.0 Member=Component R64 1M
Added Member To Class: ClassName=Giro_scope_2.0 Member=Component R65 47k
Added Member To Class: ClassName=Giro_scope_2.0 Member=Component R67 100k
Added Member To Class: ClassName=Giro_scope_2.0 Member=Component R68 1K
Added Member To Class: ClassName=Giro_scope_2.0 Member=Component R73 1K
Added Member To Class: ClassName=Giro_scope_2.0 Member=Component R75 1k
Added Member To Class: ClassName=Giro_scope_2.0 Member=Component R82 51k
Added Member To Class: ClassName=Giro_scope_2.0 Member=Component R84 51k
Added Member To Class: ClassName=Giro_scope_2.0 Member=Component R88 10k
Added Member To Class: ClassName=Giro_scope_2.0 Member=Component R89 10k
Added Member To Class: ClassName=Giro_scope_2.0 Member=Component R90 1M
Added Member To Class: ClassName=Giro_scope_2.0 Member=Component RP3 100
Added Member To Class: ClassName=Giro_scope_2.0 Member=Component RP4 10k
Added Member To Class: ClassName=Giro_scope_2.0 Member=Component RP6 10k
Added Member To Class: ClassName=Giro_scope_2.0 Member=Component TP3 Test_Point_PCB
Added Member To Class: ClassName=Giro_scope_2.0 Member=Component TP6 Test_Point_PCB
Added Member To Class: ClassName=Giro_scope_2.0 Member=Component TP7 Test_Point_PCB
Added Member To Class: ClassName=Giro_scope_2.0 Member=Component TP8 Test_Point_PCB
Added Member To Class: ClassName=Giro_scope_2.0 Member=Component TP9 Test_Point_PCB
Added Member To Class: ClassName=Giro_scope_2.0 Member=Component TP12 Test_Point_PCB
Added Member To Class: ClassName=Giro_scope_2.0 Member=Component TP13 Test_Point_PCB
Added Member To Class: ClassName=Giro_scope_2.0 Member=Component TP15 Test_Point_PCB
Added Member To Class: ClassName=Giro_scope_2.0 Member=Component TP16 Test_Point_PCB
Added Member To Class: ClassName=Giro_scope_2.0 Member=Component TP18 Test_Point_PCB
Added Member To Class: ClassName=Giro_scope_2.0 Member=Component TP20 Test_Point_PCB
Added Member To Class: ClassName=Giro_scope_2.0 Member=Component TP21 Test_Point_PCB
Added Member To Class: ClassName=Giro_scope_2.0 Member=Component TP22 Test_Point_PCB
Added Member To Class: ClassName=Giro_scope_2.0 Member=Component TP25 Test_Point_PCB
Added Member To Class: ClassName=Giro_scope_2.0 Member=Component TP26 Test_Point_PCB
Added Member To Class: ClassName=Giro_scope_2.0 Member=Component TP28 Test_Point_PCB
Added Member To Class: ClassName=Giro_scope_2.0 Member=Component TP29 Test_Point_PCB
Added Member To Class: ClassName=Giro_scope_2.0 Member=Component TP33 Test_Point_PCB
Added Member To Class: ClassName=Giro_scope_2.0 Member=Component TP35 Test_Point_PCB
Added Member To Class: ClassName=Giro_scope_2.0 Member=Component TP36 Test_Point_PCB
Added Member To Class: ClassName=Giro_scope_2.0 Member=Component TP38 Test_Point_PCB
Added Member To Class: ClassName=Giro_scope_2.0 Member=Component TP40 Test_Point_PCB
Added Member To Class: ClassName=Giro_scope_2.0 Member=Component TP42 Test_Point_PCB
Added Member To Class: ClassName=Giro_scope_2.0 Member=Component TP44 Test_Point_PCB
Added Member To Class: ClassName=Giro_scope_2.0 Member=Component TP45 Test_Point_PCB
Added Member To Class: ClassName=Giro_scope_2.0 Member=Component TP47 Test_Point_PCB
Added Member To Class: ClassName=Giro_scope_2.0 Member=Component TP49 Test_Point_PCB
Added Member To Class: ClassName=Giro_scope_2.0 Member=Component TP50 Test_Point_PCB
Added Member To Class: ClassName=Giro_scope_2.0 Member=Component TP51 Test_Point_PCB
Added Member To Class: ClassName=Giro_scope_2.0 Member=Component TP52 Test_Point_PCB
Added Member To Class: ClassName=Giro_scope_2.0 Member=Component TP53 Test_Point_PCB
Added Member To Class: ClassName=Giro_scope_2.0 Member=Component TP54 Test_Point_PCB
Added Member To Class: ClassName=Giro_scope_2.0 Member=Component TP55 Test_Point_PCB
Added Member To Class: ClassName=Giro_scope_2.0 Member=Component TP56 Test_Point_PCB
Added Member To Class: ClassName=Giro_scope_2.0 Member=Component TP59 Test_Point_PCB
Added Member To Class: ClassName=Giro_scope_2.0 Member=Component TP60 Test_Point_PCB
Added Member To Class: ClassName=Giro_scope_2.0 Member=Component TP61 Test_Point_PCB
Added Member To Class: ClassName=Giro_scope_2.0 Member=Component TP62 Test_Point_PCB
Added Member To Class: ClassName=Giro_scope_2.0 Member=Component TP65 Test_Point_PCB
Added Member To Class: ClassName=Giro_scope_2.0 Member=Component VT4 B772
Added Member To Class: ClassName=Giro_scope_2.0 Member=Component VT11 MMBT2907
Added Member To Class: ClassName=Giro_scope_2.0 Member=Component VT15 MMBT2907
Added Member To Class: ClassName=Giro_scope_2.0 Member=Component VT20 B772
Added Member To Class: ClassName=Giro_scope_2.0 Member=Component VT23 MMBT2907
Added Member To Class: ClassName=Giro_scope_2.0 Member=Component Z2 Zenner Diode 5v1
