Change Component Comment : Designator=R34 Old Comment=620 New Comment=100
Change Component Designator: OldDesignator=*? NewDesignator=*10
Change Component Designator: OldDesignator=*? NewDesignator=*11
Change Component Designator: OldDesignator=*? NewDesignator=*12
Change Component Designator: OldDesignator=*? NewDesignator=*13
Change Component Designator: OldDesignator=*? NewDesignator=*14
Change Component Description : Designator=R34 Old Description=620 New Description=100
Added Component: Designator=*4(JE)
Added Component: Designator=*5(JE)
Added Component: Designator=*6(JE)
Added Component: Designator=*7(JE)
Added Component: Designator=*8(JE)
Added Component: Designator=*9(JE)
Added Pin To Net: NetName=NetJ4_3 Pin=*4-1
Added Pin To Net: NetName=NetTP2_1 Pin=*4-2
Added Pin To Net: NetName=NetJ4_3 Pin=*5-2
Added Pin To Net: NetName=NetJ4_5 Pin=*6-1
Added Pin To Net: NetName=NetTP21_1 Pin=*7-1
Added Pin To Net: NetName=NetJ4_5 Pin=*7-2
Added Pin To Net: NetName=NetJ15_3 Pin=*8-1
Added Pin To Net: NetName=NetJ15_3 Pin=*9-1
Added Pin To Net: NetName=Net*?_2 Pin=*14-2
Added Pin To Net: NetName=Net*?_2 Pin=*-1
Change Net Name : Old Net Name=Net*?_1 New Net Name=Net*10_1
Change Net Name : Old Net Name=Net*?_1 New Net Name=Net*11_1
Change Net Name : Old Net Name=Net*?_1 New Net Name=Net*12_1
Change Net Name : Old Net Name=Net*?_1 New Net Name=Net*14_1
Change Net Name : Old Net Name=Net*?_2 New Net Name=Net*10_2
Change Net Name : Old Net Name=Net*?_2 New Net Name=Net*14_2
Change Net Name : Old Net Name=NetJ4_3 New Net Name=Net*4_1
Change Net Name : Old Net Name=NetJ4_5 New Net Name=Net*6_1
Change Net Name : Old Net Name=NetJ15_3 New Net Name=Net*8_1
Change Net Name : Old Net Name=NetTP2_1 New Net Name=Net*4_2
Change Net Name : Old Net Name=NetTP21_1 New Net Name=Net*7_1
Added Pin To Net: NetName=Net*5_1 Pin=*5-1
Added Pin To Net: NetName=Net*5_1 Pin=VT3-3
Added Pin To Net: NetName=Net*5_1 Pin=VT4-1
Added Net: Name=Net*5_1
Added Pin To Net: NetName=Net*6_2 Pin=*6-2
Added Pin To Net: NetName=Net*6_2 Pin=VT5-3
Added Pin To Net: NetName=Net*6_2 Pin=VT6-3
Added Net: Name=Net*6_2
Added Pin To Net: NetName=Net*8_2 Pin=*8-2
Added Pin To Net: NetName=Net*8_2 Pin=VT9-3
Added Pin To Net: NetName=Net*8_2 Pin=VT10-3
Added Net: Name=Net*8_2
Added Pin To Net: NetName=Net*9_2 Pin=*9-2
Added Pin To Net: NetName=Net*9_2 Pin=VT11-3
Added Pin To Net: NetName=Net*9_2 Pin=VT12-1
Added Net: Name=Net*9_2
Added Pin To Net: NetName=Net*12_2 Pin=*12-2
Added Pin To Net: NetName=Net*12_2 Pin=VT17-3
Added Pin To Net: NetName=Net*12_2 Pin=VT18-3
Added Net: Name=Net*12_2
Added Pin To Net: NetName=Net*13_1 Pin=*13-1
Added Pin To Net: NetName=Net*13_1 Pin=VT19-3
Added Pin To Net: NetName=Net*13_1 Pin=VT20-1
Added Net: Name=Net*13_1
Added Member To Class: ClassName=Giro_scope_2.0 Member=Component *4 JE
Added Member To Class: ClassName=Giro_scope_2.0 Member=Component *5 JE
Added Member To Class: ClassName=Giro_scope_2.0 Member=Component *6 JE
Added Member To Class: ClassName=Giro_scope_2.0 Member=Component *7 JE
Added Member To Class: ClassName=Giro_scope_2.0 Member=Component *8 JE
Added Member To Class: ClassName=Giro_scope_2.0 Member=Component *9 JE
Added Member To Class: ClassName=Giro_scope_2.0 Member=Component *10 JE
Added Member To Class: ClassName=Giro_scope_2.0 Member=Component *12 JE
Added Member To Class: ClassName=Giro_scope_2.0 Member=Component *13 JE
Added Member To Class: ClassName=Giro_scope_2.0 Member=Component *14 JE
