Removed Pin From Net: NetName=NetD2_2 Pin=D3-1
Removed Pin From Net: NetName=NetD4_2 Pin=D5-1
Removed Pin From Net: NetName=NetD7_2 Pin=D8-1
Removed Pin From Net: NetName=NetD2_2 Pin=R45-2
Removed Pin From Net: NetName=Net*1_8 Pin=R58-2
Removed Pin From Net: NetName=Net*1_5 Pin=R59-2
Removed Pin From Net: NetName=NetR45_1 Pin=R60-1
Removed Pin From Net: NetName=NetD4_2 Pin=R60-2
Removed Pin From Net: NetName=Net*1_8 Pin=R71-2
Removed Pin From Net: NetName=Net*1_5 Pin=R72-2
Removed Pin From Net: NetName=NetR45_1 Pin=R73-1
Removed Pin From Net: NetName=NetD7_2 Pin=R73-2
Added Component: Designator=R89(Vishay_CRCW0805-e3_IPC_A)
Add component (AddParameter): Name = "10k"; Value = ""; VariantName = "[No Variations]"
Added Component: Designator=R90(Vishay_CRCW0805-e3_IPC_A)
Add component (AddParameter): Name = "10k"; Value = ""; VariantName = "[No Variations]"
Added Component: Designator=R91(Vishay_CRCW0805-e3_IPC_A)
Add component (AddParameter): Name = "10k"; Value = ""; VariantName = "[No Variations]"
Added Component: Designator=R92(Vishay_CRCW0805-e3_IPC_A)
Add component (AddParameter): Name = "10k"; Value = ""; VariantName = "[No Variations]"
Added Component: Designator=R93(Vishay_CRCW0805-e3_IPC_A)
Add component (AddParameter): Name = "10k"; Value = ""; VariantName = "[No Variations]"
Added Component: Designator=R94(Vishay_CRCW0805-e3_IPC_A)
Add component (AddParameter): Name = "10k"; Value = ""; VariantName = "[No Variations]"
Added Component: Designator=VT3(PCBComponent_1)
Added Component: Designator=VT8(PCBComponent_1)
Added Component: Designator=VT11(PCBComponent_1)
Added Component: Designator=VT15(PCBComponent_1)
Added Component: Designator=VT19(PCBComponent_1)
Added Component: Designator=VT23(PCBComponent_1)
Added Pin To Net: NetName=Net*2_8 Pin=R58-2
Added Pin To Net: NetName=Net*2_5 Pin=R59-2
Added Pin To Net: NetName=NetR27_2 Pin=R60-1
Added Pin To Net: NetName=Net*3_8 Pin=R71-2
Added Pin To Net: NetName=NetR35_1 Pin=R72-2
Added Pin To Net: NetName=NetR30_2 Pin=R73-1
Added Pin To Net: NetName=NetD2_2 Pin=R89-1
Added Pin To Net: NetName=NetD4_2 Pin=R91-1
Added Pin To Net: NetName=NetD7_2 Pin=R93-1
Added Pin To Net: NetName=NetVT3_1 Pin=VT3-1
Added Pin To Net: NetName=GND_1 Pin=VT3-2
Added Pin To Net: NetName=GND_1 Pin=VT3-2
Added Pin To Net: NetName=NetJ2_1 Pin=VT3-3
Added Pin To Net: NetName=NetVT7_3 Pin=VT8-1
Added Pin To Net: NetName=GND_1 Pin=VT8-2
Added Pin To Net: NetName=GND_1 Pin=VT8-2
Added Pin To Net: NetName=NetJ2_2 Pin=VT8-3
Added Pin To Net: NetName=NetVT11_1 Pin=VT11-1
Added Pin To Net: NetName=GND_2 Pin=VT11-2
Added Pin To Net: NetName=GND_2 Pin=VT11-2
Added Pin To Net: NetName=NetJ9_1 Pin=VT11-3
Added Pin To Net: NetName=NetVT15_1 Pin=VT15-1
Added Pin To Net: NetName=GND_2 Pin=VT15-2
Added Pin To Net: NetName=GND_2 Pin=VT15-2
Added Pin To Net: NetName=NetJ9_2 Pin=VT15-3
Added Pin To Net: NetName=NetVT19_1 Pin=VT19-1
Added Pin To Net: NetName=GND_3 Pin=VT19-2
Added Pin To Net: NetName=GND_3 Pin=VT19-2
Added Pin To Net: NetName=NetJ14_1 Pin=VT19-3
Added Pin To Net: NetName=NetVT23_1 Pin=VT23-1
Added Pin To Net: NetName=GND_3 Pin=VT23-2
Added Pin To Net: NetName=GND_3 Pin=VT23-2
Added Pin To Net: NetName=NetJ14_2 Pin=VT23-3
Added Pin To Net: NetName=NetD3_1 Pin=D3-1
Added Pin To Net: NetName=NetD3_1 Pin=R90-1
Added Net: Name=NetD3_1
Added Pin To Net: NetName=NetD5_1 Pin=D5-1
Added Pin To Net: NetName=NetD5_1 Pin=R92-1
Added Net: Name=NetD5_1
Added Pin To Net: NetName=NetD8_1 Pin=D8-1
Added Pin To Net: NetName=NetD8_1 Pin=R94-1
Added Net: Name=NetD8_1
Added Pin To Net: NetName=NetR45_2 Pin=R45-2
Added Pin To Net: NetName=NetR45_2 Pin=R89-2
Added Pin To Net: NetName=NetR45_2 Pin=R90-2
Added Net: Name=NetR45_2
Added Pin To Net: NetName=NetR60_2 Pin=R60-2
Added Pin To Net: NetName=NetR60_2 Pin=R91-2
Added Pin To Net: NetName=NetR60_2 Pin=R92-2
Added Net: Name=NetR60_2
Added Pin To Net: NetName=NetR73_2 Pin=R73-2
Added Pin To Net: NetName=NetR73_2 Pin=R93-2
Added Pin To Net: NetName=NetR73_2 Pin=R94-2
Added Net: Name=NetR73_2
Added Member To Class: ClassName=Giro_scope_2.0 Member=Component *1 LM324AD_SOIC14
Added Member To Class: ClassName=Giro_scope_2.0 Member=Component *2 LM324AD_SOIC14
Added Member To Class: ClassName=Giro_scope_2.0 Member=Component *3 LM324AD_SOIC14
Added Member To Class: ClassName=Giro_scope_2.0 Member=Component R89 1K
Added Member To Class: ClassName=Giro_scope_2.0 Member=Component R90 1K
Added Member To Class: ClassName=Giro_scope_2.0 Member=Component R91 1K
Added Member To Class: ClassName=Giro_scope_2.0 Member=Component R92 1K
Added Member To Class: ClassName=Giro_scope_2.0 Member=Component R93 1K
Added Member To Class: ClassName=Giro_scope_2.0 Member=Component R94 1K
Added Member To Class: ClassName=Giro_scope_2.0 Member=Component VT3 B772
Added Member To Class: ClassName=Giro_scope_2.0 Member=Component VT8 B772
Added Member To Class: ClassName=Giro_scope_2.0 Member=Component VT11 B772
Added Member To Class: ClassName=Giro_scope_2.0 Member=Component VT15 B772
Added Member To Class: ClassName=Giro_scope_2.0 Member=Component VT19 B772
Added Member To Class: ClassName=Giro_scope_2.0 Member=Component VT23 B772
