Added Component: Designator=*1(D14-M)
Added Component: Designator=*2(D14-M)
Added Component: Designator=*3(D14-M)
Added Component: Designator=C1(KEMET_C0805C-DN_IPC_C)
Added Component: Designator=C2(KEMET_C0805C-DN_IPC_A)
Added Component: Designator=C3(KEMET_C0805C-DN_IPC_C)
Added Component: Designator=C5(KEMET_C0805C-DN_IPC_C)
Added Component: Designator=C7(KEMET_C0805C-DN_IPC_A)
Added Component: Designator=C9(KEMET_C0805C-DN_IPC_A)
Added Component: Designator=CR1(DO-201AD_STM)
Add component (AddParameter): Name = "Copyright"; Value = "Copyright (C) 2022 Ultra Librarian. All rights reserved."; VariantName = "[No Variations]"
Add component (AddParameter): Name = "Manufacturer_Part_Number"; Value = "1N5822RL"; VariantName = "[No Variations]"
Add component (AddParameter): Name = "Mfr_Name"; Value = "STMicroelectronics"; VariantName = "[No Variations]"
Add component (AddParameter): Name = "RefDes"; Value = "RefDes"; VariantName = "[No Variations]"
Add component (AddParameter): Name = "Type"; Value = "DEV"; VariantName = "[No Variations]"
Added Component: Designator=CR2(DO-201AD_STM)
Add component (AddParameter): Name = "Copyright"; Value = "Copyright (C) 2022 Ultra Librarian. All rights reserved."; VariantName = "[No Variations]"
Add component (AddParameter): Name = "Manufacturer_Part_Number"; Value = "1N5822RL"; VariantName = "[No Variations]"
Add component (AddParameter): Name = "Mfr_Name"; Value = "STMicroelectronics"; VariantName = "[No Variations]"
Add component (AddParameter): Name = "RefDes"; Value = "RefDes"; VariantName = "[No Variations]"
Add component (AddParameter): Name = "Type"; Value = "DEV"; VariantName = "[No Variations]"
Added Component: Designator=CR3(DO-201AD_STM)
Add component (AddParameter): Name = "Copyright"; Value = "Copyright (C) 2022 Ultra Librarian. All rights reserved."; VariantName = "[No Variations]"
Add component (AddParameter): Name = "Manufacturer_Part_Number"; Value = "1N5822RL"; VariantName = "[No Variations]"
Add component (AddParameter): Name = "Mfr_Name"; Value = "STMicroelectronics"; VariantName = "[No Variations]"
Add component (AddParameter): Name = "RefDes"; Value = "RefDes"; VariantName = "[No Variations]"
Add component (AddParameter): Name = "Type"; Value = "DEV"; VariantName = "[No Variations]"
Added Component: Designator=D1(Wurth_Electronics_0_MFG)
Add component (AddParameter): Name = "LatestRevisionDate"; Value = "17-Jul-2002"; VariantName = "[No Variations]"
Add component (AddParameter): Name = "LatestRevisionNote"; Value = "Re-released for DXP Platform."; VariantName = "[No Variations]"
Add component (AddParameter): Name = "PackageDescription"; Value = "SM LED; 2 Flat Leads"; VariantName = "[No Variations]"
Add component (AddParameter): Name = "PackageReference"; Value = "3.2X1.6X1.1"; VariantName = "[No Variations]"
Add component (AddParameter): Name = "PackageVersion"; Value = "Feb-2002"; VariantName = "[No Variations]"
Add component (AddParameter): Name = "Published"; Value = "8-Jun-2000"; VariantName = "[No Variations]"
Add component (AddParameter): Name = "Publisher"; Value = "Altium Limited"; VariantName = "[No Variations]"
Added Component: Designator=D2(Wurth_Electronics_0_MFG)
Add component (AddParameter): Name = "LatestRevisionDate"; Value = "17-Jul-2002"; VariantName = "[No Variations]"
Add component (AddParameter): Name = "LatestRevisionNote"; Value = "Re-released for DXP Platform."; VariantName = "[No Variations]"
Add component (AddParameter): Name = "PackageDescription"; Value = "SM LED; 2 Flat Leads"; VariantName = "[No Variations]"
Add component (AddParameter): Name = "PackageReference"; Value = "3.2X1.6X1.1"; VariantName = "[No Variations]"
Add component (AddParameter): Name = "PackageVersion"; Value = "Feb-2002"; VariantName = "[No Variations]"
Add component (AddParameter): Name = "Published"; Value = "8-Jun-2000"; VariantName = "[No Variations]"
Add component (AddParameter): Name = "Publisher"; Value = "Altium Limited"; VariantName = "[No Variations]"
Added Component: Designator=D3(Wurth_Electronics_0_MFG)
Add component (AddParameter): Name = "LatestRevisionDate"; Value = "17-Jul-2002"; VariantName = "[No Variations]"
Add component (AddParameter): Name = "LatestRevisionNote"; Value = "Re-released for DXP Platform."; VariantName = "[No Variations]"
Add component (AddParameter): Name = "PackageDescription"; Value = "SM LED; 2 Flat Leads"; VariantName = "[No Variations]"
Add component (AddParameter): Name = "PackageReference"; Value = "3.2X1.6X1.1"; VariantName = "[No Variations]"
Add component (AddParameter): Name = "PackageVersion"; Value = "Feb-2002"; VariantName = "[No Variations]"
Add component (AddParameter): Name = "Published"; Value = "8-Jun-2000"; VariantName = "[No Variations]"
Add component (AddParameter): Name = "Publisher"; Value = "Altium Limited"; VariantName = "[No Variations]"
Added Component: Designator=R1(Vishay_CRCW0805-e3_IPC_B)
Add component (AddParameter): Name = "10k"; Value = ""; VariantName = "[No Variations]"
Added Component: Designator=R2(Vishay_CRCW0805-e3_IPC_A)
Add component (AddParameter): Name = "100k"; Value = ""; VariantName = "[No Variations]"
Added Component: Designator=R3(Vishay_CRCW0805-e3_IPC_A)
Add component (AddParameter): Name = "10k"; Value = ""; VariantName = "[No Variations]"
Added Component: Designator=R4(Vishay_CRCW0805-e3_IPC_A)
Add component (AddParameter): Name = "10k"; Value = ""; VariantName = "[No Variations]"
Added Component: Designator=R5(Vishay_CRCW0805-e3_IPC_A)
Add component (AddParameter): Name = "10k"; Value = ""; VariantName = "[No Variations]"
Added Component: Designator=R6(Vishay_CRCW0805-e3_IPC_B)
Add component (AddParameter): Name = "10k"; Value = ""; VariantName = "[No Variations]"
Added Component: Designator=R7(Vishay_CRCW0805-e3_IPC_A)
Add component (AddParameter): Name = "10k"; Value = ""; VariantName = "[No Variations]"
Added Component: Designator=R8(Vishay_CRCW0805-e3_IPC_A)
Add component (AddParameter): Name = "10k"; Value = ""; VariantName = "[No Variations]"
Added Component: Designator=R9(Vishay_CRCW0805-e3_IPC_B)
Add component (AddParameter): Name = "10k"; Value = ""; VariantName = "[No Variations]"
Added Component: Designator=R10(Vishay_CRCW0805-e3_IPC_A)
Add component (AddParameter): Name = "10k"; Value = ""; VariantName = "[No Variations]"
Added Component: Designator=R11(Vishay_CRCW0805-e3_IPC_A)
Add component (AddParameter): Name = "10k"; Value = ""; VariantName = "[No Variations]"
Added Component: Designator=R12(Vishay_CRCW0805-e3_IPC_A)
Add component (AddParameter): Name = "10k"; Value = ""; VariantName = "[No Variations]"
Added Component: Designator=R13(Vishay_CRCW0805-e3_IPC_A)
Add component (AddParameter): Name = "10k"; Value = ""; VariantName = "[No Variations]"
Added Component: Designator=R14(Vishay_CRCW0805-e3_IPC_A)
Add component (AddParameter): Name = "10k"; Value = ""; VariantName = "[No Variations]"
Added Component: Designator=R15(Vishay_CRCW0805-e3_IPC_A)
Add component (AddParameter): Name = "10k"; Value = ""; VariantName = "[No Variations]"
Added Component: Designator=R16(Vishay_CRCW0805-e3_IPC_A)
Add component (AddParameter): Name = "10k"; Value = ""; VariantName = "[No Variations]"
Added Component: Designator=R17(Vishay_CRCW0805-e3_IPC_A)
Add component (AddParameter): Name = "10k"; Value = ""; VariantName = "[No Variations]"
Added Component: Designator=R18(Vishay_CRCW0805-e3_IPC_A)
Add component (AddParameter): Name = "10k"; Value = ""; VariantName = "[No Variations]"
Added Component: Designator=R19(Vishay_CRCW0805-e3_IPC_A)
Add component (AddParameter): Name = "10k"; Value = ""; VariantName = "[No Variations]"
Added Component: Designator=R20(Vishay_CRCW0805-e3_IPC_A)
Add component (AddParameter): Name = "10k"; Value = ""; VariantName = "[No Variations]"
Added Component: Designator=R21(Vishay_CRCW0805-e3_IPC_A)
Add component (AddParameter): Name = "100k"; Value = ""; VariantName = "[No Variations]"
Added Component: Designator=R22(Vishay_CRCW0805-e3_IPC_A)
Add component (AddParameter): Name = "10k"; Value = ""; VariantName = "[No Variations]"
Added Component: Designator=R23(Vishay_CRCW0805-e3_IPC_A)
Add component (AddParameter): Name = "10k"; Value = ""; VariantName = "[No Variations]"
Added Component: Designator=R24(Vishay_CRCW0805-e3_IPC_A)
Add component (AddParameter): Name = "10k"; Value = ""; VariantName = "[No Variations]"
Added Component: Designator=R25(Vishay_CRCW0805-e3_IPC_A)
Add component (AddParameter): Name = "10k"; Value = ""; VariantName = "[No Variations]"
Added Component: Designator=R26(Vishay_CRCW0805-e3_IPC_A)
Add component (AddParameter): Name = "10k"; Value = ""; VariantName = "[No Variations]"
Added Component: Designator=R27(Vishay_CRCW0805-e3_IPC_A)
Add component (AddParameter): Name = "10k"; Value = ""; VariantName = "[No Variations]"
Added Component: Designator=R28(Vishay_CRCW0805-e3_IPC_A)
Add component (AddParameter): Name = "10k"; Value = ""; VariantName = "[No Variations]"
Added Component: Designator=R29(Vishay_CRCW0805-e3_IPC_A)
Add component (AddParameter): Name = "10k"; Value = ""; VariantName = "[No Variations]"
Added Component: Designator=R30(Vishay_CRCW0805-e3_IPC_A)
Add component (AddParameter): Name = "10k"; Value = ""; VariantName = "[No Variations]"
Added Component: Designator=R31(Vishay_CRCW0805-e3_IPC_A)
Add component (AddParameter): Name = "10k"; Value = ""; VariantName = "[No Variations]"
Added Component: Designator=R32(Vishay_CRCW0805-e3_IPC_A)
Add component (AddParameter): Name = "10k"; Value = ""; VariantName = "[No Variations]"
Added Component: Designator=R33(Vishay_CRCW0805-e3_IPC_A)
Add component (AddParameter): Name = "10k"; Value = ""; VariantName = "[No Variations]"
Added Component: Designator=R34(Vishay_CRCW0805-e3_IPC_A)
Add component (AddParameter): Name = "10k"; Value = ""; VariantName = "[No Variations]"
Added Component: Designator=R35(Vishay_CRCW0805-e3_IPC_A)
Add component (AddParameter): Name = "10k"; Value = ""; VariantName = "[No Variations]"
Added Component: Designator=R36(Vishay_CRCW0805-e3_IPC_A)
Add component (AddParameter): Name = "10k"; Value = ""; VariantName = "[No Variations]"
Added Component: Designator=R37(Vishay_CRCW0805-e3_IPC_A)
Add component (AddParameter): Name = "10k"; Value = ""; VariantName = "[No Variations]"
Added Component: Designator=R38(Vishay_CRCW0805-e3_IPC_A)
Add component (AddParameter): Name = "10k"; Value = ""; VariantName = "[No Variations]"
Added Component: Designator=R39(Vishay_CRCW0805-e3_IPC_A)
Add component (AddParameter): Name = "10k"; Value = ""; VariantName = "[No Variations]"
Added Component: Designator=R40(Vishay_CRCW0805-e3_IPC_A)
Add component (AddParameter): Name = "10k"; Value = ""; VariantName = "[No Variations]"
Added Component: Designator=R41(Vishay_CRCW0805-e3_IPC_A)
Add component (AddParameter): Name = "10k"; Value = ""; VariantName = "[No Variations]"
Added Component: Designator=R42(Vishay_CRCW0805-e3_IPC_A)
Add component (AddParameter): Name = "10k"; Value = ""; VariantName = "[No Variations]"
Added Component: Designator=R43(Vishay_CRCW0805-e3_IPC_A)
Add component (AddParameter): Name = "10k"; Value = ""; VariantName = "[No Variations]"
Added Component: Designator=R44(Vishay_CRCW0805-e3_IPC_A)
Add component (AddParameter): Name = "10k"; Value = ""; VariantName = "[No Variations]"
Added Component: Designator=R45(Vishay_CRCW0805-e3_IPC_A)
Add component (AddParameter): Name = "10k"; Value = ""; VariantName = "[No Variations]"
Added Component: Designator=R46(Vishay_CRCW0805-e3_IPC_A)
Add component (AddParameter): Name = "100k"; Value = ""; VariantName = "[No Variations]"
Added Component: Designator=R47(Vishay_CRCW0805-e3_IPC_A)
Add component (AddParameter): Name = "10k"; Value = ""; VariantName = "[No Variations]"
Added Component: Designator=R48(Vishay_CRCW0805-e3_IPC_A)
Add component (AddParameter): Name = "10k"; Value = ""; VariantName = "[No Variations]"
Added Component: Designator=R49(Vishay_CRCW0805-e3_IPC_A)
Add component (AddParameter): Name = "10k"; Value = ""; VariantName = "[No Variations]"
Added Component: Designator=R50(Vishay_CRCW0805-e3_IPC_A)
Add component (AddParameter): Name = "10k"; Value = ""; VariantName = "[No Variations]"
Added Component: Designator=R51(Vishay_CRCW0805-e3_IPC_A)
Add component (AddParameter): Name = "10k"; Value = ""; VariantName = "[No Variations]"
Added Component: Designator=R52(Vishay_CRCW0805-e3_IPC_A)
Add component (AddParameter): Name = "10k"; Value = ""; VariantName = "[No Variations]"
Added Component: Designator=R53(Vishay_CRCW0805-e3_IPC_A)
Add component (AddParameter): Name = "10k"; Value = ""; VariantName = "[No Variations]"
Added Component: Designator=R54(Vishay_CRCW0805-e3_IPC_A)
Add component (AddParameter): Name = "10k"; Value = ""; VariantName = "[No Variations]"
Added Component: Designator=R55(Vishay_CRCW0805-e3_IPC_A)
Add component (AddParameter): Name = "10k"; Value = ""; VariantName = "[No Variations]"
Added Component: Designator=R56(Vishay_CRCW0805-e3_IPC_A)
Add component (AddParameter): Name = "10k"; Value = ""; VariantName = "[No Variations]"
Added Component: Designator=R57(Vishay_CRCW0805-e3_IPC_A)
Add component (AddParameter): Name = "10k"; Value = ""; VariantName = "[No Variations]"
Added Component: Designator=R58(Vishay_CRCW0805-e3_IPC_A)
Add component (AddParameter): Name = "10k"; Value = ""; VariantName = "[No Variations]"
Added Component: Designator=R59(Vishay_CRCW0805-e3_IPC_A)
Add component (AddParameter): Name = "10k"; Value = ""; VariantName = "[No Variations]"
Added Component: Designator=R60(Vishay_CRCW0805-e3_IPC_A)
Add component (AddParameter): Name = "10k"; Value = ""; VariantName = "[No Variations]"
Added Component: Designator=R61(Vishay_CRCW0805-e3_IPC_A)
Add component (AddParameter): Name = "10k"; Value = ""; VariantName = "[No Variations]"
Added Component: Designator=R62(Vishay_CRCW0805-e3_IPC_A)
Add component (AddParameter): Name = "10k"; Value = ""; VariantName = "[No Variations]"
Added Component: Designator=R63(Vishay_CRCW0805-e3_IPC_A)
Add component (AddParameter): Name = "10k"; Value = ""; VariantName = "[No Variations]"
Added Component: Designator=R64(Vishay_CRCW0805-e3_IPC_A)
Add component (AddParameter): Name = "10k"; Value = ""; VariantName = "[No Variations]"
Added Component: Designator=R65(Vishay_CRCW0805-e3_IPC_A)
Add component (AddParameter): Name = "10k"; Value = ""; VariantName = "[No Variations]"
Added Component: Designator=RP1(Bourns_3296W_MFG)
Added Component: Designator=RP2(Bourns_3296W_MFG)
Added Component: Designator=RP3(Bourns_3296W_MFG)
Added Component: Designator=RP4(Bourns_3296W_MFG)
Added Component: Designator=RP5(Bourns_3296W_MFG)
Added Component: Designator=RP6(Bourns_3296W_MFG)
Added Component: Designator=RP7(Bourns_3296W_MFG)
Added Component: Designator=RP8(Bourns_3296W_MFG)
Added Component: Designator=RP9(Bourns_3296W_MFG)
Added Component: Designator=RP10(Bourns_3296W_MFG)
Added Component: Designator=TP1(Test_Point)
Added Component: Designator=TP2(Test_Point)
Added Component: Designator=TP3(Test_Point)
Added Component: Designator=TP4(Test_Point)
Added Component: Designator=TP5(Test_Point)
Added Component: Designator=TP6(Test_Point)
Added Component: Designator=TP7(Test_Point)
Added Component: Designator=TP8(Test_Point)
Added Component: Designator=TP9(Test_Point)
Added Component: Designator=TP10(Test_Point)
Added Component: Designator=TP11(Test_Point)
Added Component: Designator=TP12(Test_Point)
Added Component: Designator=TP13(Test_Point)
Added Component: Designator=TP14(Test_Point)
Added Component: Designator=TP15(Test_Point)
Added Component: Designator=TP16(Test_Point)
Added Component: Designator=TP17(Test_Point)
Added Component: Designator=TP18(Test_Point)
Added Component: Designator=TP19(Test_Point)
Added Component: Designator=TP20(Test_Point)
Added Component: Designator=TP21(Test_Point)
Added Component: Designator=TP22(Test_Point)
Added Component: Designator=TP23(Test_Point)
Added Component: Designator=TP24(Test_Point)
Added Component: Designator=TP25(Test_Point)
Added Component: Designator=TP26(Test_Point)
Added Component: Designator=TP27(Test_Point)
Added Component: Designator=TP28(Test_Point)
Added Component: Designator=TP29(Test_Point)
Added Component: Designator=TP30(Test_Point)
Added Component: Designator=TP31(Test_Point)
Added Component: Designator=TP32(Test_Point)
Added Component: Designator=TP33(Test_Point)
Added Component: Designator=TP34(Test_Point)
Added Component: Designator=TP35(Test_Point)
Added Component: Designator=TP36(Test_Point)
Added Component: Designator=TP37(Test_Point)
Added Component: Designator=TP38(Test_Point)
Added Component: Designator=TP39(Test_Point)
Added Component: Designator=TP40(Test_Point)
Added Component: Designator=TP41(Test_Point)
Added Component: Designator=U1(Nexperia_TL431AQDBZR,215_0)
Add component (AddParameter): Name = "ComponentLink1Description"; Value = "Upverter"; VariantName = "[No Variations]"
Add component (AddParameter): Name = "ComponentLink1URL"; Value = "https://upverter.com/upn/revision/897efb4cb52176e6/"; VariantName = "[No Variations]"
Add component (AddParameter): Name = "ComponentLink2Description"; Value = "Datasheet"; VariantName = "[No Variations]"
Add component (AddParameter): Name = "ComponentLink2URL"; Value = "http://assets.nexperia.com/documents/data-sheet/TL431_FAM.pdf"; VariantName = "[No Variations]"
Add component (AddParameter): Name = "Current - Cathode"; Value = "600µA"; VariantName = "[No Variations]"
Add component (AddParameter): Name = "Current - Output"; Value = "100mA"; VariantName = "[No Variations]"
Add component (AddParameter): Name = "Digikey Description"; Value = "IC VREF SHUNT ADJ SOT23-3"; VariantName = "[No Variations]"
Add component (AddParameter): Name = "Digikey Part Number"; Value = "1727-4259-1-ND"; VariantName = "[No Variations]"
Add component (AddParameter): Name = "helpURL"; Value = "https://upverter.com/upn/revision/897efb4cb52176e6/"; VariantName = "[No Variations]"
Add component (AddParameter): Name = "Lead Free"; Value = "yes"; VariantName = "[No Variations]"
Add component (AddParameter): Name = "Manufacturer"; Value = "Nexperia"; VariantName = "[No Variations]"
Add component (AddParameter): Name = "Mounting Type"; Value = "Surface Mount"; VariantName = "[No Variations]"
Add component (AddParameter): Name = "Mouser Part Number"; Value = "771-TL431AQDBZR215"; VariantName = "[No Variations]"
Add component (AddParameter): Name = "Number of Channels"; Value = "1"; VariantName = "[No Variations]"
Add component (AddParameter): Name = "Operating Temperature"; Value = "-40°C ~ 125°C"; VariantName = "[No Variations]"
Add component (AddParameter): Name = "Other Names"; Value = "568-4890-6"; VariantName = "[No Variations]"
Add component (AddParameter): Name = "Package"; Value = "TO-236-3, SC-59, SOT-23-3"; VariantName = "[No Variations]"
Add component (AddParameter): Name = "Packaging"; Value = "Digi-Reel®"; VariantName = "[No Variations]"
Add component (AddParameter): Name = "Part Number"; Value = "TL431AQDBZR,215"; VariantName = "[No Variations]"
Add component (AddParameter): Name = "Price"; Value = "0.155797334872"; VariantName = "[No Variations]"
Add component (AddParameter): Name = "Reference Type"; Value = "Shunt, Adjustable, Precision"; VariantName = "[No Variations]"
Add component (AddParameter): Name = "RoHS"; Value = "TRUE"; VariantName = "[No Variations]"
Add component (AddParameter): Name = "Standard Package"; Value = "1"; VariantName = "[No Variations]"
Add component (AddParameter): Name = "Supplier 1"; Value = "Digi-Key"; VariantName = "[No Variations]"
Add component (AddParameter): Name = "Supplier 2"; Value = "Mouser"; VariantName = "[No Variations]"
Add component (AddParameter): Name = "Supplier Part Number 1"; Value = "1727-4259-1-ND"; VariantName = "[No Variations]"
Add component (AddParameter): Name = "Supplier Part Number 2"; Value = "771-TL431AQDBZR215"; VariantName = "[No Variations]"
Add component (AddParameter): Name = "Temperature"; Value = "-40°C to +125°C"; VariantName = "[No Variations]"
Add component (AddParameter): Name = "Temperature Range High"; Value = "+125°C"; VariantName = "[No Variations]"
Add component (AddParameter): Name = "Temperature Range Low"; Value = "-40°C"; VariantName = "[No Variations]"
Add component (AddParameter): Name = "Tolerance"; Value = "±1%"; VariantName = "[No Variations]"
Add component (AddParameter): Name = "Voltage - Input"; Value = "2.495 V ~ 36 V"; VariantName = "[No Variations]"
Add component (AddParameter): Name = "Voltage - Output"; Value = "2.495 V ~ 36 V"; VariantName = "[No Variations]"
Added Component: Designator=U3(Nexperia_TL431AQDBZR,215_0)
Add component (AddParameter): Name = "ComponentLink1Description"; Value = "Upverter"; VariantName = "[No Variations]"
Add component (AddParameter): Name = "ComponentLink1URL"; Value = "https://upverter.com/upn/revision/897efb4cb52176e6/"; VariantName = "[No Variations]"
Add component (AddParameter): Name = "ComponentLink2Description"; Value = "Datasheet"; VariantName = "[No Variations]"
Add component (AddParameter): Name = "ComponentLink2URL"; Value = "http://assets.nexperia.com/documents/data-sheet/TL431_FAM.pdf"; VariantName = "[No Variations]"
Add component (AddParameter): Name = "Current - Cathode"; Value = "600µA"; VariantName = "[No Variations]"
Add component (AddParameter): Name = "Current - Output"; Value = "100mA"; VariantName = "[No Variations]"
Add component (AddParameter): Name = "Digikey Description"; Value = "IC VREF SHUNT ADJ SOT23-3"; VariantName = "[No Variations]"
Add component (AddParameter): Name = "Digikey Part Number"; Value = "1727-4259-1-ND"; VariantName = "[No Variations]"
Add component (AddParameter): Name = "helpURL"; Value = "https://upverter.com/upn/revision/897efb4cb52176e6/"; VariantName = "[No Variations]"
Add component (AddParameter): Name = "Lead Free"; Value = "yes"; VariantName = "[No Variations]"
Add component (AddParameter): Name = "Manufacturer"; Value = "Nexperia"; VariantName = "[No Variations]"
Add component (AddParameter): Name = "Mounting Type"; Value = "Surface Mount"; VariantName = "[No Variations]"
Add component (AddParameter): Name = "Mouser Part Number"; Value = "771-TL431AQDBZR215"; VariantName = "[No Variations]"
Add component (AddParameter): Name = "Number of Channels"; Value = "1"; VariantName = "[No Variations]"
Add component (AddParameter): Name = "Operating Temperature"; Value = "-40°C ~ 125°C"; VariantName = "[No Variations]"
Add component (AddParameter): Name = "Other Names"; Value = "568-4890-6"; VariantName = "[No Variations]"
Add component (AddParameter): Name = "Package"; Value = "TO-236-3, SC-59, SOT-23-3"; VariantName = "[No Variations]"
Add component (AddParameter): Name = "Packaging"; Value = "Digi-Reel®"; VariantName = "[No Variations]"
Add component (AddParameter): Name = "Part Number"; Value = "TL431AQDBZR,215"; VariantName = "[No Variations]"
Add component (AddParameter): Name = "Price"; Value = "0.155797334872"; VariantName = "[No Variations]"
Add component (AddParameter): Name = "Reference Type"; Value = "Shunt, Adjustable, Precision"; VariantName = "[No Variations]"
Add component (AddParameter): Name = "RoHS"; Value = "TRUE"; VariantName = "[No Variations]"
Add component (AddParameter): Name = "Standard Package"; Value = "1"; VariantName = "[No Variations]"
Add component (AddParameter): Name = "Supplier 1"; Value = "Digi-Key"; VariantName = "[No Variations]"
Add component (AddParameter): Name = "Supplier 2"; Value = "Mouser"; VariantName = "[No Variations]"
Add component (AddParameter): Name = "Supplier Part Number 1"; Value = "1727-4259-1-ND"; VariantName = "[No Variations]"
Add component (AddParameter): Name = "Supplier Part Number 2"; Value = "771-TL431AQDBZR215"; VariantName = "[No Variations]"
Add component (AddParameter): Name = "Temperature"; Value = "-40°C to +125°C"; VariantName = "[No Variations]"
Add component (AddParameter): Name = "Temperature Range High"; Value = "+125°C"; VariantName = "[No Variations]"
Add component (AddParameter): Name = "Temperature Range Low"; Value = "-40°C"; VariantName = "[No Variations]"
Add component (AddParameter): Name = "Tolerance"; Value = "±1%"; VariantName = "[No Variations]"
Add component (AddParameter): Name = "Voltage - Input"; Value = "2.495 V ~ 36 V"; VariantName = "[No Variations]"
Add component (AddParameter): Name = "Voltage - Output"; Value = "2.495 V ~ 36 V"; VariantName = "[No Variations]"
Added Pin To Net: NetName=Net*1_1 Pin=*1-1
Added Pin To Net: NetName=Net*1_2 Pin=*1-2
Added Pin To Net: NetName=Net*1_3 Pin=*1-3
Added Pin To Net: NetName=+5 Pin=*1-4
Added Pin To Net: NetName=+12 Pin=*1-4
Added Pin To Net: NetName=Net*1_5 Pin=*1-5
Added Pin To Net: NetName=Net*1_6 Pin=*1-6
Added Pin To Net: NetName=Net*1_7 Pin=*1-7
Added Pin To Net: NetName=Net*1_8 Pin=*1-8
Added Pin To Net: NetName=Net*1_9 Pin=*1-9
Added Pin To Net: NetName=Net*1_10 Pin=*1-10
Added Pin To Net: NetName=-5 Pin=*1-11
Added Pin To Net: NetName=-12 Pin=*1-11
Added Pin To Net: NetName=Net*1_1 Pin=*2-1
Added Pin To Net: NetName=Net*1_2 Pin=*2-2
Added Pin To Net: NetName=Net*2_3 Pin=*2-3
Added Pin To Net: NetName=+5 Pin=*2-4
Added Pin To Net: NetName=+12 Pin=*2-4
Added Pin To Net: NetName=Net*1_5 Pin=*2-5
Added Pin To Net: NetName=Net*2_6 Pin=*2-6
Added Pin To Net: NetName=Net*2_7 Pin=*2-7
Added Pin To Net: NetName=Net*2_8 Pin=*2-8
Added Pin To Net: NetName=Net*2_9 Pin=*2-9
Added Pin To Net: NetName=Net*2_10 Pin=*2-10
Added Pin To Net: NetName=-5 Pin=*2-11
Added Pin To Net: NetName=-12 Pin=*2-11
Added Pin To Net: NetName=Net*1_1 Pin=*3-1
Added Pin To Net: NetName=Net*1_2 Pin=*3-2
Added Pin To Net: NetName=Net*3_3 Pin=*3-3
Added Pin To Net: NetName=+5 Pin=*3-4
Added Pin To Net: NetName=+12 Pin=*3-4
Added Pin To Net: NetName=Net*1_5 Pin=*3-5
Added Pin To Net: NetName=Net*3_6 Pin=*3-6
Added Pin To Net: NetName=Net*3_7 Pin=*3-7
Added Pin To Net: NetName=Net*3_8 Pin=*3-8
Added Pin To Net: NetName=Net*3_9 Pin=*3-9
Added Pin To Net: NetName=Net*3_10 Pin=*3-10
Added Pin To Net: NetName=-5 Pin=*3-11
Added Pin To Net: NetName=-12 Pin=*3-11
Added Pin To Net: NetName=GND Pin=C1-1
Added Pin To Net: NetName=NetC1_2 Pin=C1-2
Added Pin To Net: NetName=NetC2_1 Pin=C2-1
Added Pin To Net: NetName=Net*1_10 Pin=C2-2
Added Pin To Net: NetName=-5 Pin=C3-1
Added Pin To Net: NetName=+5 Pin=C3-2
Added Pin To Net: NetName=-12 Pin=C5-1
Added Pin To Net: NetName=+12 Pin=C5-2
Added Pin To Net: NetName=NetC7_1 Pin=C7-1
Added Pin To Net: NetName=Net*2_10 Pin=C7-2
Added Pin To Net: NetName=NetC9_1 Pin=C9-1
Added Pin To Net: NetName=Net*3_10 Pin=C9-2
Added Pin To Net: NetName=VCC Pin=CR1-1
Added Pin To Net: NetName=NetCR1_2 Pin=CR1-2
Added Pin To Net: NetName=NetC8_1 Pin=CR2-1
Added Pin To Net: NetName=VCC Pin=CR2-2
Added Pin To Net: NetName=NetCR3_1 Pin=CR3-1
Added Pin To Net: NetName=GND Pin=CR3-2
Added Pin To Net: NetName=NetD1_1 Pin=D1-1
Added Pin To Net: NetName=-12 Pin=D1-2
Added Pin To Net: NetName=NetD2_1 Pin=D2-1
Added Pin To Net: NetName=-12 Pin=D2-2
Added Pin To Net: NetName=NetD3_1 Pin=D3-1
Added Pin To Net: NetName=-12 Pin=D3-2
Added Pin To Net: NetName=NetC1_2 Pin=R1-1
Added Pin To Net: NetName=NetP2_2 Pin=R1-2
Added Pin To Net: NetName=Net*1_2 Pin=R2-1
Added Pin To Net: NetName=Net*1_1 Pin=R2-2
Added Pin To Net: NetName=NetJ2_1 Pin=R3-1
Added Pin To Net: NetName=Net*1_6 Pin=R3-2
Added Pin To Net: NetName=NetP1_2 Pin=R4-1
Added Pin To Net: NetName=Net*1_3 Pin=R4-2
Added Pin To Net: NetName=Net*1_3 Pin=R5-1
Added Pin To Net: NetName=+5 Pin=R5-2
Added Pin To Net: NetName=NetC1_2 Pin=R6-1
Added Pin To Net: NetName=NetR6_2 Pin=R6-2
Added Pin To Net: NetName=-5 Pin=R7-1
Added Pin To Net: NetName=Net*1_3 Pin=R7-2
Added Pin To Net: NetName=NetJ2_1 Pin=R8-1
Added Pin To Net: NetName=NetR8_2 Pin=R8-2
Added Pin To Net: NetName=NetR6_2 Pin=R9-1
Added Pin To Net: NetName=GND Pin=R9-2
Added Pin To Net: NetName=NetR8_2 Pin=R10-1
Added Pin To Net: NetName=NetR10_2 Pin=R10-2
Added Pin To Net: NetName=NetJ2_1 Pin=R11-1
Added Pin To Net: NetName=NetJ3_1 Pin=R11-2
Added Pin To Net: NetName=NetP3_2 Pin=R12-1
Added Pin To Net: NetName=Net*1_2 Pin=R12-2
Added Pin To Net: NetName=Net*1_2 Pin=R13-1
Added Pin To Net: NetName=+5 Pin=R13-2
Added Pin To Net: NetName=NetJ3_1 Pin=R14-1
Added Pin To Net: NetName=Net*1_10 Pin=R14-2
Added Pin To Net: NetName=Net*1_2 Pin=R15-1
Added Pin To Net: NetName=-5 Pin=R15-2
Added Pin To Net: NetName=NetC2_1 Pin=R16-1
Added Pin To Net: NetName=Net*1_1 Pin=R16-2
Added Pin To Net: NetName=VCC Pin=R17-1
Added Pin To Net: NetName=+5 Pin=R17-2
Added Pin To Net: NetName=Net*1_10 Pin=R18-1
Added Pin To Net: NetName=Net*1_1 Pin=R18-2
Added Pin To Net: NetName=NetJ3_1 Pin=R19-1
Added Pin To Net: NetName=NetR10_2 Pin=R19-2
Added Pin To Net: NetName=NetD1_1 Pin=R20-1
Added Pin To Net: NetName=Net*1_10 Pin=R20-2
Added Pin To Net: NetName=Net*1_2 Pin=R21-1
Added Pin To Net: NetName=Net*1_1 Pin=R21-2
Added Pin To Net: NetName=NetP4_2 Pin=R22-1
Added Pin To Net: NetName=Net*2_3 Pin=R22-2
Added Pin To Net: NetName=Net*2_3 Pin=R23-1
Added Pin To Net: NetName=+5 Pin=R23-2
Added Pin To Net: NetName=NetJ3_1 Pin=R24-1
Added Pin To Net: NetName=Net*1_9 Pin=R24-2
Added Pin To Net: NetName=-5 Pin=R25-1
Added Pin To Net: NetName=GND Pin=R25-2
Added Pin To Net: NetName=-5 Pin=R26-1
Added Pin To Net: NetName=Net*2_3 Pin=R26-2
Added Pin To Net: NetName=NetJ4_1 Pin=R27-1
Added Pin To Net: NetName=Net*2_6 Pin=R27-2
Added Pin To Net: NetName=NetP5_2 Pin=R28-1
Added Pin To Net: NetName=Net*1_2 Pin=R28-2
Added Pin To Net: NetName=Net*1_2 Pin=R29-1
Added Pin To Net: NetName=+5 Pin=R29-2
Added Pin To Net: NetName=NetJ4_1 Pin=R30-1
Added Pin To Net: NetName=NetR30_2 Pin=R30-2
Added Pin To Net: NetName=Net*1_2 Pin=R31-1
Added Pin To Net: NetName=-5 Pin=R31-2
Added Pin To Net: NetName=VCC Pin=R32-1
Added Pin To Net: NetName=+12 Pin=R32-2
Added Pin To Net: NetName=NetR30_2 Pin=R33-1
Added Pin To Net: NetName=NetR33_2 Pin=R33-2
Added Pin To Net: NetName=NetJ4_1 Pin=R34-1
Added Pin To Net: NetName=NetJ5_1 Pin=R34-2
Added Pin To Net: NetName=NetR35_1 Pin=R35-1
Added Pin To Net: NetName=+12 Pin=R35-2
Added Pin To Net: NetName=NetR36_1 Pin=R36-1
Added Pin To Net: NetName=+12 Pin=R36-2
Added Pin To Net: NetName=Net*1_5 Pin=R37-1
Added Pin To Net: NetName=+12 Pin=R37-2
Added Pin To Net: NetName=NetJ5_1 Pin=R38-1
Added Pin To Net: NetName=Net*2_10 Pin=R38-2
Added Pin To Net: NetName=NetC7_1 Pin=R39-1
Added Pin To Net: NetName=Net*1_1 Pin=R39-2
Added Pin To Net: NetName=NetR35_1 Pin=R40-1
Added Pin To Net: NetName=-12 Pin=R40-2
Added Pin To Net: NetName=Net*1_5 Pin=R41-1
Added Pin To Net: NetName=-12 Pin=R41-2
Added Pin To Net: NetName=NetR36_1 Pin=R42-1
Added Pin To Net: NetName=-12 Pin=R42-2
Added Pin To Net: NetName=Net*2_10 Pin=R43-1
Added Pin To Net: NetName=Net*1_1 Pin=R43-2
Added Pin To Net: NetName=NetJ5_1 Pin=R44-1
Added Pin To Net: NetName=NetR33_2 Pin=R44-2
Added Pin To Net: NetName=-12 Pin=R45-1
Added Pin To Net: NetName=GND Pin=R45-2
Added Pin To Net: NetName=Net*1_2 Pin=R46-1
Added Pin To Net: NetName=Net*1_1 Pin=R46-2
Added Pin To Net: NetName=NetD2_1 Pin=R47-1
Added Pin To Net: NetName=Net*2_10 Pin=R47-2
Added Pin To Net: NetName=NetP6_2 Pin=R48-1
Added Pin To Net: NetName=Net*3_3 Pin=R48-2
Added Pin To Net: NetName=Net*3_3 Pin=R49-1
Added Pin To Net: NetName=+5 Pin=R49-2
Added Pin To Net: NetName=-5 Pin=R50-1
Added Pin To Net: NetName=Net*3_3 Pin=R50-2
Added Pin To Net: NetName=NetJ5_1 Pin=R51-1
Added Pin To Net: NetName=Net*2_9 Pin=R51-2
Added Pin To Net: NetName=NetP7_2 Pin=R52-1
Added Pin To Net: NetName=Net*1_2 Pin=R52-2
Added Pin To Net: NetName=Net*1_2 Pin=R53-1
Added Pin To Net: NetName=+5 Pin=R53-2
Added Pin To Net: NetName=NetJ6_1 Pin=R54-1
Added Pin To Net: NetName=Net*3_6 Pin=R54-2
Added Pin To Net: NetName=Net*1_2 Pin=R55-1
Added Pin To Net: NetName=-5 Pin=R55-2
Added Pin To Net: NetName=NetJ6_1 Pin=R56-1
Added Pin To Net: NetName=NetR56_2 Pin=R56-2
Added Pin To Net: NetName=NetR56_2 Pin=R57-1
Added Pin To Net: NetName=NetR57_2 Pin=R57-2
Added Pin To Net: NetName=NetJ6_1 Pin=R58-1
Added Pin To Net: NetName=NetJ7_1 Pin=R58-2
Added Pin To Net: NetName=NetJ7_1 Pin=R59-1
Added Pin To Net: NetName=Net*3_10 Pin=R59-2
Added Pin To Net: NetName=NetC9_1 Pin=R60-1
Added Pin To Net: NetName=Net*1_1 Pin=R60-2
Added Pin To Net: NetName=GND Pin=R61-1
Added Pin To Net: NetName=NetR61_2 Pin=R61-2
Added Pin To Net: NetName=Net*3_10 Pin=R62-1
Added Pin To Net: NetName=Net*1_1 Pin=R62-2
Added Pin To Net: NetName=NetJ7_1 Pin=R63-1
Added Pin To Net: NetName=NetR57_2 Pin=R63-2
Added Pin To Net: NetName=NetD3_1 Pin=R64-1
Added Pin To Net: NetName=Net*3_10 Pin=R64-2
Added Pin To Net: NetName=NetJ7_1 Pin=R65-1
Added Pin To Net: NetName=Net*3_9 Pin=R65-2
Added Pin To Net: NetName=+5 Pin=RP1-1
Added Pin To Net: NetName=Net*1_3 Pin=RP1-2
Added Pin To Net: NetName=-5 Pin=RP1-3
Added Pin To Net: NetName=+5 Pin=RP2-1
Added Pin To Net: NetName=Net*1_2 Pin=RP2-2
Added Pin To Net: NetName=-5 Pin=RP2-3
Added Pin To Net: NetName=+5 Pin=RP3-1
Added Pin To Net: NetName=Net*2_3 Pin=RP3-2
Added Pin To Net: NetName=-5 Pin=RP3-3
Added Pin To Net: NetName=+5 Pin=RP4-1
Added Pin To Net: NetName=Net*1_2 Pin=RP4-2
Added Pin To Net: NetName=-5 Pin=RP4-3
Added Pin To Net: NetName=+12 Pin=RP5-1
Added Pin To Net: NetName=NetR35_1 Pin=RP5-2
Added Pin To Net: NetName=-12 Pin=RP5-3
Added Pin To Net: NetName=+12 Pin=RP6-1
Added Pin To Net: NetName=NetR36_1 Pin=RP6-2
Added Pin To Net: NetName=-12 Pin=RP6-3
Added Pin To Net: NetName=+12 Pin=RP7-1
Added Pin To Net: NetName=Net*1_5 Pin=RP7-2
Added Pin To Net: NetName=-12 Pin=RP7-3
Added Pin To Net: NetName=+5 Pin=RP8-1
Added Pin To Net: NetName=Net*3_3 Pin=RP8-2
Added Pin To Net: NetName=-5 Pin=RP8-3
Added Pin To Net: NetName=+5 Pin=RP9-1
Added Pin To Net: NetName=Net*1_2 Pin=RP9-2
Added Pin To Net: NetName=-5 Pin=RP9-3
Added Pin To Net: NetName=NetL1_2 Pin=RP10-1
Added Pin To Net: NetName=NetRP10_2 Pin=RP10-2
Added Pin To Net: NetName=NetR61_2 Pin=RP10-3
Added Pin To Net: NetName=+5 Pin=TP1-1
Added Pin To Net: NetName=Net*1_6 Pin=TP2-1
Added Pin To Net: NetName=Net*1_7 Pin=TP3-1
Added Pin To Net: NetName=NetJ2_1 Pin=TP4-1
Added Pin To Net: NetName=NetR8_2 Pin=TP5-1
Added Pin To Net: NetName=Net*1_1 Pin=TP6-1
Added Pin To Net: NetName=Net*1_3 Pin=TP7-1
Added Pin To Net: NetName=Net*1_2 Pin=TP8-1
Added Pin To Net: NetName=Net*1_10 Pin=TP9-1
Added Pin To Net: NetName=Net*1_8 Pin=TP10-1
Added Pin To Net: NetName=NetJ3_1 Pin=TP11-1
Added Pin To Net: NetName=NetR10_2 Pin=TP12-1
Added Pin To Net: NetName=+5 Pin=TP13-1
Added Pin To Net: NetName=Net*1_9 Pin=TP14-1
Added Pin To Net: NetName=Net*1_1 Pin=TP15-1
Added Pin To Net: NetName=Net*2_3 Pin=TP16-1
Added Pin To Net: NetName=Net*2_6 Pin=TP17-1
Added Pin To Net: NetName=Net*2_7 Pin=TP18-1
Added Pin To Net: NetName=NetJ4_1 Pin=TP19-1
Added Pin To Net: NetName=Net*1_2 Pin=TP20-1
Added Pin To Net: NetName=NetR30_2 Pin=TP21-1
Added Pin To Net: NetName=Net*2_10 Pin=TP22-1
Added Pin To Net: NetName=Net*2_8 Pin=TP23-1
Added Pin To Net: NetName=NetJ5_1 Pin=TP24-1
Added Pin To Net: NetName=+5 Pin=TP25-1
Added Pin To Net: NetName=NetR33_2 Pin=TP26-1
Added Pin To Net: NetName=Net*2_9 Pin=TP27-1
Added Pin To Net: NetName=Net*1_1 Pin=TP28-1
Added Pin To Net: NetName=Net*3_3 Pin=TP29-1
Added Pin To Net: NetName=Net*1_2 Pin=TP30-1
Added Pin To Net: NetName=Net*3_6 Pin=TP31-1
Added Pin To Net: NetName=Net*3_7 Pin=TP32-1
Added Pin To Net: NetName=NetJ6_1 Pin=TP33-1
Added Pin To Net: NetName=NetR56_2 Pin=TP34-1
Added Pin To Net: NetName=NetCR3_1 Pin=TP35-1
Added Pin To Net: NetName=NetRP10_2 Pin=TP36-1
Added Pin To Net: NetName=Net*3_10 Pin=TP37-1
Added Pin To Net: NetName=Net*3_8 Pin=TP38-1
Added Pin To Net: NetName=NetJ7_1 Pin=TP39-1
Added Pin To Net: NetName=NetR57_2 Pin=TP40-1
Added Pin To Net: NetName=Net*3_9 Pin=TP41-1
Added Pin To Net: NetName=NetC1_2 Pin=U1-1
Added Pin To Net: NetName=NetR6_2 Pin=U1-2
Added Pin To Net: NetName=GND Pin=U1-3
Added Pin To Net: NetName=+5 Pin=U3-1
Added Pin To Net: NetName=+5 Pin=U3-2
Added Pin To Net: NetName=-5 Pin=U3-3
Added Member To Class: ClassName=Giro_scope_2.0 Member=Component *1 LM324AD_SOIC14
Added Member To Class: ClassName=Giro_scope_2.0 Member=Component *2 LM324AD_SOIC14
Added Member To Class: ClassName=Giro_scope_2.0 Member=Component *3 LM324AD_SOIC14
Added Member To Class: ClassName=Giro_scope_2.0 Member=Component C1 0.1uF
Added Member To Class: ClassName=Giro_scope_2.0 Member=Component C2 2.2u
Added Member To Class: ClassName=Giro_scope_2.0 Member=Component C3 0.1uF
Added Member To Class: ClassName=Giro_scope_2.0 Member=Component C5 0.1uF
Added Member To Class: ClassName=Giro_scope_2.0 Member=Component C7 2.2u
Added Member To Class: ClassName=Giro_scope_2.0 Member=Component C9 2.2u
Added Member To Class: ClassName=Giro_scope_2.0 Member=Component CR1 1N5822RL
Added Member To Class: ClassName=Giro_scope_2.0 Member=Component CR2 1N5822RL
Added Member To Class: ClassName=Giro_scope_2.0 Member=Component CR3 1N5822RL
Added Member To Class: ClassName=Giro_scope_2.0 Member=Component D1 LED2
Added Member To Class: ClassName=Giro_scope_2.0 Member=Component D2 LED2
Added Member To Class: ClassName=Giro_scope_2.0 Member=Component D3 LED2
Added Member To Class: ClassName=Giro_scope_2.0 Member=Component R1 24
Added Member To Class: ClassName=Giro_scope_2.0 Member=Component R2 100k
Added Member To Class: ClassName=Giro_scope_2.0 Member=Component R3 1M
Added Member To Class: ClassName=Giro_scope_2.0 Member=Component R4 47k
Added Member To Class: ClassName=Giro_scope_2.0 Member=Component R5 47k
Added Member To Class: ClassName=Giro_scope_2.0 Member=Component R6 100k
Added Member To Class: ClassName=Giro_scope_2.0 Member=Component R7 47k
Added Member To Class: ClassName=Giro_scope_2.0 Member=Component R8 1k
Added Member To Class: ClassName=Giro_scope_2.0 Member=Component R9 100k
Added Member To Class: ClassName=Giro_scope_2.0 Member=Component R10 1k
Added Member To Class: ClassName=Giro_scope_2.0 Member=Component R11 1.2k
Added Member To Class: ClassName=Giro_scope_2.0 Member=Component R12 47k
Added Member To Class: ClassName=Giro_scope_2.0 Member=Component R13 47k
Added Member To Class: ClassName=Giro_scope_2.0 Member=Component R14 1M
Added Member To Class: ClassName=Giro_scope_2.0 Member=Component R15 47k
Added Member To Class: ClassName=Giro_scope_2.0 Member=Component R16 620
Added Member To Class: ClassName=Giro_scope_2.0 Member=Component R17 620
Added Member To Class: ClassName=Giro_scope_2.0 Member=Component R18 3.3k
Added Member To Class: ClassName=Giro_scope_2.0 Member=Component R19 1k
Added Member To Class: ClassName=Giro_scope_2.0 Member=Component R20 1k
Added Member To Class: ClassName=Giro_scope_2.0 Member=Component R21 100k
Added Member To Class: ClassName=Giro_scope_2.0 Member=Component R22 47k
Added Member To Class: ClassName=Giro_scope_2.0 Member=Component R23 47k
Added Member To Class: ClassName=Giro_scope_2.0 Member=Component R24 1k
Added Member To Class: ClassName=Giro_scope_2.0 Member=Component R25 620
Added Member To Class: ClassName=Giro_scope_2.0 Member=Component R26 47k
Added Member To Class: ClassName=Giro_scope_2.0 Member=Component R27 1M
Added Member To Class: ClassName=Giro_scope_2.0 Member=Component R28 47k
Added Member To Class: ClassName=Giro_scope_2.0 Member=Component R29 47k
Added Member To Class: ClassName=Giro_scope_2.0 Member=Component R30 1k
Added Member To Class: ClassName=Giro_scope_2.0 Member=Component R31 47k
Added Member To Class: ClassName=Giro_scope_2.0 Member=Component R32 620
Added Member To Class: ClassName=Giro_scope_2.0 Member=Component R33 1k
Added Member To Class: ClassName=Giro_scope_2.0 Member=Component R34 1.2k
Added Member To Class: ClassName=Giro_scope_2.0 Member=Component R35 5.1k
Added Member To Class: ClassName=Giro_scope_2.0 Member=Component R36 5.1k
Added Member To Class: ClassName=Giro_scope_2.0 Member=Component R37 5.1k
Added Member To Class: ClassName=Giro_scope_2.0 Member=Component R38 1M
Added Member To Class: ClassName=Giro_scope_2.0 Member=Component R39 620
Added Member To Class: ClassName=Giro_scope_2.0 Member=Component R40 5.1k
Added Member To Class: ClassName=Giro_scope_2.0 Member=Component R41 5.1k
Added Member To Class: ClassName=Giro_scope_2.0 Member=Component R42 5.1k
Added Member To Class: ClassName=Giro_scope_2.0 Member=Component R43 3.3k
Added Member To Class: ClassName=Giro_scope_2.0 Member=Component R44 1k
Added Member To Class: ClassName=Giro_scope_2.0 Member=Component R45 620
Added Member To Class: ClassName=Giro_scope_2.0 Member=Component R46 100k
Added Member To Class: ClassName=Giro_scope_2.0 Member=Component R47 1k
Added Member To Class: ClassName=Giro_scope_2.0 Member=Component R48 47k
Added Member To Class: ClassName=Giro_scope_2.0 Member=Component R49 47k
Added Member To Class: ClassName=Giro_scope_2.0 Member=Component R50 47k
Added Member To Class: ClassName=Giro_scope_2.0 Member=Component R51 1k
Added Member To Class: ClassName=Giro_scope_2.0 Member=Component R52 47k
Added Member To Class: ClassName=Giro_scope_2.0 Member=Component R53 47k
Added Member To Class: ClassName=Giro_scope_2.0 Member=Component R54 1M
Added Member To Class: ClassName=Giro_scope_2.0 Member=Component R55 47k
Added Member To Class: ClassName=Giro_scope_2.0 Member=Component R56 1k
Added Member To Class: ClassName=Giro_scope_2.0 Member=Component R57 1k
Added Member To Class: ClassName=Giro_scope_2.0 Member=Component R58 1.2k
Added Member To Class: ClassName=Giro_scope_2.0 Member=Component R59 1M
Added Member To Class: ClassName=Giro_scope_2.0 Member=Component R60 620
Added Member To Class: ClassName=Giro_scope_2.0 Member=Component R61 1k
Added Member To Class: ClassName=Giro_scope_2.0 Member=Component R62 3.3k
Added Member To Class: ClassName=Giro_scope_2.0 Member=Component R63 1k
Added Member To Class: ClassName=Giro_scope_2.0 Member=Component R64 1k
Added Member To Class: ClassName=Giro_scope_2.0 Member=Component R65 1k
Added Member To Class: ClassName=Giro_scope_2.0 Member=Component RP1 10k
Added Member To Class: ClassName=Giro_scope_2.0 Member=Component RP2 10k
Added Member To Class: ClassName=Giro_scope_2.0 Member=Component RP3 10k
Added Member To Class: ClassName=Giro_scope_2.0 Member=Component RP4 10k
Added Member To Class: ClassName=Giro_scope_2.0 Member=Component RP5 10k
Added Member To Class: ClassName=Giro_scope_2.0 Member=Component RP6 10k
Added Member To Class: ClassName=Giro_scope_2.0 Member=Component RP7 10k
Added Member To Class: ClassName=Giro_scope_2.0 Member=Component RP8 10k
Added Member To Class: ClassName=Giro_scope_2.0 Member=Component RP9 10k
Added Member To Class: ClassName=Giro_scope_2.0 Member=Component RP10 50k
Added Member To Class: ClassName=Giro_scope_2.0 Member=Component TP1 Test_Point_PCB
Added Member To Class: ClassName=Giro_scope_2.0 Member=Component TP2 Test_Point_PCB
Added Member To Class: ClassName=Giro_scope_2.0 Member=Component TP3 Test_Point_PCB
Added Member To Class: ClassName=Giro_scope_2.0 Member=Component TP4 Test_Point_PCB
Added Member To Class: ClassName=Giro_scope_2.0 Member=Component TP5 Test_Point_PCB
Added Member To Class: ClassName=Giro_scope_2.0 Member=Component TP6 Test_Point_PCB
Added Member To Class: ClassName=Giro_scope_2.0 Member=Component TP7 Test_Point_PCB
Added Member To Class: ClassName=Giro_scope_2.0 Member=Component TP8 Test_Point_PCB
Added Member To Class: ClassName=Giro_scope_2.0 Member=Component TP9 Test_Point_PCB
Added Member To Class: ClassName=Giro_scope_2.0 Member=Component TP10 Test_Point_PCB
Added Member To Class: ClassName=Giro_scope_2.0 Member=Component TP11 Test_Point_PCB
Added Member To Class: ClassName=Giro_scope_2.0 Member=Component TP12 Test_Point_PCB
Added Member To Class: ClassName=Giro_scope_2.0 Member=Component TP13 Test_Point_PCB
Added Member To Class: ClassName=Giro_scope_2.0 Member=Component TP14 Test_Point_PCB
Added Member To Class: ClassName=Giro_scope_2.0 Member=Component TP15 Test_Point_PCB
Added Member To Class: ClassName=Giro_scope_2.0 Member=Component TP16 Test_Point_PCB
Added Member To Class: ClassName=Giro_scope_2.0 Member=Component TP17 Test_Point_PCB
Added Member To Class: ClassName=Giro_scope_2.0 Member=Component TP18 Test_Point_PCB
Added Member To Class: ClassName=Giro_scope_2.0 Member=Component TP19 Test_Point_PCB
Added Member To Class: ClassName=Giro_scope_2.0 Member=Component TP20 Test_Point_PCB
Added Member To Class: ClassName=Giro_scope_2.0 Member=Component TP21 Test_Point_PCB
Added Member To Class: ClassName=Giro_scope_2.0 Member=Component TP22 Test_Point_PCB
Added Member To Class: ClassName=Giro_scope_2.0 Member=Component TP23 Test_Point_PCB
Added Member To Class: ClassName=Giro_scope_2.0 Member=Component TP24 Test_Point_PCB
Added Member To Class: ClassName=Giro_scope_2.0 Member=Component TP25 Test_Point_PCB
Added Member To Class: ClassName=Giro_scope_2.0 Member=Component TP26 Test_Point_PCB
Added Member To Class: ClassName=Giro_scope_2.0 Member=Component TP27 Test_Point_PCB
Added Member To Class: ClassName=Giro_scope_2.0 Member=Component TP28 Test_Point_PCB
Added Member To Class: ClassName=Giro_scope_2.0 Member=Component TP29 Test_Point_PCB
Added Member To Class: ClassName=Giro_scope_2.0 Member=Component TP30 Test_Point_PCB
Added Member To Class: ClassName=Giro_scope_2.0 Member=Component TP31 Test_Point_PCB
Added Member To Class: ClassName=Giro_scope_2.0 Member=Component TP32 Test_Point_PCB
Added Member To Class: ClassName=Giro_scope_2.0 Member=Component TP33 Test_Point_PCB
Added Member To Class: ClassName=Giro_scope_2.0 Member=Component TP34 Test_Point_PCB
Added Member To Class: ClassName=Giro_scope_2.0 Member=Component TP35 Test_Point_PCB
Added Member To Class: ClassName=Giro_scope_2.0 Member=Component TP36 Test_Point_PCB
Added Member To Class: ClassName=Giro_scope_2.0 Member=Component TP37 Test_Point_PCB
Added Member To Class: ClassName=Giro_scope_2.0 Member=Component TP38 Test_Point_PCB
Added Member To Class: ClassName=Giro_scope_2.0 Member=Component TP39 Test_Point_PCB
Added Member To Class: ClassName=Giro_scope_2.0 Member=Component TP40 Test_Point_PCB
Added Member To Class: ClassName=Giro_scope_2.0 Member=Component TP41 Test_Point_PCB
Added Member To Class: ClassName=Giro_scope_2.0 Member=Component U1 IC_Nexperia_TL431AQDBZR,215_eec
Added Member To Class: ClassName=Giro_scope_2.0 Member=Component U3 IC_Nexperia_TL431AQDBZR,215_eec
