Removed Pin From Net: NetName=Net*1_1 Pin=*1-1
Removed Pin From Net: NetName=Net*1_2 Pin=*1-2
Removed Pin From Net: NetName=Net*1_3 Pin=*1-3
Removed Pin From Net: NetName=+12 Pin=*1-4
Removed Pin From Net: NetName=Net*1_5 Pin=*1-5
Removed Pin From Net: NetName=Net*1_6 Pin=*1-6
Removed Pin From Net: NetName=Net*1_7 Pin=*1-7
Removed Pin From Net: NetName=Net*1_8 Pin=*1-8
Removed Pin From Net: NetName=Net*1_9 Pin=*1-9
Removed Pin From Net: NetName=Net*1_10 Pin=*1-10
Removed Pin From Net: NetName=-12 Pin=*1-11
Removed Pin From Net: NetName=Net*2_1 Pin=*2-1
Removed Pin From Net: NetName=Net*2_2 Pin=*2-2
Removed Pin From Net: NetName=Net*2_3 Pin=*2-3
Removed Pin From Net: NetName=+12 Pin=*2-4
Removed Pin From Net: NetName=-12 Pin=*2-11
Removed Pin From Net: NetName=Net*3_1 Pin=*3-1
Removed Pin From Net: NetName=Net*3_2 Pin=*3-2
Removed Pin From Net: NetName=Net*3_3 Pin=*3-3
Removed Pin From Net: NetName=+12 Pin=*3-4
Removed Pin From Net: NetName=-12 Pin=*3-11
Removed Pin From Net: NetName=Net*4_5 Pin=*4-5
Removed Pin From Net: NetName=Net*4_10 Pin=*4-10
Removed Pin From Net: NetName=Net*5_10 Pin=*5-10
Removed Member From Class: ClassName=Giro_scope_2.0 Member=*4
Removed Member From Class: ClassName=Giro_scope_2.0 Member=*5
Removed Member From Class: ClassName=Giro_scope_2.0 Member=*6
Change Component Designator: OldDesignator=*4 NewDesignator=*1
Change Component Designator: OldDesignator=*5 NewDesignator=*2
Change Component Designator: OldDesignator=*6 NewDesignator=*3
Added Pin To Net: NetName=Net*1_1 Pin=*1-1
Added Pin To Net: NetName=Net*1_2 Pin=*1-2
Added Pin To Net: NetName=Net*1_3 Pin=*1-3
Added Pin To Net: NetName=Net*1_5 Pin=*1-5
Added Pin To Net: NetName=Net*1_6 Pin=*1-6
Added Pin To Net: NetName=Net*1_7 Pin=*1-7
Added Pin To Net: NetName=Net*1_8 Pin=*1-8
Added Pin To Net: NetName=Net*1_9 Pin=*1-9
Added Pin To Net: NetName=Net*1_10 Pin=*1-10
Added Pin To Net: NetName=Net*2_1 Pin=*2-1
Added Pin To Net: NetName=Net*2_2 Pin=*2-2
Added Pin To Net: NetName=Net*2_3 Pin=*2-3
Added Pin To Net: NetName=Net*4_10 Pin=*2-10
Added Pin To Net: NetName=Net*3_1 Pin=*3-1
Added Pin To Net: NetName=Net*3_2 Pin=*3-2
Added Pin To Net: NetName=Net*3_3 Pin=*3-3
Added Pin To Net: NetName=Net*4_5 Pin=*3-5
Added Pin To Net: NetName=Net*5_10 Pin=*3-10
Change Net Name : Old Net Name=Net*4_5 New Net Name=Net*2_5
Change Net Name : Old Net Name=Net*4_10 New Net Name=Net*2_10
Change Net Name : Old Net Name=Net*4_12 New Net Name=Net*1_12
Change Net Name : Old Net Name=Net*4_13 New Net Name=Net*1_13
Change Net Name : Old Net Name=Net*4_14 New Net Name=Net*1_14
Change Net Name : Old Net Name=Net*5_10 New Net Name=Net*3_10
Change Net Name : Old Net Name=Net*5_12 New Net Name=Net*2_12
Change Net Name : Old Net Name=Net*5_13 New Net Name=Net*2_13
Change Net Name : Old Net Name=Net*5_14 New Net Name=Net*2_14
Change Net Name : Old Net Name=Net*6_12 New Net Name=Net*3_12
Change Net Name : Old Net Name=Net*6_13 New Net Name=Net*3_13
Change Net Name : Old Net Name=Net*6_14 New Net Name=Net*3_14
Added Pin To Net: NetName=Net*2_6 Pin=*2-6
Added Pin To Net: NetName=Net*2_6 Pin=R34-2
Added Pin To Net: NetName=Net*2_6 Pin=TP21-1
Added Net: Name=Net*2_6
Added Pin To Net: NetName=Net*2_7 Pin=*2-7
Added Pin To Net: NetName=Net*2_7 Pin=J8-4
Added Pin To Net: NetName=Net*2_7 Pin=TP22-1
Added Net: Name=Net*2_7
Added Pin To Net: NetName=Net*2_8 Pin=*2-8
Added Pin To Net: NetName=Net*2_8 Pin=J8-2
Added Pin To Net: NetName=Net*2_8 Pin=TP27-1
Added Net: Name=Net*2_8
Added Pin To Net: NetName=Net*2_9 Pin=*2-9
Added Pin To Net: NetName=Net*2_9 Pin=R65-2
Added Pin To Net: NetName=Net*2_9 Pin=TP34-1
Added Net: Name=Net*2_9
Added Pin To Net: NetName=Net*3_6 Pin=*3-6
Added Pin To Net: NetName=Net*3_6 Pin=R74-2
Added Pin To Net: NetName=Net*3_6 Pin=TP36-1
Added Net: Name=Net*3_6
Added Pin To Net: NetName=Net*3_7 Pin=*3-7
Added Pin To Net: NetName=Net*3_7 Pin=J13-4
Added Pin To Net: NetName=Net*3_7 Pin=TP37-1
Added Net: Name=Net*3_7
Added Pin To Net: NetName=Net*3_8 Pin=*3-8
Added Pin To Net: NetName=Net*3_8 Pin=J13-2
Added Pin To Net: NetName=Net*3_8 Pin=TP41-1
Added Net: Name=Net*3_8
Added Pin To Net: NetName=Net*3_9 Pin=*3-9
Added Pin To Net: NetName=Net*3_9 Pin=R88-2
Added Pin To Net: NetName=Net*3_9 Pin=TP45-1
Added Net: Name=Net*3_9
