Removed Pin From Net: NetName=-5 Pin=P1-1
Removed Pin From Net: NetName=+5 Pin=P1-3
Removed Pin From Net: NetName=-5 Pin=P4-1
Removed Pin From Net: NetName=+5 Pin=P4-3
Removed Pin From Net: NetName=-5 Pin=P6-1
Removed Pin From Net: NetName=+5 Pin=P6-3
Removed Pin From Net: NetName=Net*1_3 Pin=R4-2
Removed Pin From Net: NetName=Net*2_3 Pin=R22-2
Removed Pin From Net: NetName=Net*3_3 Pin=R48-2
Removed Member From Class: ClassName=Giro_scope_2.0 Member=C20
Removed Member From Class: ClassName=Giro_scope_2.0 Member=D11
Removed Member From Class: ClassName=Giro_scope_2.0 Member=D12
Removed Member From Class: ClassName=Giro_scope_2.0 Member=P7
Removed Member From Class: ClassName=Giro_scope_2.0 Member=P10
Removed Member From Class: ClassName=Giro_scope_2.0 Member=P11
Removed Member From Class: ClassName=Giro_scope_2.0 Member=R92
Removed Member From Class: ClassName=Giro_scope_2.0 Member=R93
Removed Member From Class: ClassName=Giro_scope_2.0 Member=R94
Removed Member From Class: ClassName=Giro_scope_2.0 Member=R97
Removed Member From Class: ClassName=Giro_scope_2.0 Member=R100
Removed Member From Class: ClassName=Giro_scope_2.0 Member=R101
Removed Member From Class: ClassName=Giro_scope_2.0 Member=RP11
Change Component Designator: OldDesignator=C4 NewDesignator=C11
Change Component Designator: OldDesignator=C5 NewDesignator=C13
Change Component Designator: OldDesignator=C6 NewDesignator=C16
Change Component Designator: OldDesignator=C8 NewDesignator=C10
Change Component Designator: OldDesignator=C9 NewDesignator=C15
Change Component Designator: OldDesignator=C10 NewDesignator=C6
Change Component Designator: OldDesignator=C12 NewDesignator=C17
Change Component Designator: OldDesignator=C13 NewDesignator=C18
Change Component Designator: OldDesignator=C14 NewDesignator=C19
Change Component Designator: OldDesignator=C15 NewDesignator=C4
Change Component Designator: OldDesignator=C16 NewDesignator=C5
Change Component Designator: OldDesignator=C17 NewDesignator=C8
Change Component Designator: OldDesignator=C18 NewDesignator=C9
Change Component Designator: OldDesignator=C19 NewDesignator=C12
Change Component Designator: OldDesignator=C20 NewDesignator=C14
Change Component Designator: OldDesignator=D2 NewDesignator=D4
Change Component Designator: OldDesignator=D3 NewDesignator=D5
Change Component Designator: OldDesignator=D4 NewDesignator=D6
Change Component Designator: OldDesignator=D5 NewDesignator=D7
Change Component Designator: OldDesignator=D7 NewDesignator=D8
Change Component Designator: OldDesignator=D8 NewDesignator=D9
Change Component Designator: OldDesignator=D10 NewDesignator=D1
Change Component Designator: OldDesignator=D11 NewDesignator=D2
Change Component Designator: OldDesignator=D12 NewDesignator=D3
Change Component Designator: OldDesignator=J2 NewDesignator=J3
Change Component Designator: OldDesignator=J3 NewDesignator=J5
Change Component Designator: OldDesignator=J4 NewDesignator=J2
Change Component Designator: OldDesignator=J5 NewDesignator=J4
Change Component Designator: OldDesignator=J7 NewDesignator=J13
Change Component Designator: OldDesignator=J8 NewDesignator=J12
Change Component Designator: OldDesignator=J9 NewDesignator=J14
Change Component Designator: OldDesignator=J10 NewDesignator=J15
Change Component Designator: OldDesignator=J11 NewDesignator=J16
Change Component Designator: OldDesignator=J12 NewDesignator=J19
Change Component Designator: OldDesignator=J13 NewDesignator=J18
Change Component Designator: OldDesignator=J14 NewDesignator=J20
Change Component Designator: OldDesignator=J15 NewDesignator=J21
Change Component Designator: OldDesignator=J16 NewDesignator=J22
Change Component Designator: OldDesignator=J17 NewDesignator=J7
Change Component Designator: OldDesignator=J18 NewDesignator=J17
Change Component Designator: OldDesignator=J19 NewDesignator=J8
Change Component Designator: OldDesignator=J20 NewDesignator=J9
Change Component Designator: OldDesignator=J21 NewDesignator=J10
Change Component Designator: OldDesignator=J22 NewDesignator=J11
Change Component Designator: OldDesignator=P2 NewDesignator=P1
Change Component Designator: OldDesignator=P3 NewDesignator=P4
Change Component Designator: OldDesignator=P7 NewDesignator=P6
Change Component Designator: OldDesignator=P10 NewDesignator=P2
Change Component Designator: OldDesignator=P11 NewDesignator=P3
Change Component Designator: OldDesignator=R5 NewDesignator=R4
Change Component Designator: OldDesignator=R6 NewDesignator=R5
Change Component Designator: OldDesignator=R7 NewDesignator=R6
Change Component Designator: OldDesignator=R8 NewDesignator=R7
Change Component Designator: OldDesignator=R9 NewDesignator=R20
Change Component Designator: OldDesignator=R16 NewDesignator=R19
Change Component Designator: OldDesignator=R17 NewDesignator=R8
Change Component Designator: OldDesignator=R18 NewDesignator=R21
Change Component Designator: OldDesignator=R19 NewDesignator=R25
Change Component Designator: OldDesignator=R20 NewDesignator=R26
Change Component Designator: OldDesignator=R21 NewDesignator=R28
Change Component Designator: OldDesignator=R23 NewDesignator=R30
Change Component Designator: OldDesignator=R24 NewDesignator=R31
Change Component Designator: OldDesignator=R25 NewDesignator=R29
Change Component Designator: OldDesignator=R26 NewDesignator=R32
Change Component Designator: OldDesignator=R27 NewDesignator=R17
Change Component Designator: OldDesignator=R28 NewDesignator=R36
Change Component Designator: OldDesignator=R29 NewDesignator=R37
Change Component Designator: OldDesignator=R30 NewDesignator=R18
Change Component Designator: OldDesignator=R31 NewDesignator=R39
Change Component Designator: OldDesignator=R32 NewDesignator=R23
Change Component Designator: OldDesignator=R33 NewDesignator=R24
Change Component Designator: OldDesignator=R34 NewDesignator=R35
Change Component Designator: OldDesignator=R35 NewDesignator=R53
Change Component Designator: OldDesignator=R36 NewDesignator=R79
Change Component Designator: OldDesignator=R37 NewDesignator=R86
Change Component Designator: OldDesignator=R38 NewDesignator=R42
Change Component Designator: OldDesignator=R39 NewDesignator=R38
Change Component Designator: OldDesignator=R40 NewDesignator=R27
Change Component Designator: OldDesignator=R41 NewDesignator=R56
Change Component Designator: OldDesignator=R42 NewDesignator=R83
Change Component Designator: OldDesignator=R43 NewDesignator=R46
Change Component Designator: OldDesignator=R44 NewDesignator=R47
Change Component Designator: OldDesignator=R45 NewDesignator=R49
Change Component Designator: OldDesignator=R46 NewDesignator=R52
Change Component Designator: OldDesignator=R47 NewDesignator=R40
Change Component Designator: OldDesignator=R49 NewDesignator=R54
Change Component Designator: OldDesignator=R50 NewDesignator=R57
Change Component Designator: OldDesignator=R51 NewDesignator=R41
Change Component Designator: OldDesignator=R52 NewDesignator=R65
Change Component Designator: OldDesignator=R53 NewDesignator=R66
Change Component Designator: OldDesignator=R54 NewDesignator=R43
Change Component Designator: OldDesignator=R55 NewDesignator=R69
Change Component Designator: OldDesignator=R56 NewDesignator=R55
Change Component Designator: OldDesignator=R57 NewDesignator=R44
Change Component Designator: OldDesignator=R58 NewDesignator=R59
Change Component Designator: OldDesignator=R59 NewDesignator=R60
Change Component Designator: OldDesignator=R60 NewDesignator=R62
Change Component Designator: OldDesignator=R61 NewDesignator=R50
Change Component Designator: OldDesignator=R62 NewDesignator=R51
Change Component Designator: OldDesignator=R63 NewDesignator=R90
Change Component Designator: OldDesignator=R64 NewDesignator=R67
Change Component Designator: OldDesignator=R65 NewDesignator=R63
Change Component Designator: OldDesignator=R66 NewDesignator=R9
Change Component Designator: OldDesignator=R67 NewDesignator=R16
Change Component Designator: OldDesignator=R68 NewDesignator=R22
Change Component Designator: OldDesignator=R69 NewDesignator=R33
Change Component Designator: OldDesignator=R70 NewDesignator=R34
Change Component Designator: OldDesignator=R71 NewDesignator=R70
Change Component Designator: OldDesignator=R73 NewDesignator=R74
Change Component Designator: OldDesignator=R74 NewDesignator=R64
Change Component Designator: OldDesignator=R75 NewDesignator=R71
Change Component Designator: OldDesignator=R78 NewDesignator=R75
Change Component Designator: OldDesignator=R79 NewDesignator=R76
Change Component Designator: OldDesignator=R80 NewDesignator=R77
Change Component Designator: OldDesignator=R81 NewDesignator=R78
Change Component Designator: OldDesignator=R82 NewDesignator=R80
Change Component Designator: OldDesignator=R84 NewDesignator=R81
Change Component Designator: OldDesignator=R88 NewDesignator=R91
Change Component Designator: OldDesignator=R89 NewDesignator=R45
Change Component Designator: OldDesignator=R90 NewDesignator=R48
Change Component Designator: OldDesignator=R91 NewDesignator=R58
Change Component Designator: OldDesignator=R92 NewDesignator=R61
Change Component Designator: OldDesignator=R93 NewDesignator=R68
Change Component Designator: OldDesignator=R94 NewDesignator=R73
Change Component Designator: OldDesignator=R96 NewDesignator=R82
Change Component Designator: OldDesignator=R97 NewDesignator=R84
Change Component Designator: OldDesignator=R98 NewDesignator=R85
Change Component Designator: OldDesignator=R99 NewDesignator=R87
Change Component Designator: OldDesignator=R100 NewDesignator=R88
Change Component Designator: OldDesignator=R101 NewDesignator=R89
Change Component Designator: OldDesignator=RP3 NewDesignator=RP4
Change Component Designator: OldDesignator=RP4 NewDesignator=RP5
Change Component Designator: OldDesignator=RP6 NewDesignator=RP8
Change Component Designator: OldDesignator=RP8 NewDesignator=RP6
Change Component Designator: OldDesignator=RP9 NewDesignator=RP7
Change Component Designator: OldDesignator=RP11 NewDesignator=RP3
Change Component Designator: OldDesignator=TP2 NewDesignator=TP4
Change Component Designator: OldDesignator=TP3 NewDesignator=TP5
Change Component Designator: OldDesignator=TP4 NewDesignator=TP6
Change Component Designator: OldDesignator=TP5 NewDesignator=TP7
Change Component Designator: OldDesignator=TP6 NewDesignator=TP8
Change Component Designator: OldDesignator=TP7 NewDesignator=TP9
Change Component Designator: OldDesignator=TP8 NewDesignator=TP11
Change Component Designator: OldDesignator=TP9 NewDesignator=TP14
Change Component Designator: OldDesignator=TP10 NewDesignator=TP15
Change Component Designator: OldDesignator=TP11 NewDesignator=TP16
Change Component Designator: OldDesignator=TP12 NewDesignator=TP18
Change Component Designator: OldDesignator=TP13 NewDesignator=TP19
Change Component Designator: OldDesignator=TP14 NewDesignator=TP22
Change Component Designator: OldDesignator=TP15 NewDesignator=TP23
Change Component Designator: OldDesignator=TP16 NewDesignator=TP24
Change Component Designator: OldDesignator=TP17 NewDesignator=TP3
Change Component Designator: OldDesignator=TP18 NewDesignator=TP17
Change Component Designator: OldDesignator=TP19 NewDesignator=TP25
Change Component Designator: OldDesignator=TP20 NewDesignator=TP30
Change Component Designator: OldDesignator=TP21 NewDesignator=TP26
Change Component Designator: OldDesignator=TP22 NewDesignator=TP27
Change Component Designator: OldDesignator=TP23 NewDesignator=TP28
Change Component Designator: OldDesignator=TP24 NewDesignator=TP29
Change Component Designator: OldDesignator=TP25 NewDesignator=TP37
Change Component Designator: OldDesignator=TP26 NewDesignator=TP34
Change Component Designator: OldDesignator=TP27 NewDesignator=TP35
Change Component Designator: OldDesignator=TP28 NewDesignator=TP42
Change Component Designator: OldDesignator=TP29 NewDesignator=TP44
Change Component Designator: OldDesignator=TP30 NewDesignator=TP48
Change Component Designator: OldDesignator=TP31 NewDesignator=TP36
Change Component Designator: OldDesignator=TP32 NewDesignator=TP38
Change Component Designator: OldDesignator=TP33 NewDesignator=TP40
Change Component Designator: OldDesignator=TP34 NewDesignator=TP45
Change Component Designator: OldDesignator=TP35 NewDesignator=TP47
Change Component Designator: OldDesignator=TP36 NewDesignator=TP49
Change Component Designator: OldDesignator=TP37 NewDesignator=TP50
Change Component Designator: OldDesignator=TP38 NewDesignator=TP51
Change Component Designator: OldDesignator=TP39 NewDesignator=TP52
Change Component Designator: OldDesignator=TP40 NewDesignator=TP58
Change Component Designator: OldDesignator=TP41 NewDesignator=TP59
Change Component Designator: OldDesignator=TP42 NewDesignator=TP60
Change Component Designator: OldDesignator=TP43 NewDesignator=TP61
Change Component Designator: OldDesignator=TP44 NewDesignator=TP63
Change Component Designator: OldDesignator=TP45 NewDesignator=TP65
Change Component Designator: OldDesignator=TP46 NewDesignator=TP13
Change Component Designator: OldDesignator=TP47 NewDesignator=TP20
Change Component Designator: OldDesignator=TP48 NewDesignator=TP33
Change Component Designator: OldDesignator=TP49 NewDesignator=TP43
Change Component Designator: OldDesignator=TP50 NewDesignator=TP39
Change Component Designator: OldDesignator=TP51 NewDesignator=TP46
Change Component Designator: OldDesignator=TP52 NewDesignator=TP55
Change Component Designator: OldDesignator=TP53 NewDesignator=TP57
Change Component Designator: OldDesignator=TP54 NewDesignator=TP10
Change Component Designator: OldDesignator=TP55 NewDesignator=TP12
Change Component Designator: OldDesignator=TP56 NewDesignator=TP31
Change Component Designator: OldDesignator=TP57 NewDesignator=TP54
Change Component Designator: OldDesignator=TP58 NewDesignator=TP53
Change Component Designator: OldDesignator=TP59 NewDesignator=TP62
Change Component Designator: OldDesignator=TP60 NewDesignator=TP2
Change Component Designator: OldDesignator=TP61 NewDesignator=TP21
Change Component Designator: OldDesignator=TP62 NewDesignator=TP32
Change Component Designator: OldDesignator=TP63 NewDesignator=TP41
Change Component Designator: OldDesignator=TP64 NewDesignator=TP56
Change Component Designator: OldDesignator=TP65 NewDesignator=TP64
Change Component Designator: OldDesignator=VT3 NewDesignator=VT4
Change Component Designator: OldDesignator=VT4 NewDesignator=VT3
Change Component Designator: OldDesignator=VT11 NewDesignator=VT12
Change Component Designator: OldDesignator=VT12 NewDesignator=VT11
Change Component Designator: OldDesignator=VT15 NewDesignator=VT16
Change Component Designator: OldDesignator=VT16 NewDesignator=VT15
Change Component Designator: OldDesignator=VT19 NewDesignator=VT20
Change Component Designator: OldDesignator=VT20 NewDesignator=VT19
Change Component Designator: OldDesignator=VT23 NewDesignator=VT24
Change Component Designator: OldDesignator=VT24 NewDesignator=VT23
Change Component Designator: OldDesignator=Z3 NewDesignator=Z1
Change Net Name : Old Net Name=NetC8_1 New Net Name=NetC10_1
Change Net Name : Old Net Name=NetC12_2 New Net Name=NetC17_2
Change Net Name : Old Net Name=NetC13_2 New Net Name=NetC18_2
Change Net Name : Old Net Name=NetC14_2 New Net Name=NetC19_2
Change Net Name : Old Net Name=NetC15_1 New Net Name=NetC4_1
Change Net Name : Old Net Name=NetC15_2 New Net Name=NetC4_2
Change Net Name : Old Net Name=NetC16_2 New Net Name=NetC5_2
Change Net Name : Old Net Name=NetC17_1 New Net Name=NetC8_1
Change Net Name : Old Net Name=NetC17_2 New Net Name=NetC8_2
Change Net Name : Old Net Name=NetC18_2 New Net Name=NetC9_2
Change Net Name : Old Net Name=NetC19_1 New Net Name=NetC12_1
Change Net Name : Old Net Name=NetC19_2 New Net Name=NetC12_2
Change Net Name : Old Net Name=NetC20_2 New Net Name=NetC14_2
Change Net Name : Old Net Name=NetD2_2 New Net Name=NetD4_2
Change Net Name : Old Net Name=NetD3_1 New Net Name=NetD5_1
Change Net Name : Old Net Name=NetD4_2 New Net Name=NetD6_2
Change Net Name : Old Net Name=NetD5_1 New Net Name=NetD7_1
Change Net Name : Old Net Name=NetD7_2 New Net Name=NetD8_2
Change Net Name : Old Net Name=NetD8_1 New Net Name=NetD9_1
Change Net Name : Old Net Name=NetD11_1 New Net Name=NetD2_1
Change Net Name : Old Net Name=NetD12_1 New Net Name=NetD3_1
Change Net Name : Old Net Name=NetJ2_1 New Net Name=NetJ3_1
Change Net Name : Old Net Name=NetJ4_3 New Net Name=NetJ2_3
Change Net Name : Old Net Name=NetJ4_5 New Net Name=NetJ2_5
Change Net Name : Old Net Name=NetJ5_3 New Net Name=NetJ4_3
Change Net Name : Old Net Name=NetJ5_5 New Net Name=NetJ4_5
Change Net Name : Old Net Name=NetJ8_3 New Net Name=NetJ12_3
Change Net Name : Old Net Name=NetJ8_5 New Net Name=NetJ12_5
Change Net Name : Old Net Name=NetJ9_1 New Net Name=NetJ14_1
Change Net Name : Old Net Name=NetJ10_3 New Net Name=NetJ15_3
Change Net Name : Old Net Name=NetJ10_5 New Net Name=NetJ15_5
Change Net Name : Old Net Name=NetJ11_4 New Net Name=NetJ9_5
Change Net Name : Old Net Name=NetJ13_3 New Net Name=NetJ18_3
Change Net Name : Old Net Name=NetJ13_5 New Net Name=NetJ18_5
Change Net Name : Old Net Name=NetJ14_1 New Net Name=NetJ20_1
Change Net Name : Old Net Name=NetJ15_3 New Net Name=NetJ21_3
Change Net Name : Old Net Name=NetJ15_5 New Net Name=NetJ21_5
Change Net Name : Old Net Name=NetJ16_4 New Net Name=NetJ9_4
Change Net Name : Old Net Name=NetP2_2 New Net Name=NetP1_2
Change Net Name : Old Net Name=NetP3_2 New Net Name=NetP4_2
Change Net Name : Old Net Name=NetP7_2 New Net Name=NetP6_2
Change Net Name : Old Net Name=NetR8_2 New Net Name=NetR7_2
Change Net Name : Old Net Name=NetR25_2 New Net Name=NetR29_2
Change Net Name : Old Net Name=NetR27_2 New Net Name=NetR17_2
Change Net Name : Old Net Name=NetR30_2 New Net Name=NetR18_2
Change Net Name : Old Net Name=NetR39_2 New Net Name=NetR38_2
Change Net Name : Old Net Name=NetR45_1 New Net Name=NetR16_2
Change Net Name : Old Net Name=NetR47_2 New Net Name=NetR40_2
Change Net Name : Old Net Name=NetR60_2 New Net Name=NetR58_2
Change Net Name : Old Net Name=NetR73_2 New Net Name=NetR68_2
Change Net Name : Old Net Name=NetR75_2 New Net Name=NetR71_2
Change Net Name : Old Net Name=NetR78_2 New Net Name=NetR75_2
Change Net Name : Old Net Name=NetTP60_1 New Net Name=NetTP2_1
Change Net Name : Old Net Name=NetTP61_1 New Net Name=NetTP21_1
Change Net Name : Old Net Name=NetTP62_1 New Net Name=NetTP32_1
Change Net Name : Old Net Name=NetTP63_1 New Net Name=NetTP41_1
Change Net Name : Old Net Name=NetTP64_1 New Net Name=NetTP56_1
Change Net Name : Old Net Name=NetTP65_1 New Net Name=NetTP64_1
Change Net Name : Old Net Name=NetVT3_1 New Net Name=NetVT3_3
Change Net Name : Old Net Name=NetVT11_1 New Net Name=NetVT11_3
Change Net Name : Old Net Name=NetVT19_1 New Net Name=NetVT19_3
Added Member To Class: ClassName=Giro_scope_2.0 Member=Component C11 EEE1HA101AP
Added Member To Class: ClassName=Giro_scope_2.0 Member=Component D6 LED2
Added Member To Class: ClassName=Giro_scope_2.0 Member=Component D9 LED2
Added Member To Class: ClassName=Giro_scope_2.0 Member=Component R79 5.1k
Added Member To Class: ClassName=Giro_scope_2.0 Member=Component R83 5.1k
Added Member To Class: ClassName=Giro_scope_2.0 Member=Component R86 1k
Added Member To Class: ClassName=Giro_scope_2.0 Member=Component RP5 10k
