Removed Pin From Net: NetName=NetJ2_2 Pin=J2-2
Removed Pin From Net: NetName=GND_1 Pin=J3-3
Removed Pin From Net: NetName=VCC_1 Pin=J3-4
Removed Pin From Net: NetName=VCC_1 Pin=J3-5
Removed Pin From Net: NetName=GND Pin=J6-3
Removed Pin From Net: NetName=VCC Pin=J6-4
Removed Pin From Net: NetName=VCC Pin=J6-5
Removed Pin From Net: NetName=GND_2 Pin=J7-1
Removed Pin From Net: NetName=GND_2 Pin=J7-2
Removed Pin From Net: NetName=GND_2 Pin=J7-3
Removed Pin From Net: NetName=VCC_2 Pin=J7-4
Removed Pin From Net: NetName=VCC_2 Pin=J7-5
Removed Pin From Net: NetName=NetJ9_2 Pin=J9-2
Removed Pin From Net: NetName=GND Pin=J11-3
Removed Pin From Net: NetName=VCC Pin=J11-4
Removed Pin From Net: NetName=VCC Pin=J11-5
Removed Pin From Net: NetName=GND_3 Pin=J12-1
Removed Pin From Net: NetName=GND_3 Pin=J12-2
Removed Pin From Net: NetName=GND_3 Pin=J12-3
Removed Pin From Net: NetName=VCC_3 Pin=J12-4
Removed Pin From Net: NetName=VCC_3 Pin=J12-5
Removed Pin From Net: NetName=NetJ14_2 Pin=J14-2
Removed Pin From Net: NetName=GND Pin=J16-3
Removed Pin From Net: NetName=VCC Pin=J16-4
Removed Pin From Net: NetName=VCC Pin=J16-5
Added Component: Designator=C?(KEMET_C0805C-DN_IPC_C)
Added Component: Designator=C?(KEMET_C0805C-DN_IPC_C)
Added Component: Designator=C?(KEMET_C0805C-DN_IPC_C)
Added Component: Designator=C?(KEMET_C0805C-DN_IPC_C)
Added Component: Designator=C?(KEMET_C0805C-DN_IPC_C)
Added Component: Designator=C?(KEMET_C0805C-DN_IPC_C)
Added Component: Designator=IC?(SOIC127P600X175-8N)
Add component (AddParameter): Name = "Arrow Part Number"; Value = "ACS712ELCTR-20A-T"; VariantName = "[No Variations]"
Add component (AddParameter): Name = "Arrow Price/Stock"; Value = "https://www.arrow.com/en/products/acs712elctr-20a-t/allegro-microsystems"; VariantName = "[No Variations]"
Add component (AddParameter): Name = "Datasheet Link"; Value = "https://datasheet.datasheetarchive.com/originals/distributors/SFDatasheet-0/sf-000553.pdf"; VariantName = "[No Variations]"
Add component (AddParameter): Name = "Height"; Value = "1.75mm"; VariantName = "[No Variations]"
Add component (AddParameter): Name = "Manufacturer_Name"; Value = "Allegro Microsystems"; VariantName = "[No Variations]"
Add component (AddParameter): Name = "Manufacturer_Part_Number"; Value = "ACS712ELCTR-20A-T"; VariantName = "[No Variations]"
Add component (AddParameter): Name = "Mouser Part Number"; Value = "250-712ELCTR20AT"; VariantName = "[No Variations]"
Add component (AddParameter): Name = "Mouser Price/Stock"; Value = "https://www.mouser.co.uk/ProductDetail/Allegro-MicroSystems/ACS712ELCTR-20A-T?qs=pUKx8fyJudBUdhIPMFjOBQ%3D%3D"; VariantName = "[No Variations]"
Add component (AddParameter): Name = "Mouser Testing Part Number"; Value = ""; VariantName = "[No Variations]"
Add component (AddParameter): Name = "Mouser Testing Price/Stock"; Value = ""; VariantName = "[No Variations]"
Added Component: Designator=IC?(SOIC127P600X175-8N)
Add component (AddParameter): Name = "Arrow Part Number"; Value = "ACS712ELCTR-20A-T"; VariantName = "[No Variations]"
Add component (AddParameter): Name = "Arrow Price/Stock"; Value = "https://www.arrow.com/en/products/acs712elctr-20a-t/allegro-microsystems"; VariantName = "[No Variations]"
Add component (AddParameter): Name = "Datasheet Link"; Value = "https://datasheet.datasheetarchive.com/originals/distributors/SFDatasheet-0/sf-000553.pdf"; VariantName = "[No Variations]"
Add component (AddParameter): Name = "Height"; Value = "1.75mm"; VariantName = "[No Variations]"
Add component (AddParameter): Name = "Manufacturer_Name"; Value = "Allegro Microsystems"; VariantName = "[No Variations]"
Add component (AddParameter): Name = "Manufacturer_Part_Number"; Value = "ACS712ELCTR-20A-T"; VariantName = "[No Variations]"
Add component (AddParameter): Name = "Mouser Part Number"; Value = "250-712ELCTR20AT"; VariantName = "[No Variations]"
Add component (AddParameter): Name = "Mouser Price/Stock"; Value = "https://www.mouser.co.uk/ProductDetail/Allegro-MicroSystems/ACS712ELCTR-20A-T?qs=pUKx8fyJudBUdhIPMFjOBQ%3D%3D"; VariantName = "[No Variations]"
Add component (AddParameter): Name = "Mouser Testing Part Number"; Value = ""; VariantName = "[No Variations]"
Add component (AddParameter): Name = "Mouser Testing Price/Stock"; Value = ""; VariantName = "[No Variations]"
Added Component: Designator=IC?(SOIC127P600X175-8N)
Add component (AddParameter): Name = "Arrow Part Number"; Value = "ACS712ELCTR-20A-T"; VariantName = "[No Variations]"
Add component (AddParameter): Name = "Arrow Price/Stock"; Value = "https://www.arrow.com/en/products/acs712elctr-20a-t/allegro-microsystems"; VariantName = "[No Variations]"
Add component (AddParameter): Name = "Datasheet Link"; Value = "https://datasheet.datasheetarchive.com/originals/distributors/SFDatasheet-0/sf-000553.pdf"; VariantName = "[No Variations]"
Add component (AddParameter): Name = "Height"; Value = "1.75mm"; VariantName = "[No Variations]"
Add component (AddParameter): Name = "Manufacturer_Name"; Value = "Allegro Microsystems"; VariantName = "[No Variations]"
Add component (AddParameter): Name = "Manufacturer_Part_Number"; Value = "ACS712ELCTR-20A-T"; VariantName = "[No Variations]"
Add component (AddParameter): Name = "Mouser Part Number"; Value = "250-712ELCTR20AT"; VariantName = "[No Variations]"
Add component (AddParameter): Name = "Mouser Price/Stock"; Value = "https://www.mouser.co.uk/ProductDetail/Allegro-MicroSystems/ACS712ELCTR-20A-T?qs=pUKx8fyJudBUdhIPMFjOBQ%3D%3D"; VariantName = "[No Variations]"
Add component (AddParameter): Name = "Mouser Testing Part Number"; Value = ""; VariantName = "[No Variations]"
Add component (AddParameter): Name = "Mouser Testing Price/Stock"; Value = ""; VariantName = "[No Variations]"
Added Component: Designator=P?(61900811121)
Add component (AddParameter): Name = "ComponentLink1Description"; Value = "Manufacturer"; VariantName = "[No Variations]"
Add component (AddParameter): Name = "ComponentLink1URL"; Value = "http://www.we-online.de"; VariantName = "[No Variations]"
Add component (AddParameter): Name = "ComponentLink2Description"; Value = "Datasheet"; VariantName = "[No Variations]"
Add component (AddParameter): Name = "ComponentLink2URL"; Value = "https://www.we-online.com/catalog/datasheet/61900811121.pdf"; VariantName = "[No Variations]"
Add component (AddParameter): Name = "Contact Resistance"; Value = "20mOhm"; VariantName = "[No Variations]"
Add component (AddParameter): Name = "Gender"; Value = "Male"; VariantName = "[No Variations]"
Add component (AddParameter): Name = "Mounting Technology"; Value = "THT"; VariantName = "[No Variations]"
Add component (AddParameter): Name = "Operating Temperature"; Value = "-40 to +105degC"; VariantName = "[No Variations]"
Add component (AddParameter): Name = "Packaging"; Value = "Bag"; VariantName = "[No Variations]"
Add component (AddParameter): Name = "Part Number"; Value = "61900811121"; VariantName = "[No Variations]"
Add component (AddParameter): Name = "Pin Number"; Value = "8"; VariantName = "[No Variations]"
Add component (AddParameter): Name = "Pitch"; Value = "2.54mm"; VariantName = "[No Variations]"
Add component (AddParameter): Name = "Published Date"; Value = "January 2020"; VariantName = "[No Variations]"
Add component (AddParameter): Name = "Publisher"; Value = "Wurth Elektronik"; VariantName = "[No Variations]"
Add component (AddParameter): Name = "Rated Current"; Value = "3A"; VariantName = "[No Variations]"
Add component (AddParameter): Name = "Type"; Value = "Vertical"; VariantName = "[No Variations]"
Add component (AddParameter): Name = "Withstanding Voltage"; Value = "1000VAC"; VariantName = "[No Variations]"
Add component (AddParameter): Name = "Working Voltage"; Value = "250VAC"; VariantName = "[No Variations]"
Added Pin To Net: NetName=NetJ2_2 Pin=IC?-3
Added Pin To Net: NetName=NetJ9_2 Pin=IC?-3
Added Pin To Net: NetName=NetJ14_2 Pin=IC?-3
Added Pin To Net: NetName=NetJ2_2 Pin=IC?-4
Added Pin To Net: NetName=NetJ9_2 Pin=IC?-4
Added Pin To Net: NetName=NetJ14_2 Pin=IC?-4
Added Pin To Net: NetName=-5 Pin=J6-3
Added Pin To Net: NetName=+5 Pin=J6-5
Added Pin To Net: NetName=GND_1 Pin=J7-1
Added Pin To Net: NetName=GND_1 Pin=J7-2
Added Pin To Net: NetName=-5 Pin=J11-3
Added Pin To Net: NetName=+5 Pin=J11-5
Added Pin To Net: NetName=GND_1 Pin=J12-1
Added Pin To Net: NetName=GND_1 Pin=J12-2
Added Pin To Net: NetName=-5 Pin=J16-3
Added Pin To Net: NetName=+5 Pin=J16-5
Added Pin To Net: NetName=+5 Pin=P?-4
Added Pin To Net: NetName=-5 Pin=P?-5
Added Pin To Net: NetName=Net*1_2 Pin=P?-6
Added Pin To Net: NetName=Net*2_2 Pin=P?-7
Added Pin To Net: NetName=Net*3_2 Pin=P?-8
Change Net Name : Old Net Name=NetJ2_2 New Net Name=NetIC?_3
Change Net Name : Old Net Name=NetJ9_2 New Net Name=NetIC?_3
Change Net Name : Old Net Name=NetJ14_2 New Net Name=NetIC?_3
Added Pin To Net: NetName=NetC?_1 Pin=C?-1
Added Pin To Net: NetName=NetC?_1 Pin=C?-1
Added Pin To Net: NetName=NetC?_1 Pin=IC?-5
Added Pin To Net: NetName=NetC?_1 Pin=J7-3
Added Net: Name=NetC?_1
Added Pin To Net: NetName=NetC?_2 Pin=C?-2
Added Pin To Net: NetName=NetC?_2 Pin=IC?-8
Added Pin To Net: NetName=NetC?_2 Pin=J12-5
Added Net: Name=NetC?_2
Added Pin To Net: NetName=NetIC?_1 Pin=IC?-1
Added Pin To Net: NetName=NetIC?_1 Pin=IC?-2
Added Pin To Net: NetName=NetIC?_1 Pin=J9-2
Added Net: Name=NetIC?_1
Added Pin To Net: NetName=NetIC?_7 Pin=IC?-7
Added Pin To Net: NetName=NetIC?_7 Pin=J7-4
Added Net: Name=NetIC?_7
Added Pin To Net: NetName=NetJ6_4 Pin=J6-4
Added Pin To Net: NetName=NetJ6_4 Pin=P?-1
Added Net: Name=NetJ6_4
Added Pin To Net: NetName=NetJ11_4 Pin=J11-4
Added Pin To Net: NetName=NetJ11_4 Pin=P?-2
Added Net: Name=NetJ11_4
Added Pin To Net: NetName=NetJ16_4 Pin=J16-4
Added Pin To Net: NetName=NetJ16_4 Pin=P?-3
Added Net: Name=NetJ16_4
Added Member To Class: ClassName=Giro_scope_2.0 Member=Component C? 0.1uF
Added Member To Class: ClassName=Giro_scope_2.0 Member=Component C? 0.1uF
Added Member To Class: ClassName=Giro_scope_2.0 Member=Component C? 0.1uF
Added Member To Class: ClassName=Giro_scope_2.0 Member=Component C? 0.1uF
Added Member To Class: ClassName=Giro_scope_2.0 Member=Component C? 0.1uF
Added Member To Class: ClassName=Giro_scope_2.0 Member=Component C? 0.1uF
Added Member To Class: ClassName=Giro_scope_2.0 Member=Component IC? ACS712ELCTR-20A-T
Added Member To Class: ClassName=Giro_scope_2.0 Member=Component IC? ACS712ELCTR-20A-T
Added Member To Class: ClassName=Giro_scope_2.0 Member=Component IC? ACS712ELCTR-20A-T
Added Member To Class: ClassName=Giro_scope_2.0 Member=Component P? 61900811121
