Added Component: Designator=C4(EEEFK1V331P)
Add component (AddParameter): Name = "Arrow Part Number"; Value = ""; VariantName = "[No Variations]"
Add component (AddParameter): Name = "Arrow Price/Stock"; Value = ""; VariantName = "[No Variations]"
Add component (AddParameter): Name = "Datasheet Link"; Value = "http://industrial.panasonic.com/cdbs/www-data/pdf/RDE0000/ABA0000C1142.pdf"; VariantName = "[No Variations]"
Add component (AddParameter): Name = "Manufacturer_Name"; Value = "Panasonic"; VariantName = "[No Variations]"
Add component (AddParameter): Name = "Manufacturer_Part_Number"; Value = "EEE1HA101AP"; VariantName = "[No Variations]"
Add component (AddParameter): Name = "Mouser Part Number"; Value = ""; VariantName = "[No Variations]"
Add component (AddParameter): Name = "Mouser Price/Stock"; Value = ""; VariantName = "[No Variations]"
Added Component: Designator=C6(EEEFK1V331P)
Add component (AddParameter): Name = "Arrow Part Number"; Value = ""; VariantName = "[No Variations]"
Add component (AddParameter): Name = "Arrow Price/Stock"; Value = ""; VariantName = "[No Variations]"
Add component (AddParameter): Name = "Datasheet Link"; Value = "http://industrial.panasonic.com/cdbs/www-data/pdf/RDE0000/ABA0000C1142.pdf"; VariantName = "[No Variations]"
Add component (AddParameter): Name = "Manufacturer_Name"; Value = "Panasonic"; VariantName = "[No Variations]"
Add component (AddParameter): Name = "Manufacturer_Part_Number"; Value = "EEE1HA101AP"; VariantName = "[No Variations]"
Add component (AddParameter): Name = "Mouser Part Number"; Value = ""; VariantName = "[No Variations]"
Add component (AddParameter): Name = "Mouser Price/Stock"; Value = ""; VariantName = "[No Variations]"
Added Component: Designator=C8(EEEFK1V331P)
Add component (AddParameter): Name = "Arrow Part Number"; Value = ""; VariantName = "[No Variations]"
Add component (AddParameter): Name = "Arrow Price/Stock"; Value = ""; VariantName = "[No Variations]"
Add component (AddParameter): Name = "Datasheet Link"; Value = "http://industrial.panasonic.com/cdbs/www-data/pdf/RDE0000/ABA0000C1142.pdf"; VariantName = "[No Variations]"
Add component (AddParameter): Name = "Manufacturer_Name"; Value = "Panasonic"; VariantName = "[No Variations]"
Add component (AddParameter): Name = "Manufacturer_Part_Number"; Value = "EEE1HA101AP"; VariantName = "[No Variations]"
Add component (AddParameter): Name = "Mouser Part Number"; Value = ""; VariantName = "[No Variations]"
Add component (AddParameter): Name = "Mouser Price/Stock"; Value = ""; VariantName = "[No Variations]"
Added Component: Designator=HS1(TO-92A)
Added Component: Designator=J1(691101710002)
Add component (AddParameter): Name = "Application"; Value = "Pressure Clamp"; VariantName = "[No Variations]"
Add component (AddParameter): Name = "Category"; Value = "Terminal Blocks"; VariantName = "[No Variations]"
Add component (AddParameter): Name = "ComponentLink1Description"; Value = "Manufacturer Link"; VariantName = "[No Variations]"
Add component (AddParameter): Name = "ComponentLink1URL"; Value = "https://www.we-online.com/redexpert/article/691101710002?ad"; VariantName = "[No Variations]"
Add component (AddParameter): Name = "ComponentLink2Description"; Value = "Datasheet"; VariantName = "[No Variations]"
Add component (AddParameter): Name = "ComponentLink2URL"; Value = "https://www.we-online.com/redexpert/spec/691101710002?ad"; VariantName = "[No Variations]"
Add component (AddParameter): Name = "Manufacturer"; Value = "Wurth Elektronik"; VariantName = "[No Variations]"
Add component (AddParameter): Name = "Manufacturer Part Number"; Value = "691101710002"; VariantName = "[No Variations]"
Add component (AddParameter): Name = "Match Code"; Value = "WR-TBL"; VariantName = "[No Variations]"
Add component (AddParameter): Name = "Modularity"; Value = "Yes"; VariantName = "[No Variations]"
Add component (AddParameter): Name = "Mount"; Value = "Through Hole"; VariantName = "[No Variations]"
Add component (AddParameter): Name = "Operating Temperature Max"; Value = "105°C"; VariantName = "[No Variations]"
Add component (AddParameter): Name = "Operating Temperature Min"; Value = "-40°C"; VariantName = "[No Variations]"
Add component (AddParameter): Name = "Orientation"; Value = "Horizontal"; VariantName = "[No Variations]"
Add component (AddParameter): Name = "Packaging"; Value = "Box"; VariantName = "[No Variations]"
Add component (AddParameter): Name = "PCB/Cable/Panel"; Value = "PCB"; VariantName = "[No Variations]"
Add component (AddParameter): Name = "Pin Number"; Value = "2"; VariantName = "[No Variations]"
Add component (AddParameter): Name = "Pitch"; Value = "5mm"; VariantName = "[No Variations]"
Add component (AddParameter): Name = "Rated Current"; Value = "16A"; VariantName = "[No Variations]"
Add component (AddParameter): Name = "Working Voltage"; Value = "250V"; VariantName = "[No Variations]"
Added Component: Designator=J2(691101710002)
Add component (AddParameter): Name = "Application"; Value = "Pressure Clamp"; VariantName = "[No Variations]"
Add component (AddParameter): Name = "Category"; Value = "Terminal Blocks"; VariantName = "[No Variations]"
Add component (AddParameter): Name = "ComponentLink1Description"; Value = "Manufacturer Link"; VariantName = "[No Variations]"
Add component (AddParameter): Name = "ComponentLink1URL"; Value = "https://www.we-online.com/redexpert/article/691101710002?ad"; VariantName = "[No Variations]"
Add component (AddParameter): Name = "ComponentLink2Description"; Value = "Datasheet"; VariantName = "[No Variations]"
Add component (AddParameter): Name = "ComponentLink2URL"; Value = "https://www.we-online.com/redexpert/spec/691101710002?ad"; VariantName = "[No Variations]"
Add component (AddParameter): Name = "Manufacturer"; Value = "Wurth Elektronik"; VariantName = "[No Variations]"
Add component (AddParameter): Name = "Manufacturer Part Number"; Value = "691101710002"; VariantName = "[No Variations]"
Add component (AddParameter): Name = "Match Code"; Value = "WR-TBL"; VariantName = "[No Variations]"
Add component (AddParameter): Name = "Modularity"; Value = "Yes"; VariantName = "[No Variations]"
Add component (AddParameter): Name = "Mount"; Value = "Through Hole"; VariantName = "[No Variations]"
Add component (AddParameter): Name = "Operating Temperature Max"; Value = "105°C"; VariantName = "[No Variations]"
Add component (AddParameter): Name = "Operating Temperature Min"; Value = "-40°C"; VariantName = "[No Variations]"
Add component (AddParameter): Name = "Orientation"; Value = "Horizontal"; VariantName = "[No Variations]"
Add component (AddParameter): Name = "Packaging"; Value = "Box"; VariantName = "[No Variations]"
Add component (AddParameter): Name = "PCB/Cable/Panel"; Value = "PCB"; VariantName = "[No Variations]"
Add component (AddParameter): Name = "Pin Number"; Value = "2"; VariantName = "[No Variations]"
Add component (AddParameter): Name = "Pitch"; Value = "5mm"; VariantName = "[No Variations]"
Add component (AddParameter): Name = "Rated Current"; Value = "16A"; VariantName = "[No Variations]"
Add component (AddParameter): Name = "Working Voltage"; Value = "250V"; VariantName = "[No Variations]"
Added Component: Designator=J3(691101710002)
Add component (AddParameter): Name = "Application"; Value = "Pressure Clamp"; VariantName = "[No Variations]"
Add component (AddParameter): Name = "Category"; Value = "Terminal Blocks"; VariantName = "[No Variations]"
Add component (AddParameter): Name = "ComponentLink1Description"; Value = "Manufacturer Link"; VariantName = "[No Variations]"
Add component (AddParameter): Name = "ComponentLink1URL"; Value = "https://www.we-online.com/redexpert/article/691101710002?ad"; VariantName = "[No Variations]"
Add component (AddParameter): Name = "ComponentLink2Description"; Value = "Datasheet"; VariantName = "[No Variations]"
Add component (AddParameter): Name = "ComponentLink2URL"; Value = "https://www.we-online.com/redexpert/spec/691101710002?ad"; VariantName = "[No Variations]"
Add component (AddParameter): Name = "Manufacturer"; Value = "Wurth Elektronik"; VariantName = "[No Variations]"
Add component (AddParameter): Name = "Manufacturer Part Number"; Value = "691101710002"; VariantName = "[No Variations]"
Add component (AddParameter): Name = "Match Code"; Value = "WR-TBL"; VariantName = "[No Variations]"
Add component (AddParameter): Name = "Modularity"; Value = "Yes"; VariantName = "[No Variations]"
Add component (AddParameter): Name = "Mount"; Value = "Through Hole"; VariantName = "[No Variations]"
Add component (AddParameter): Name = "Operating Temperature Max"; Value = "105°C"; VariantName = "[No Variations]"
Add component (AddParameter): Name = "Operating Temperature Min"; Value = "-40°C"; VariantName = "[No Variations]"
Add component (AddParameter): Name = "Orientation"; Value = "Horizontal"; VariantName = "[No Variations]"
Add component (AddParameter): Name = "Packaging"; Value = "Box"; VariantName = "[No Variations]"
Add component (AddParameter): Name = "PCB/Cable/Panel"; Value = "PCB"; VariantName = "[No Variations]"
Add component (AddParameter): Name = "Pin Number"; Value = "2"; VariantName = "[No Variations]"
Add component (AddParameter): Name = "Pitch"; Value = "5mm"; VariantName = "[No Variations]"
Add component (AddParameter): Name = "Rated Current"; Value = "16A"; VariantName = "[No Variations]"
Add component (AddParameter): Name = "Working Voltage"; Value = "250V"; VariantName = "[No Variations]"
Added Component: Designator=J4(691101710002)
Add component (AddParameter): Name = "Application"; Value = "Pressure Clamp"; VariantName = "[No Variations]"
Add component (AddParameter): Name = "Category"; Value = "Terminal Blocks"; VariantName = "[No Variations]"
Add component (AddParameter): Name = "ComponentLink1Description"; Value = "Manufacturer Link"; VariantName = "[No Variations]"
Add component (AddParameter): Name = "ComponentLink1URL"; Value = "https://www.we-online.com/redexpert/article/691101710002?ad"; VariantName = "[No Variations]"
Add component (AddParameter): Name = "ComponentLink2Description"; Value = "Datasheet"; VariantName = "[No Variations]"
Add component (AddParameter): Name = "ComponentLink2URL"; Value = "https://www.we-online.com/redexpert/spec/691101710002?ad"; VariantName = "[No Variations]"
Add component (AddParameter): Name = "Manufacturer"; Value = "Wurth Elektronik"; VariantName = "[No Variations]"
Add component (AddParameter): Name = "Manufacturer Part Number"; Value = "691101710002"; VariantName = "[No Variations]"
Add component (AddParameter): Name = "Match Code"; Value = "WR-TBL"; VariantName = "[No Variations]"
Add component (AddParameter): Name = "Modularity"; Value = "Yes"; VariantName = "[No Variations]"
Add component (AddParameter): Name = "Mount"; Value = "Through Hole"; VariantName = "[No Variations]"
Add component (AddParameter): Name = "Operating Temperature Max"; Value = "105°C"; VariantName = "[No Variations]"
Add component (AddParameter): Name = "Operating Temperature Min"; Value = "-40°C"; VariantName = "[No Variations]"
Add component (AddParameter): Name = "Orientation"; Value = "Horizontal"; VariantName = "[No Variations]"
Add component (AddParameter): Name = "Packaging"; Value = "Box"; VariantName = "[No Variations]"
Add component (AddParameter): Name = "PCB/Cable/Panel"; Value = "PCB"; VariantName = "[No Variations]"
Add component (AddParameter): Name = "Pin Number"; Value = "2"; VariantName = "[No Variations]"
Add component (AddParameter): Name = "Pitch"; Value = "5mm"; VariantName = "[No Variations]"
Add component (AddParameter): Name = "Rated Current"; Value = "16A"; VariantName = "[No Variations]"
Add component (AddParameter): Name = "Working Voltage"; Value = "250V"; VariantName = "[No Variations]"
Added Component: Designator=J5(691101710002)
Add component (AddParameter): Name = "Application"; Value = "Pressure Clamp"; VariantName = "[No Variations]"
Add component (AddParameter): Name = "Category"; Value = "Terminal Blocks"; VariantName = "[No Variations]"
Add component (AddParameter): Name = "ComponentLink1Description"; Value = "Manufacturer Link"; VariantName = "[No Variations]"
Add component (AddParameter): Name = "ComponentLink1URL"; Value = "https://www.we-online.com/redexpert/article/691101710002?ad"; VariantName = "[No Variations]"
Add component (AddParameter): Name = "ComponentLink2Description"; Value = "Datasheet"; VariantName = "[No Variations]"
Add component (AddParameter): Name = "ComponentLink2URL"; Value = "https://www.we-online.com/redexpert/spec/691101710002?ad"; VariantName = "[No Variations]"
Add component (AddParameter): Name = "Manufacturer"; Value = "Wurth Elektronik"; VariantName = "[No Variations]"
Add component (AddParameter): Name = "Manufacturer Part Number"; Value = "691101710002"; VariantName = "[No Variations]"
Add component (AddParameter): Name = "Match Code"; Value = "WR-TBL"; VariantName = "[No Variations]"
Add component (AddParameter): Name = "Modularity"; Value = "Yes"; VariantName = "[No Variations]"
Add component (AddParameter): Name = "Mount"; Value = "Through Hole"; VariantName = "[No Variations]"
Add component (AddParameter): Name = "Operating Temperature Max"; Value = "105°C"; VariantName = "[No Variations]"
Add component (AddParameter): Name = "Operating Temperature Min"; Value = "-40°C"; VariantName = "[No Variations]"
Add component (AddParameter): Name = "Orientation"; Value = "Horizontal"; VariantName = "[No Variations]"
Add component (AddParameter): Name = "Packaging"; Value = "Box"; VariantName = "[No Variations]"
Add component (AddParameter): Name = "PCB/Cable/Panel"; Value = "PCB"; VariantName = "[No Variations]"
Add component (AddParameter): Name = "Pin Number"; Value = "2"; VariantName = "[No Variations]"
Add component (AddParameter): Name = "Pitch"; Value = "5mm"; VariantName = "[No Variations]"
Add component (AddParameter): Name = "Rated Current"; Value = "16A"; VariantName = "[No Variations]"
Add component (AddParameter): Name = "Working Voltage"; Value = "250V"; VariantName = "[No Variations]"
Added Component: Designator=J6(691101710002)
Add component (AddParameter): Name = "Application"; Value = "Pressure Clamp"; VariantName = "[No Variations]"
Add component (AddParameter): Name = "Category"; Value = "Terminal Blocks"; VariantName = "[No Variations]"
Add component (AddParameter): Name = "ComponentLink1Description"; Value = "Manufacturer Link"; VariantName = "[No Variations]"
Add component (AddParameter): Name = "ComponentLink1URL"; Value = "https://www.we-online.com/redexpert/article/691101710002?ad"; VariantName = "[No Variations]"
Add component (AddParameter): Name = "ComponentLink2Description"; Value = "Datasheet"; VariantName = "[No Variations]"
Add component (AddParameter): Name = "ComponentLink2URL"; Value = "https://www.we-online.com/redexpert/spec/691101710002?ad"; VariantName = "[No Variations]"
Add component (AddParameter): Name = "Manufacturer"; Value = "Wurth Elektronik"; VariantName = "[No Variations]"
Add component (AddParameter): Name = "Manufacturer Part Number"; Value = "691101710002"; VariantName = "[No Variations]"
Add component (AddParameter): Name = "Match Code"; Value = "WR-TBL"; VariantName = "[No Variations]"
Add component (AddParameter): Name = "Modularity"; Value = "Yes"; VariantName = "[No Variations]"
Add component (AddParameter): Name = "Mount"; Value = "Through Hole"; VariantName = "[No Variations]"
Add component (AddParameter): Name = "Operating Temperature Max"; Value = "105°C"; VariantName = "[No Variations]"
Add component (AddParameter): Name = "Operating Temperature Min"; Value = "-40°C"; VariantName = "[No Variations]"
Add component (AddParameter): Name = "Orientation"; Value = "Horizontal"; VariantName = "[No Variations]"
Add component (AddParameter): Name = "Packaging"; Value = "Box"; VariantName = "[No Variations]"
Add component (AddParameter): Name = "PCB/Cable/Panel"; Value = "PCB"; VariantName = "[No Variations]"
Add component (AddParameter): Name = "Pin Number"; Value = "2"; VariantName = "[No Variations]"
Add component (AddParameter): Name = "Pitch"; Value = "5mm"; VariantName = "[No Variations]"
Add component (AddParameter): Name = "Rated Current"; Value = "16A"; VariantName = "[No Variations]"
Add component (AddParameter): Name = "Working Voltage"; Value = "250V"; VariantName = "[No Variations]"
Added Component: Designator=J7(691101710002)
Add component (AddParameter): Name = "Application"; Value = "Pressure Clamp"; VariantName = "[No Variations]"
Add component (AddParameter): Name = "Category"; Value = "Terminal Blocks"; VariantName = "[No Variations]"
Add component (AddParameter): Name = "ComponentLink1Description"; Value = "Manufacturer Link"; VariantName = "[No Variations]"
Add component (AddParameter): Name = "ComponentLink1URL"; Value = "https://www.we-online.com/redexpert/article/691101710002?ad"; VariantName = "[No Variations]"
Add component (AddParameter): Name = "ComponentLink2Description"; Value = "Datasheet"; VariantName = "[No Variations]"
Add component (AddParameter): Name = "ComponentLink2URL"; Value = "https://www.we-online.com/redexpert/spec/691101710002?ad"; VariantName = "[No Variations]"
Add component (AddParameter): Name = "Manufacturer"; Value = "Wurth Elektronik"; VariantName = "[No Variations]"
Add component (AddParameter): Name = "Manufacturer Part Number"; Value = "691101710002"; VariantName = "[No Variations]"
Add component (AddParameter): Name = "Match Code"; Value = "WR-TBL"; VariantName = "[No Variations]"
Add component (AddParameter): Name = "Modularity"; Value = "Yes"; VariantName = "[No Variations]"
Add component (AddParameter): Name = "Mount"; Value = "Through Hole"; VariantName = "[No Variations]"
Add component (AddParameter): Name = "Operating Temperature Max"; Value = "105°C"; VariantName = "[No Variations]"
Add component (AddParameter): Name = "Operating Temperature Min"; Value = "-40°C"; VariantName = "[No Variations]"
Add component (AddParameter): Name = "Orientation"; Value = "Horizontal"; VariantName = "[No Variations]"
Add component (AddParameter): Name = "Packaging"; Value = "Box"; VariantName = "[No Variations]"
Add component (AddParameter): Name = "PCB/Cable/Panel"; Value = "PCB"; VariantName = "[No Variations]"
Add component (AddParameter): Name = "Pin Number"; Value = "2"; VariantName = "[No Variations]"
Add component (AddParameter): Name = "Pitch"; Value = "5mm"; VariantName = "[No Variations]"
Add component (AddParameter): Name = "Rated Current"; Value = "16A"; VariantName = "[No Variations]"
Add component (AddParameter): Name = "Working Voltage"; Value = "250V"; VariantName = "[No Variations]"
Added Component: Designator=P1(61900311121)
Add component (AddParameter): Name = "ComponentLink1Description"; Value = "Manufacturer"; VariantName = "[No Variations]"
Add component (AddParameter): Name = "ComponentLink1URL"; Value = "http://www.we-online.de"; VariantName = "[No Variations]"
Add component (AddParameter): Name = "ComponentLink2Description"; Value = "Datasheet"; VariantName = "[No Variations]"
Add component (AddParameter): Name = "ComponentLink2URL"; Value = "https://www.we-online.com/catalog/datasheet/61900311121.pdf"; VariantName = "[No Variations]"
Add component (AddParameter): Name = "Contact Resistance"; Value = "20mOhm"; VariantName = "[No Variations]"
Add component (AddParameter): Name = "Gender"; Value = "Male"; VariantName = "[No Variations]"
Add component (AddParameter): Name = "Mounting Technology"; Value = "THT"; VariantName = "[No Variations]"
Add component (AddParameter): Name = "Operating Temperature"; Value = "-40 to +105degC"; VariantName = "[No Variations]"
Add component (AddParameter): Name = "Packaging"; Value = "Bag"; VariantName = "[No Variations]"
Add component (AddParameter): Name = "Part Number"; Value = "61900311121"; VariantName = "[No Variations]"
Add component (AddParameter): Name = "Pin Number"; Value = "3"; VariantName = "[No Variations]"
Add component (AddParameter): Name = "Pitch"; Value = "2.54mm"; VariantName = "[No Variations]"
Add component (AddParameter): Name = "Published Date"; Value = "January 2020"; VariantName = "[No Variations]"
Add component (AddParameter): Name = "Publisher"; Value = "Wurth Elektronik"; VariantName = "[No Variations]"
Add component (AddParameter): Name = "Rated Current"; Value = "3A"; VariantName = "[No Variations]"
Add component (AddParameter): Name = "Type"; Value = "Vertical"; VariantName = "[No Variations]"
Add component (AddParameter): Name = "Withstanding Voltage"; Value = "1000VAC"; VariantName = "[No Variations]"
Add component (AddParameter): Name = "Working Voltage"; Value = "250VAC"; VariantName = "[No Variations]"
Added Component: Designator=P2(61900311121)
Add component (AddParameter): Name = "ComponentLink1Description"; Value = "Manufacturer"; VariantName = "[No Variations]"
Add component (AddParameter): Name = "ComponentLink1URL"; Value = "http://www.we-online.de"; VariantName = "[No Variations]"
Add component (AddParameter): Name = "ComponentLink2Description"; Value = "Datasheet"; VariantName = "[No Variations]"
Add component (AddParameter): Name = "ComponentLink2URL"; Value = "https://www.we-online.com/catalog/datasheet/61900311121.pdf"; VariantName = "[No Variations]"
Add component (AddParameter): Name = "Contact Resistance"; Value = "20mOhm"; VariantName = "[No Variations]"
Add component (AddParameter): Name = "Gender"; Value = "Male"; VariantName = "[No Variations]"
Add component (AddParameter): Name = "Mounting Technology"; Value = "THT"; VariantName = "[No Variations]"
Add component (AddParameter): Name = "Operating Temperature"; Value = "-40 to +105degC"; VariantName = "[No Variations]"
Add component (AddParameter): Name = "Packaging"; Value = "Bag"; VariantName = "[No Variations]"
Add component (AddParameter): Name = "Part Number"; Value = "61900311121"; VariantName = "[No Variations]"
Add component (AddParameter): Name = "Pin Number"; Value = "3"; VariantName = "[No Variations]"
Add component (AddParameter): Name = "Pitch"; Value = "2.54mm"; VariantName = "[No Variations]"
Add component (AddParameter): Name = "Published Date"; Value = "January 2020"; VariantName = "[No Variations]"
Add component (AddParameter): Name = "Publisher"; Value = "Wurth Elektronik"; VariantName = "[No Variations]"
Add component (AddParameter): Name = "Rated Current"; Value = "3A"; VariantName = "[No Variations]"
Add component (AddParameter): Name = "Type"; Value = "Vertical"; VariantName = "[No Variations]"
Add component (AddParameter): Name = "Withstanding Voltage"; Value = "1000VAC"; VariantName = "[No Variations]"
Add component (AddParameter): Name = "Working Voltage"; Value = "250VAC"; VariantName = "[No Variations]"
Added Component: Designator=P3(61900311121)
Add component (AddParameter): Name = "ComponentLink1Description"; Value = "Manufacturer"; VariantName = "[No Variations]"
Add component (AddParameter): Name = "ComponentLink1URL"; Value = "http://www.we-online.de"; VariantName = "[No Variations]"
Add component (AddParameter): Name = "ComponentLink2Description"; Value = "Datasheet"; VariantName = "[No Variations]"
Add component (AddParameter): Name = "ComponentLink2URL"; Value = "https://www.we-online.com/catalog/datasheet/61900311121.pdf"; VariantName = "[No Variations]"
Add component (AddParameter): Name = "Contact Resistance"; Value = "20mOhm"; VariantName = "[No Variations]"
Add component (AddParameter): Name = "Gender"; Value = "Male"; VariantName = "[No Variations]"
Add component (AddParameter): Name = "Mounting Technology"; Value = "THT"; VariantName = "[No Variations]"
Add component (AddParameter): Name = "Operating Temperature"; Value = "-40 to +105degC"; VariantName = "[No Variations]"
Add component (AddParameter): Name = "Packaging"; Value = "Bag"; VariantName = "[No Variations]"
Add component (AddParameter): Name = "Part Number"; Value = "61900311121"; VariantName = "[No Variations]"
Add component (AddParameter): Name = "Pin Number"; Value = "3"; VariantName = "[No Variations]"
Add component (AddParameter): Name = "Pitch"; Value = "2.54mm"; VariantName = "[No Variations]"
Add component (AddParameter): Name = "Published Date"; Value = "January 2020"; VariantName = "[No Variations]"
Add component (AddParameter): Name = "Publisher"; Value = "Wurth Elektronik"; VariantName = "[No Variations]"
Add component (AddParameter): Name = "Rated Current"; Value = "3A"; VariantName = "[No Variations]"
Add component (AddParameter): Name = "Type"; Value = "Vertical"; VariantName = "[No Variations]"
Add component (AddParameter): Name = "Withstanding Voltage"; Value = "1000VAC"; VariantName = "[No Variations]"
Add component (AddParameter): Name = "Working Voltage"; Value = "250VAC"; VariantName = "[No Variations]"
Added Component: Designator=P4(61900311121)
Add component (AddParameter): Name = "ComponentLink1Description"; Value = "Manufacturer"; VariantName = "[No Variations]"
Add component (AddParameter): Name = "ComponentLink1URL"; Value = "http://www.we-online.de"; VariantName = "[No Variations]"
Add component (AddParameter): Name = "ComponentLink2Description"; Value = "Datasheet"; VariantName = "[No Variations]"
Add component (AddParameter): Name = "ComponentLink2URL"; Value = "https://www.we-online.com/catalog/datasheet/61900311121.pdf"; VariantName = "[No Variations]"
Add component (AddParameter): Name = "Contact Resistance"; Value = "20mOhm"; VariantName = "[No Variations]"
Add component (AddParameter): Name = "Gender"; Value = "Male"; VariantName = "[No Variations]"
Add component (AddParameter): Name = "Mounting Technology"; Value = "THT"; VariantName = "[No Variations]"
Add component (AddParameter): Name = "Operating Temperature"; Value = "-40 to +105degC"; VariantName = "[No Variations]"
Add component (AddParameter): Name = "Packaging"; Value = "Bag"; VariantName = "[No Variations]"
Add component (AddParameter): Name = "Part Number"; Value = "61900311121"; VariantName = "[No Variations]"
Add component (AddParameter): Name = "Pin Number"; Value = "3"; VariantName = "[No Variations]"
Add component (AddParameter): Name = "Pitch"; Value = "2.54mm"; VariantName = "[No Variations]"
Add component (AddParameter): Name = "Published Date"; Value = "January 2020"; VariantName = "[No Variations]"
Add component (AddParameter): Name = "Publisher"; Value = "Wurth Elektronik"; VariantName = "[No Variations]"
Add component (AddParameter): Name = "Rated Current"; Value = "3A"; VariantName = "[No Variations]"
Add component (AddParameter): Name = "Type"; Value = "Vertical"; VariantName = "[No Variations]"
Add component (AddParameter): Name = "Withstanding Voltage"; Value = "1000VAC"; VariantName = "[No Variations]"
Add component (AddParameter): Name = "Working Voltage"; Value = "250VAC"; VariantName = "[No Variations]"
Added Component: Designator=P5(61900311121)
Add component (AddParameter): Name = "ComponentLink1Description"; Value = "Manufacturer"; VariantName = "[No Variations]"
Add component (AddParameter): Name = "ComponentLink1URL"; Value = "http://www.we-online.de"; VariantName = "[No Variations]"
Add component (AddParameter): Name = "ComponentLink2Description"; Value = "Datasheet"; VariantName = "[No Variations]"
Add component (AddParameter): Name = "ComponentLink2URL"; Value = "https://www.we-online.com/catalog/datasheet/61900311121.pdf"; VariantName = "[No Variations]"
Add component (AddParameter): Name = "Contact Resistance"; Value = "20mOhm"; VariantName = "[No Variations]"
Add component (AddParameter): Name = "Gender"; Value = "Male"; VariantName = "[No Variations]"
Add component (AddParameter): Name = "Mounting Technology"; Value = "THT"; VariantName = "[No Variations]"
Add component (AddParameter): Name = "Operating Temperature"; Value = "-40 to +105degC"; VariantName = "[No Variations]"
Add component (AddParameter): Name = "Packaging"; Value = "Bag"; VariantName = "[No Variations]"
Add component (AddParameter): Name = "Part Number"; Value = "61900311121"; VariantName = "[No Variations]"
Add component (AddParameter): Name = "Pin Number"; Value = "3"; VariantName = "[No Variations]"
Add component (AddParameter): Name = "Pitch"; Value = "2.54mm"; VariantName = "[No Variations]"
Add component (AddParameter): Name = "Published Date"; Value = "January 2020"; VariantName = "[No Variations]"
Add component (AddParameter): Name = "Publisher"; Value = "Wurth Elektronik"; VariantName = "[No Variations]"
Add component (AddParameter): Name = "Rated Current"; Value = "3A"; VariantName = "[No Variations]"
Add component (AddParameter): Name = "Type"; Value = "Vertical"; VariantName = "[No Variations]"
Add component (AddParameter): Name = "Withstanding Voltage"; Value = "1000VAC"; VariantName = "[No Variations]"
Add component (AddParameter): Name = "Working Voltage"; Value = "250VAC"; VariantName = "[No Variations]"
Added Component: Designator=P6(61900311121)
Add component (AddParameter): Name = "ComponentLink1Description"; Value = "Manufacturer"; VariantName = "[No Variations]"
Add component (AddParameter): Name = "ComponentLink1URL"; Value = "http://www.we-online.de"; VariantName = "[No Variations]"
Add component (AddParameter): Name = "ComponentLink2Description"; Value = "Datasheet"; VariantName = "[No Variations]"
Add component (AddParameter): Name = "ComponentLink2URL"; Value = "https://www.we-online.com/catalog/datasheet/61900311121.pdf"; VariantName = "[No Variations]"
Add component (AddParameter): Name = "Contact Resistance"; Value = "20mOhm"; VariantName = "[No Variations]"
Add component (AddParameter): Name = "Gender"; Value = "Male"; VariantName = "[No Variations]"
Add component (AddParameter): Name = "Mounting Technology"; Value = "THT"; VariantName = "[No Variations]"
Add component (AddParameter): Name = "Operating Temperature"; Value = "-40 to +105degC"; VariantName = "[No Variations]"
Add component (AddParameter): Name = "Packaging"; Value = "Bag"; VariantName = "[No Variations]"
Add component (AddParameter): Name = "Part Number"; Value = "61900311121"; VariantName = "[No Variations]"
Add component (AddParameter): Name = "Pin Number"; Value = "3"; VariantName = "[No Variations]"
Add component (AddParameter): Name = "Pitch"; Value = "2.54mm"; VariantName = "[No Variations]"
Add component (AddParameter): Name = "Published Date"; Value = "January 2020"; VariantName = "[No Variations]"
Add component (AddParameter): Name = "Publisher"; Value = "Wurth Elektronik"; VariantName = "[No Variations]"
Add component (AddParameter): Name = "Rated Current"; Value = "3A"; VariantName = "[No Variations]"
Add component (AddParameter): Name = "Type"; Value = "Vertical"; VariantName = "[No Variations]"
Add component (AddParameter): Name = "Withstanding Voltage"; Value = "1000VAC"; VariantName = "[No Variations]"
Add component (AddParameter): Name = "Working Voltage"; Value = "250VAC"; VariantName = "[No Variations]"
Added Component: Designator=P7(61900311121)
Add component (AddParameter): Name = "ComponentLink1Description"; Value = "Manufacturer"; VariantName = "[No Variations]"
Add component (AddParameter): Name = "ComponentLink1URL"; Value = "http://www.we-online.de"; VariantName = "[No Variations]"
Add component (AddParameter): Name = "ComponentLink2Description"; Value = "Datasheet"; VariantName = "[No Variations]"
Add component (AddParameter): Name = "ComponentLink2URL"; Value = "https://www.we-online.com/catalog/datasheet/61900311121.pdf"; VariantName = "[No Variations]"
Add component (AddParameter): Name = "Contact Resistance"; Value = "20mOhm"; VariantName = "[No Variations]"
Add component (AddParameter): Name = "Gender"; Value = "Male"; VariantName = "[No Variations]"
Add component (AddParameter): Name = "Mounting Technology"; Value = "THT"; VariantName = "[No Variations]"
Add component (AddParameter): Name = "Operating Temperature"; Value = "-40 to +105degC"; VariantName = "[No Variations]"
Add component (AddParameter): Name = "Packaging"; Value = "Bag"; VariantName = "[No Variations]"
Add component (AddParameter): Name = "Part Number"; Value = "61900311121"; VariantName = "[No Variations]"
Add component (AddParameter): Name = "Pin Number"; Value = "3"; VariantName = "[No Variations]"
Add component (AddParameter): Name = "Pitch"; Value = "2.54mm"; VariantName = "[No Variations]"
Add component (AddParameter): Name = "Published Date"; Value = "January 2020"; VariantName = "[No Variations]"
Add component (AddParameter): Name = "Publisher"; Value = "Wurth Elektronik"; VariantName = "[No Variations]"
Add component (AddParameter): Name = "Rated Current"; Value = "3A"; VariantName = "[No Variations]"
Add component (AddParameter): Name = "Type"; Value = "Vertical"; VariantName = "[No Variations]"
Add component (AddParameter): Name = "Withstanding Voltage"; Value = "1000VAC"; VariantName = "[No Variations]"
Add component (AddParameter): Name = "Working Voltage"; Value = "250VAC"; VariantName = "[No Variations]"
Added Component: Designator=U2(CASE_17AA-01_ONS)
Add component (AddParameter): Name = "Copyright"; Value = "Copyright (C) 2022 Ultra Librarian. All rights reserved."; VariantName = "[No Variations]"
Add component (AddParameter): Name = "Manufacturer_Part_Number"; Value = "1N5339BG"; VariantName = "[No Variations]"
Add component (AddParameter): Name = "Mfr_Name"; Value = "onsemi"; VariantName = "[No Variations]"
Add component (AddParameter): Name = "RefDes"; Value = "RefDes"; VariantName = "[No Variations]"
Add component (AddParameter): Name = "Type"; Value = "DEV"; VariantName = "[No Variations]"
Added Component: Designator=U4(ON_Semiconductor_936A-02_MFG)
Add component (AddParameter): Name = "Supplier 1"; Value = "Arrow Electronics"; VariantName = "[No Variations]"
Add component (AddParameter): Name = "Supplier Part Number 1"; Value = "LM2576D2T-005G"; VariantName = "[No Variations]"
Added Component: Designator=VT1(TO-220AB)
Added Component: Designator=VT2(SOT-23_ONS-L)
Added Component: Designator=VT4(SOT-23_ONS)
Added Component: Designator=VT5(TO-220AB)
Added Component: Designator=VT6(SOT-23_ONS)
Added Component: Designator=VT7(SOT-23_ONS-M)
Added Component: Designator=VT9(TO-220AB)
Added Component: Designator=VT10(SOT-23_ONS-L)
Added Component: Designator=VT12(SOT-23_ONS)
Added Component: Designator=VT13(TO-220AB)
Added Component: Designator=VT14(SOT-23_ONS)
Added Component: Designator=VT15(SOT-23_ONS-M)
Added Component: Designator=VT17(TO-220AB)
Added Component: Designator=VT18(SOT-23_ONS-L)
Added Component: Designator=VT20(SOT-23_ONS)
Added Component: Designator=VT21(TO-220AB)
Added Component: Designator=VT22(SOT-23_ONS)
Added Component: Designator=VT23(SOT-23_ONS-M)
Added Component: Designator=Z1(DIOAD2260W109L864D349)
Add component (AddParameter): Name = "Arrow Part Number"; Value = "1N5349BRLG"; VariantName = "[No Variations]"
Add component (AddParameter): Name = "Arrow Price/Stock"; Value = "https://www.arrow.com/en/products/1n5349brlg/on-semiconductor?region=nac"; VariantName = "[No Variations]"
Add component (AddParameter): Name = "Datasheet Link"; Value = "https://datasheet.datasheetarchive.com/originals/distributors/SFDatasheet-3/sf-00075052.pdf"; VariantName = "[No Variations]"
Add component (AddParameter): Name = "Manufacturer_Name"; Value = "onsemi"; VariantName = "[No Variations]"
Add component (AddParameter): Name = "Manufacturer_Part_Number"; Value = "1N5349BRLG"; VariantName = "[No Variations]"
Add component (AddParameter): Name = "Mouser Part Number"; Value = "863-1N5349BRLG"; VariantName = "[No Variations]"
Add component (AddParameter): Name = "Mouser Price/Stock"; Value = "https://www.mouser.co.uk/ProductDetail/onsemi/1N5349BRLG?qs=y2kkmE52mdPPPvJa3zV6XA%3D%3D"; VariantName = "[No Variations]"
Add component (AddParameter): Name = "Mouser Testing Part Number"; Value = ""; VariantName = "[No Variations]"
Add component (AddParameter): Name = "Mouser Testing Price/Stock"; Value = ""; VariantName = "[No Variations]"
Added Component: Designator=Z?(DIOAD2260W109L864D349)
Add component (AddParameter): Name = "Arrow Part Number"; Value = "1N5349BRLG"; VariantName = "[No Variations]"
Add component (AddParameter): Name = "Arrow Price/Stock"; Value = "https://www.arrow.com/en/products/1n5349brlg/on-semiconductor?region=nac"; VariantName = "[No Variations]"
Add component (AddParameter): Name = "Datasheet Link"; Value = "https://datasheet.datasheetarchive.com/originals/distributors/SFDatasheet-3/sf-00075052.pdf"; VariantName = "[No Variations]"
Add component (AddParameter): Name = "Manufacturer_Name"; Value = "onsemi"; VariantName = "[No Variations]"
Add component (AddParameter): Name = "Manufacturer_Part_Number"; Value = "1N5349BRLG"; VariantName = "[No Variations]"
Add component (AddParameter): Name = "Mouser Part Number"; Value = "863-1N5349BRLG"; VariantName = "[No Variations]"
Add component (AddParameter): Name = "Mouser Price/Stock"; Value = "https://www.mouser.co.uk/ProductDetail/onsemi/1N5349BRLG?qs=y2kkmE52mdPPPvJa3zV6XA%3D%3D"; VariantName = "[No Variations]"
Add component (AddParameter): Name = "Mouser Testing Part Number"; Value = ""; VariantName = "[No Variations]"
Add component (AddParameter): Name = "Mouser Testing Price/Stock"; Value = ""; VariantName = "[No Variations]"
Added Pin To Net: NetName=+5 Pin=C4-1
Added Pin To Net: NetName=+5 Pin=P1-3
Added Pin To Net: NetName=+5 Pin=P3-3
Added Pin To Net: NetName=+5 Pin=P4-3
Added Pin To Net: NetName=+5 Pin=P5-3
Added Pin To Net: NetName=+5 Pin=P6-3
Added Pin To Net: NetName=+5 Pin=P7-3
Added Pin To Net: NetName=+5 Pin=U2-1
Added Net: Name=+5
Added Pin To Net: NetName=+12 Pin=C6-1
Added Pin To Net: NetName=+12 Pin=Z1-1
Added Net: Name=+12
Added Pin To Net: NetName=-5 Pin=C4-2
Added Pin To Net: NetName=-5 Pin=P1-1
Added Pin To Net: NetName=-5 Pin=P3-1
Added Pin To Net: NetName=-5 Pin=P4-1
Added Pin To Net: NetName=-5 Pin=P5-1
Added Pin To Net: NetName=-5 Pin=P6-1
Added Pin To Net: NetName=-5 Pin=P7-1
Added Pin To Net: NetName=-5 Pin=U2-2
Added Net: Name=-5
Added Pin To Net: NetName=-12 Pin=C6-2
Added Pin To Net: NetName=-12 Pin=Z1-2
Added Net: Name=-12
Added Pin To Net: NetName=GND Pin=C8-2
Added Pin To Net: NetName=GND Pin=HS1-2
Added Pin To Net: NetName=GND Pin=J1-2
Added Pin To Net: NetName=GND Pin=P2-1
Added Pin To Net: NetName=GND Pin=U4-3
Added Pin To Net: NetName=GND Pin=U4-5
Added Pin To Net: NetName=GND Pin=U4-6
Added Net: Name=GND
Added Net: Name=Net*1_1
Added Net: Name=Net*1_2
Added Net: Name=Net*1_3
Added Net: Name=Net*1_5
Added Net: Name=Net*1_6
Added Pin To Net: NetName=Net*1_7 Pin=VT2-1
Added Pin To Net: NetName=Net*1_7 Pin=VT4-1
Added Net: Name=Net*1_7
Added Pin To Net: NetName=Net*1_8 Pin=VT6-1
Added Pin To Net: NetName=Net*1_8 Pin=VT7-1
Added Net: Name=Net*1_8
Added Net: Name=Net*1_9
Added Net: Name=Net*1_10
Added Net: Name=Net*2_3
Added Net: Name=Net*2_6
Added Pin To Net: NetName=Net*2_7 Pin=VT10-1
Added Pin To Net: NetName=Net*2_7 Pin=VT12-1
Added Net: Name=Net*2_7
Added Pin To Net: NetName=Net*2_8 Pin=VT14-1
Added Pin To Net: NetName=Net*2_8 Pin=VT15-1
Added Net: Name=Net*2_8
Added Net: Name=Net*2_9
Added Net: Name=Net*2_10
Added Net: Name=Net*3_3
Added Net: Name=Net*3_6
Added Pin To Net: NetName=Net*3_7 Pin=VT18-1
Added Pin To Net: NetName=Net*3_7 Pin=VT20-1
Added Net: Name=Net*3_7
Added Pin To Net: NetName=Net*3_8 Pin=VT22-1
Added Pin To Net: NetName=Net*3_8 Pin=VT23-1
Added Net: Name=Net*3_8
Added Net: Name=Net*3_9
Added Net: Name=Net*3_10
Added Pin To Net: NetName=NetC1_2 Pin=HS1-1
Added Net: Name=NetC1_2
Added Net: Name=NetC2_1
Added Net: Name=NetC7_1
Added Pin To Net: NetName=NetC8_1 Pin=C8-1
Added Pin To Net: NetName=NetC8_1 Pin=U4-1
Added Net: Name=NetC8_1
Added Net: Name=NetC9_1
Added Pin To Net: NetName=NetCR1_2 Pin=J1-1
Added Net: Name=NetCR1_2
Added Pin To Net: NetName=NetCR3_1 Pin=U4-2
Added Net: Name=NetCR3_1
Added Net: Name=NetD1_1
Added Net: Name=NetD2_1
Added Net: Name=NetD3_1
Added Pin To Net: NetName=NetHS1_3 Pin=HS1-3
Added Pin To Net: NetName=NetHS1_3 Pin=P2-3
Added Net: Name=NetHS1_3
Added Pin To Net: NetName=NetJ2_1 Pin=J2-1
Added Pin To Net: NetName=NetJ2_1 Pin=VT1-3
Added Net: Name=NetJ2_1
Added Pin To Net: NetName=NetJ2_2 Pin=J2-2
Added Pin To Net: NetName=NetJ2_2 Pin=J3-2
Added Pin To Net: NetName=NetJ2_2 Pin=J4-2
Added Pin To Net: NetName=NetJ2_2 Pin=J5-2
Added Pin To Net: NetName=NetJ2_2 Pin=J6-2
Added Pin To Net: NetName=NetJ2_2 Pin=J7-2
Added Net: Name=NetJ2_2
Added Pin To Net: NetName=NetJ3_1 Pin=J3-1
Added Pin To Net: NetName=NetJ3_1 Pin=VT5-3
Added Net: Name=NetJ3_1
Added Pin To Net: NetName=NetJ4_1 Pin=J4-1
Added Pin To Net: NetName=NetJ4_1 Pin=VT9-3
Added Net: Name=NetJ4_1
Added Pin To Net: NetName=NetJ5_1 Pin=J5-1
Added Pin To Net: NetName=NetJ5_1 Pin=VT13-3
Added Net: Name=NetJ5_1
Added Pin To Net: NetName=NetJ6_1 Pin=J6-1
Added Pin To Net: NetName=NetJ6_1 Pin=VT17-3
Added Net: Name=NetJ6_1
Added Pin To Net: NetName=NetJ7_1 Pin=J7-1
Added Pin To Net: NetName=NetJ7_1 Pin=VT21-3
Added Net: Name=NetJ7_1
Added Net: Name=NetL1_2
Added Pin To Net: NetName=NetP1_2 Pin=P1-2
Added Net: Name=NetP1_2
Added Pin To Net: NetName=NetP2_2 Pin=P2-2
Added Net: Name=NetP2_2
Added Pin To Net: NetName=NetP3_2 Pin=P3-2
Added Net: Name=NetP3_2
Added Pin To Net: NetName=NetP4_2 Pin=P4-2
Added Net: Name=NetP4_2
Added Pin To Net: NetName=NetP5_2 Pin=P5-2
Added Net: Name=NetP5_2
Added Pin To Net: NetName=NetP6_2 Pin=P6-2
Added Net: Name=NetP6_2
Added Pin To Net: NetName=NetP7_2 Pin=P7-2
Added Net: Name=NetP7_2
Added Net: Name=NetR6_2
Added Pin To Net: NetName=NetR8_2 Pin=VT2-3
Added Pin To Net: NetName=NetR8_2 Pin=VT4-3
Added Net: Name=NetR8_2
Added Pin To Net: NetName=NetR10_2 Pin=VT6-3
Added Pin To Net: NetName=NetR10_2 Pin=VT7-2
Added Net: Name=NetR10_2
Added Pin To Net: NetName=NetR30_2 Pin=VT10-3
Added Pin To Net: NetName=NetR30_2 Pin=VT12-3
Added Net: Name=NetR30_2
Added Pin To Net: NetName=NetR33_2 Pin=VT14-3
Added Pin To Net: NetName=NetR33_2 Pin=VT15-2
Added Net: Name=NetR33_2
Added Net: Name=NetR35_1
Added Net: Name=NetR36_1
Added Pin To Net: NetName=NetR56_2 Pin=VT18-3
Added Pin To Net: NetName=NetR56_2 Pin=VT20-3
Added Net: Name=NetR56_2
Added Pin To Net: NetName=NetR57_2 Pin=VT22-3
Added Pin To Net: NetName=NetR57_2 Pin=VT23-2
Added Net: Name=NetR57_2
Added Net: Name=NetR61_2
Added Pin To Net: NetName=NetRP10_2 Pin=U4-4
Added Net: Name=NetRP10_2
Added Pin To Net: NetName=NetVT1_1 Pin=VT1-1
Added Pin To Net: NetName=NetVT1_1 Pin=VT2-2
Added Net: Name=NetVT1_1
Added Pin To Net: NetName=NetVT3_1 Pin=VT4-2
Added Net: Name=NetVT3_1
Added Pin To Net: NetName=NetVT5_1 Pin=VT5-1
Added Pin To Net: NetName=NetVT5_1 Pin=VT6-2
Added Net: Name=NetVT5_1
Added Pin To Net: NetName=NetVT7_3 Pin=VT7-3
Added Net: Name=NetVT7_3
Added Pin To Net: NetName=NetVT9_1 Pin=VT9-1
Added Pin To Net: NetName=NetVT9_1 Pin=VT10-2
Added Net: Name=NetVT9_1
Added Pin To Net: NetName=NetVT11_1 Pin=VT12-2
Added Net: Name=NetVT11_1
Added Pin To Net: NetName=NetVT13_1 Pin=VT13-1
Added Pin To Net: NetName=NetVT13_1 Pin=VT14-2
Added Net: Name=NetVT13_1
Added Pin To Net: NetName=NetVT15_3 Pin=VT15-3
Added Net: Name=NetVT15_3
Added Pin To Net: NetName=NetVT17_1 Pin=VT17-1
Added Pin To Net: NetName=NetVT17_1 Pin=VT18-2
Added Net: Name=NetVT17_1
Added Pin To Net: NetName=NetVT19_1 Pin=VT20-2
Added Net: Name=NetVT19_1
Added Pin To Net: NetName=NetVT21_1 Pin=VT21-1
Added Pin To Net: NetName=NetVT21_1 Pin=VT22-2
Added Net: Name=NetVT21_1
Added Pin To Net: NetName=NetVT23_3 Pin=VT23-3
Added Net: Name=NetVT23_3
Added Pin To Net: NetName=VCC Pin=VT1-2
Added Pin To Net: NetName=VCC Pin=VT5-2
Added Pin To Net: NetName=VCC Pin=VT9-2
Added Pin To Net: NetName=VCC Pin=VT13-2
Added Pin To Net: NetName=VCC Pin=VT17-2
Added Pin To Net: NetName=VCC Pin=VT21-2
Added Net: Name=VCC
Added Class: Name=Giro_scope_2.0
Added Room: Name=Giro_scope_2.0
