Removed Pin From Net: NetName=NetJ2_1 Pin=VT1-3
Removed Pin From Net: NetName=NetJ2_2 Pin=VT5-3
Removed Pin From Net: NetName=NetVT7_3 Pin=VT8-1
Removed Pin From Net: NetName=GND_1 Pin=VT8-2
Removed Pin From Net: NetName=GND_1 Pin=VT8-2
Removed Pin From Net: NetName=NetJ2_2 Pin=VT8-3
Removed Pin From Net: NetName=VCC_2 Pin=VT9-2
Removed Pin From Net: NetName=VCC_2 Pin=VT9-2
Removed Pin From Net: NetName=NetJ9_1 Pin=VT9-3
Removed Pin From Net: NetName=GND_2 Pin=VT11-2
Removed Pin From Net: NetName=GND_2 Pin=VT11-2
Removed Pin From Net: NetName=NetJ9_1 Pin=VT11-3
Removed Pin From Net: NetName=VCC_2 Pin=VT13-2
Removed Pin From Net: NetName=VCC_2 Pin=VT13-2
Removed Pin From Net: NetName=NetJ9_2 Pin=VT13-3
Removed Pin From Net: NetName=NetR47_2 Pin=VT14-3
Removed Pin From Net: NetName=GND_2 Pin=VT15-2
Removed Pin From Net: NetName=GND_2 Pin=VT15-2
Removed Pin From Net: NetName=NetJ9_2 Pin=VT15-3
Removed Pin From Net: NetName=VCC_3 Pin=VT17-2
Removed Pin From Net: NetName=VCC_3 Pin=VT17-2
Removed Pin From Net: NetName=NetJ14_1 Pin=VT17-3
Removed Pin From Net: NetName=GND_3 Pin=VT19-2
Removed Pin From Net: NetName=GND_3 Pin=VT19-2
Removed Pin From Net: NetName=NetJ14_1 Pin=VT19-3
Removed Pin From Net: NetName=NetJ14_2 Pin=VT21-3
Removed Pin From Net: NetName=GND_3 Pin=VT23-2
Removed Pin From Net: NetName=GND_3 Pin=VT23-2
Removed Pin From Net: NetName=NetJ14_2 Pin=VT23-3
Removed Member From Class: ClassName=Giro_scope_2.0 Member=VT8
Removed Member From Class: ClassName=Giro_scope_2.0 Member=VT9
Removed Member From Class: ClassName=Giro_scope_2.0 Member=VT11
Removed Member From Class: ClassName=Giro_scope_2.0 Member=VT13
Removed Member From Class: ClassName=Giro_scope_2.0 Member=VT15
Removed Member From Class: ClassName=Giro_scope_2.0 Member=VT17
Removed Member From Class: ClassName=Giro_scope_2.0 Member=VT19
Removed Member From Class: ClassName=Giro_scope_2.0 Member=VT23
Change Component Footprint: Designator=VT14 Old Footprint=SOT-23_ONS New Footprint=SOT-23B_M
Change Component Footprint: Designator=VT2 Old Footprint=SOT-23_ONS-L New Footprint=SOT-23B_M
Added Component: Designator=VT?(PCBComponent_1)
Added Component: Designator=VT?(PCBComponent_1)
Added Component: Designator=VT?(PCBComponent_1)
Added Component: Designator=VT?(D882)
Added Component: Designator=VT?(D882)
Added Component: Designator=VT?(D882)
Added Component: Designator=VT?(PCBComponent_1)
Added Component: Designator=VT?(PCBComponent_1)
Added Pin To Net: NetName=NetJ2_1 Pin=VT1-1
Added Pin To Net: NetName=NetJ2_2 Pin=VT5-1
Added Pin To Net: NetName=NetR47_2 Pin=VT14-2
Added Pin To Net: NetName=NetJ14_2 Pin=VT21-1
Added Pin To Net: NetName=NetJ9_1 Pin=VT?-1
Added Pin To Net: NetName=NetJ9_2 Pin=VT?-1
Added Pin To Net: NetName=NetJ14_1 Pin=VT?-1
Added Pin To Net: NetName=NetVT7_3 Pin=VT?-1
Added Pin To Net: NetName=GND_1 Pin=VT?-2
Added Pin To Net: NetName=GND_1 Pin=VT?-2
Added Pin To Net: NetName=GND_2 Pin=VT?-2
Added Pin To Net: NetName=GND_2 Pin=VT?-2
Added Pin To Net: NetName=GND_2 Pin=VT?-2
Added Pin To Net: NetName=GND_2 Pin=VT?-2
Added Pin To Net: NetName=GND_3 Pin=VT?-2
Added Pin To Net: NetName=GND_3 Pin=VT?-2
Added Pin To Net: NetName=GND_3 Pin=VT?-2
Added Pin To Net: NetName=GND_3 Pin=VT?-2
Added Pin To Net: NetName=VCC_2 Pin=VT?-2
Added Pin To Net: NetName=VCC_2 Pin=VT?-2
Added Pin To Net: NetName=VCC_2 Pin=VT?-2
Added Pin To Net: NetName=VCC_2 Pin=VT?-2
Added Pin To Net: NetName=VCC_3 Pin=VT?-2
Added Pin To Net: NetName=VCC_3 Pin=VT?-2
Added Pin To Net: NetName=NetJ2_2 Pin=VT?-3
Added Pin To Net: NetName=NetJ9_1 Pin=VT?-3
Added Pin To Net: NetName=NetJ9_2 Pin=VT?-3
Added Pin To Net: NetName=NetJ14_1 Pin=VT?-3
Added Pin To Net: NetName=NetJ14_2 Pin=VT?-3
Added Pin To Net: NetName=NetVT1_3 Pin=VT1-3
Added Pin To Net: NetName=NetVT1_3 Pin=VT2-2
Added Net: Name=NetVT1_3
Added Pin To Net: NetName=NetVT5_3 Pin=VT5-3
Added Pin To Net: NetName=NetVT5_3 Pin=VT6-2
Added Net: Name=NetVT5_3
Added Pin To Net: NetName=NetVT10_2 Pin=VT10-2
Added Pin To Net: NetName=NetVT10_2 Pin=VT?-3
Added Net: Name=NetVT10_2
Added Pin To Net: NetName=NetVT12_2 Pin=VT12-2
Added Pin To Net: NetName=NetVT12_2 Pin=VT?-1
Added Net: Name=NetVT12_2
Added Pin To Net: NetName=NetVT14_3 Pin=VT14-3
Added Pin To Net: NetName=NetVT14_3 Pin=VT?-3
Added Net: Name=NetVT14_3
Added Pin To Net: NetName=NetVT16_3 Pin=VT16-3
Added Pin To Net: NetName=NetVT16_3 Pin=VT?-1
Added Net: Name=NetVT16_3
Added Pin To Net: NetName=NetVT18_2 Pin=VT18-2
Added Pin To Net: NetName=NetVT18_2 Pin=VT?-3
Added Net: Name=NetVT18_2
Added Pin To Net: NetName=NetVT20_2 Pin=VT20-2
Added Pin To Net: NetName=NetVT20_2 Pin=VT?-1
Added Net: Name=NetVT20_2
Added Pin To Net: NetName=NetVT21_3 Pin=VT21-3
Added Pin To Net: NetName=NetVT21_3 Pin=VT22-2
Added Net: Name=NetVT21_3
Added Pin To Net: NetName=NetVT24_3 Pin=VT24-3
Added Pin To Net: NetName=NetVT24_3 Pin=VT?-1
Added Net: Name=NetVT24_3
Added Member To Class: ClassName=Giro_scope_2.0 Member=Component VT? B772
Added Member To Class: ClassName=Giro_scope_2.0 Member=Component VT? B772
Added Member To Class: ClassName=Giro_scope_2.0 Member=Component VT? B772
Added Member To Class: ClassName=Giro_scope_2.0 Member=Component VT? D882
Added Member To Class: ClassName=Giro_scope_2.0 Member=Component VT? D882
Added Member To Class: ClassName=Giro_scope_2.0 Member=Component VT? D882
Added Member To Class: ClassName=Giro_scope_2.0 Member=Component VT? B772
Added Member To Class: ClassName=Giro_scope_2.0 Member=Component VT? B772
