Added Component: Designator=D10(Vishay_SS16-E3-61T_0)
Add component (AddParameter): Name = "ComponentLink1Description"; Value = "Upverter"; VariantName = "[No Variations]"
Add component (AddParameter): Name = "ComponentLink1URL"; Value = "https://upverter.com/upn/revision/46fb9ccadf7e3052/"; VariantName = "[No Variations]"
Add component (AddParameter): Name = "ComponentLink2Description"; Value = "Datasheet"; VariantName = "[No Variations]"
Add component (AddParameter): Name = "ComponentLink2URL"; Value = "http://www.vishay.com/docs/88746/ss12.pdf"; VariantName = "[No Variations]"
Add component (AddParameter): Name = "Current - Average Rectified (Io)"; Value = "1A"; VariantName = "[No Variations]"
Add component (AddParameter): Name = "Current - Reverse Leakage @ Vr"; Value = "200에 @ 60V"; VariantName = "[No Variations]"
Add component (AddParameter): Name = "Digikey Description"; Value = "Diode Schottky 60V 1A Surface Mount DO-214AC (SMA)"; VariantName = "[No Variations]"
Add component (AddParameter): Name = "Digikey Part Number"; Value = "SS16-E3/61TGICT-ND"; VariantName = "[No Variations]"
Add component (AddParameter): Name = "helpURL"; Value = "https://upverter.com/upn/revision/46fb9ccadf7e3052/"; VariantName = "[No Variations]"
Add component (AddParameter): Name = "Lead Free"; Value = "yes"; VariantName = "[No Variations]"
Add component (AddParameter): Name = "Manufacturer"; Value = "Vishay"; VariantName = "[No Variations]"
Add component (AddParameter): Name = "Mouser Part Number"; Value = "625-SS16-E3"; VariantName = "[No Variations]"
Add component (AddParameter): Name = "Package"; Value = "DO-214AC"; VariantName = "[No Variations]"
Add component (AddParameter): Name = "Part Number"; Value = "SS16-E3/61T"; VariantName = "[No Variations]"
Add component (AddParameter): Name = "Price"; Value = "0.180579591464"; VariantName = "[No Variations]"
Add component (AddParameter): Name = "RoHS"; Value = "TRUE"; VariantName = "[No Variations]"
Add component (AddParameter): Name = "Supplier 1"; Value = "Digi-Key"; VariantName = "[No Variations]"
Add component (AddParameter): Name = "Supplier 2"; Value = "Mouser"; VariantName = "[No Variations]"
Add component (AddParameter): Name = "Supplier Part Number 1"; Value = "SS16-E3/61TGICT-ND"; VariantName = "[No Variations]"
Add component (AddParameter): Name = "Supplier Part Number 2"; Value = "625-SS16-E3"; VariantName = "[No Variations]"
Add component (AddParameter): Name = "Temperature"; Value = "-65C to +150C"; VariantName = "[No Variations]"
Add component (AddParameter): Name = "Temperature Range High"; Value = "+150C"; VariantName = "[No Variations]"
Add component (AddParameter): Name = "Temperature Range Low"; Value = "-65C"; VariantName = "[No Variations]"
Add component (AddParameter): Name = "Voltage - DC Reverse (Vr) (Max)"; Value = "60V"; VariantName = "[No Variations]"
Add component (AddParameter): Name = "Voltage - Forward (Vf) (Max) @ If"; Value = "750mV @ 1A"; VariantName = "[No Variations]"
Added Component: Designator=D11(Vishay_SS16-E3-61T_0)
Add component (AddParameter): Name = "ComponentLink1Description"; Value = "Upverter"; VariantName = "[No Variations]"
Add component (AddParameter): Name = "ComponentLink1URL"; Value = "https://upverter.com/upn/revision/46fb9ccadf7e3052/"; VariantName = "[No Variations]"
Add component (AddParameter): Name = "ComponentLink2Description"; Value = "Datasheet"; VariantName = "[No Variations]"
Add component (AddParameter): Name = "ComponentLink2URL"; Value = "http://www.vishay.com/docs/88746/ss12.pdf"; VariantName = "[No Variations]"
Add component (AddParameter): Name = "Current - Average Rectified (Io)"; Value = "1A"; VariantName = "[No Variations]"
Add component (AddParameter): Name = "Current - Reverse Leakage @ Vr"; Value = "200에 @ 60V"; VariantName = "[No Variations]"
Add component (AddParameter): Name = "Digikey Description"; Value = "Diode Schottky 60V 1A Surface Mount DO-214AC (SMA)"; VariantName = "[No Variations]"
Add component (AddParameter): Name = "Digikey Part Number"; Value = "SS16-E3/61TGICT-ND"; VariantName = "[No Variations]"
Add component (AddParameter): Name = "helpURL"; Value = "https://upverter.com/upn/revision/46fb9ccadf7e3052/"; VariantName = "[No Variations]"
Add component (AddParameter): Name = "Lead Free"; Value = "yes"; VariantName = "[No Variations]"
Add component (AddParameter): Name = "Manufacturer"; Value = "Vishay"; VariantName = "[No Variations]"
Add component (AddParameter): Name = "Mouser Part Number"; Value = "625-SS16-E3"; VariantName = "[No Variations]"
Add component (AddParameter): Name = "Package"; Value = "DO-214AC"; VariantName = "[No Variations]"
Add component (AddParameter): Name = "Part Number"; Value = "SS16-E3/61T"; VariantName = "[No Variations]"
Add component (AddParameter): Name = "Price"; Value = "0.180579591464"; VariantName = "[No Variations]"
Add component (AddParameter): Name = "RoHS"; Value = "TRUE"; VariantName = "[No Variations]"
Add component (AddParameter): Name = "Supplier 1"; Value = "Digi-Key"; VariantName = "[No Variations]"
Add component (AddParameter): Name = "Supplier 2"; Value = "Mouser"; VariantName = "[No Variations]"
Add component (AddParameter): Name = "Supplier Part Number 1"; Value = "SS16-E3/61TGICT-ND"; VariantName = "[No Variations]"
Add component (AddParameter): Name = "Supplier Part Number 2"; Value = "625-SS16-E3"; VariantName = "[No Variations]"
Add component (AddParameter): Name = "Temperature"; Value = "-65C to +150C"; VariantName = "[No Variations]"
Add component (AddParameter): Name = "Temperature Range High"; Value = "+150C"; VariantName = "[No Variations]"
Add component (AddParameter): Name = "Temperature Range Low"; Value = "-65C"; VariantName = "[No Variations]"
Add component (AddParameter): Name = "Voltage - DC Reverse (Vr) (Max)"; Value = "60V"; VariantName = "[No Variations]"
Add component (AddParameter): Name = "Voltage - Forward (Vf) (Max) @ If"; Value = "750mV @ 1A"; VariantName = "[No Variations]"
Added Component: Designator=D12(Vishay_SS16-E3-61T_0)
Add component (AddParameter): Name = "ComponentLink1Description"; Value = "Upverter"; VariantName = "[No Variations]"
Add component (AddParameter): Name = "ComponentLink1URL"; Value = "https://upverter.com/upn/revision/46fb9ccadf7e3052/"; VariantName = "[No Variations]"
Add component (AddParameter): Name = "ComponentLink2Description"; Value = "Datasheet"; VariantName = "[No Variations]"
Add component (AddParameter): Name = "ComponentLink2URL"; Value = "http://www.vishay.com/docs/88746/ss12.pdf"; VariantName = "[No Variations]"
Add component (AddParameter): Name = "Current - Average Rectified (Io)"; Value = "1A"; VariantName = "[No Variations]"
Add component (AddParameter): Name = "Current - Reverse Leakage @ Vr"; Value = "200에 @ 60V"; VariantName = "[No Variations]"
Add component (AddParameter): Name = "Digikey Description"; Value = "Diode Schottky 60V 1A Surface Mount DO-214AC (SMA)"; VariantName = "[No Variations]"
Add component (AddParameter): Name = "Digikey Part Number"; Value = "SS16-E3/61TGICT-ND"; VariantName = "[No Variations]"
Add component (AddParameter): Name = "helpURL"; Value = "https://upverter.com/upn/revision/46fb9ccadf7e3052/"; VariantName = "[No Variations]"
Add component (AddParameter): Name = "Lead Free"; Value = "yes"; VariantName = "[No Variations]"
Add component (AddParameter): Name = "Manufacturer"; Value = "Vishay"; VariantName = "[No Variations]"
Add component (AddParameter): Name = "Mouser Part Number"; Value = "625-SS16-E3"; VariantName = "[No Variations]"
Add component (AddParameter): Name = "Package"; Value = "DO-214AC"; VariantName = "[No Variations]"
Add component (AddParameter): Name = "Part Number"; Value = "SS16-E3/61T"; VariantName = "[No Variations]"
Add component (AddParameter): Name = "Price"; Value = "0.180579591464"; VariantName = "[No Variations]"
Add component (AddParameter): Name = "RoHS"; Value = "TRUE"; VariantName = "[No Variations]"
Add component (AddParameter): Name = "Supplier 1"; Value = "Digi-Key"; VariantName = "[No Variations]"
Add component (AddParameter): Name = "Supplier 2"; Value = "Mouser"; VariantName = "[No Variations]"
Add component (AddParameter): Name = "Supplier Part Number 1"; Value = "SS16-E3/61TGICT-ND"; VariantName = "[No Variations]"
Add component (AddParameter): Name = "Supplier Part Number 2"; Value = "625-SS16-E3"; VariantName = "[No Variations]"
Add component (AddParameter): Name = "Temperature"; Value = "-65C to +150C"; VariantName = "[No Variations]"
Add component (AddParameter): Name = "Temperature Range High"; Value = "+150C"; VariantName = "[No Variations]"
Add component (AddParameter): Name = "Temperature Range Low"; Value = "-65C"; VariantName = "[No Variations]"
Add component (AddParameter): Name = "Voltage - DC Reverse (Vr) (Max)"; Value = "60V"; VariantName = "[No Variations]"
Add component (AddParameter): Name = "Voltage - Forward (Vf) (Max) @ If"; Value = "750mV @ 1A"; VariantName = "[No Variations]"
Added Component: Designator=D13(Vishay_SS16-E3-61T_0)
Add component (AddParameter): Name = "ComponentLink1Description"; Value = "Upverter"; VariantName = "[No Variations]"
Add component (AddParameter): Name = "ComponentLink1URL"; Value = "https://upverter.com/upn/revision/46fb9ccadf7e3052/"; VariantName = "[No Variations]"
Add component (AddParameter): Name = "ComponentLink2Description"; Value = "Datasheet"; VariantName = "[No Variations]"
Add component (AddParameter): Name = "ComponentLink2URL"; Value = "http://www.vishay.com/docs/88746/ss12.pdf"; VariantName = "[No Variations]"
Add component (AddParameter): Name = "Current - Average Rectified (Io)"; Value = "1A"; VariantName = "[No Variations]"
Add component (AddParameter): Name = "Current - Reverse Leakage @ Vr"; Value = "200에 @ 60V"; VariantName = "[No Variations]"
Add component (AddParameter): Name = "Digikey Description"; Value = "Diode Schottky 60V 1A Surface Mount DO-214AC (SMA)"; VariantName = "[No Variations]"
Add component (AddParameter): Name = "Digikey Part Number"; Value = "SS16-E3/61TGICT-ND"; VariantName = "[No Variations]"
Add component (AddParameter): Name = "helpURL"; Value = "https://upverter.com/upn/revision/46fb9ccadf7e3052/"; VariantName = "[No Variations]"
Add component (AddParameter): Name = "Lead Free"; Value = "yes"; VariantName = "[No Variations]"
Add component (AddParameter): Name = "Manufacturer"; Value = "Vishay"; VariantName = "[No Variations]"
Add component (AddParameter): Name = "Mouser Part Number"; Value = "625-SS16-E3"; VariantName = "[No Variations]"
Add component (AddParameter): Name = "Package"; Value = "DO-214AC"; VariantName = "[No Variations]"
Add component (AddParameter): Name = "Part Number"; Value = "SS16-E3/61T"; VariantName = "[No Variations]"
Add component (AddParameter): Name = "Price"; Value = "0.180579591464"; VariantName = "[No Variations]"
Add component (AddParameter): Name = "RoHS"; Value = "TRUE"; VariantName = "[No Variations]"
Add component (AddParameter): Name = "Supplier 1"; Value = "Digi-Key"; VariantName = "[No Variations]"
Add component (AddParameter): Name = "Supplier 2"; Value = "Mouser"; VariantName = "[No Variations]"
Add component (AddParameter): Name = "Supplier Part Number 1"; Value = "SS16-E3/61TGICT-ND"; VariantName = "[No Variations]"
Add component (AddParameter): Name = "Supplier Part Number 2"; Value = "625-SS16-E3"; VariantName = "[No Variations]"
Add component (AddParameter): Name = "Temperature"; Value = "-65C to +150C"; VariantName = "[No Variations]"
Add component (AddParameter): Name = "Temperature Range High"; Value = "+150C"; VariantName = "[No Variations]"
Add component (AddParameter): Name = "Temperature Range Low"; Value = "-65C"; VariantName = "[No Variations]"
Add component (AddParameter): Name = "Voltage - DC Reverse (Vr) (Max)"; Value = "60V"; VariantName = "[No Variations]"
Add component (AddParameter): Name = "Voltage - Forward (Vf) (Max) @ If"; Value = "750mV @ 1A"; VariantName = "[No Variations]"
Added Component: Designator=D14(Vishay_SS16-E3-61T_0)
Add component (AddParameter): Name = "ComponentLink1Description"; Value = "Upverter"; VariantName = "[No Variations]"
Add component (AddParameter): Name = "ComponentLink1URL"; Value = "https://upverter.com/upn/revision/46fb9ccadf7e3052/"; VariantName = "[No Variations]"
Add component (AddParameter): Name = "ComponentLink2Description"; Value = "Datasheet"; VariantName = "[No Variations]"
Add component (AddParameter): Name = "ComponentLink2URL"; Value = "http://www.vishay.com/docs/88746/ss12.pdf"; VariantName = "[No Variations]"
Add component (AddParameter): Name = "Current - Average Rectified (Io)"; Value = "1A"; VariantName = "[No Variations]"
Add component (AddParameter): Name = "Current - Reverse Leakage @ Vr"; Value = "200에 @ 60V"; VariantName = "[No Variations]"
Add component (AddParameter): Name = "Digikey Description"; Value = "Diode Schottky 60V 1A Surface Mount DO-214AC (SMA)"; VariantName = "[No Variations]"
Add component (AddParameter): Name = "Digikey Part Number"; Value = "SS16-E3/61TGICT-ND"; VariantName = "[No Variations]"
Add component (AddParameter): Name = "helpURL"; Value = "https://upverter.com/upn/revision/46fb9ccadf7e3052/"; VariantName = "[No Variations]"
Add component (AddParameter): Name = "Lead Free"; Value = "yes"; VariantName = "[No Variations]"
Add component (AddParameter): Name = "Manufacturer"; Value = "Vishay"; VariantName = "[No Variations]"
Add component (AddParameter): Name = "Mouser Part Number"; Value = "625-SS16-E3"; VariantName = "[No Variations]"
Add component (AddParameter): Name = "Package"; Value = "DO-214AC"; VariantName = "[No Variations]"
Add component (AddParameter): Name = "Part Number"; Value = "SS16-E3/61T"; VariantName = "[No Variations]"
Add component (AddParameter): Name = "Price"; Value = "0.180579591464"; VariantName = "[No Variations]"
Add component (AddParameter): Name = "RoHS"; Value = "TRUE"; VariantName = "[No Variations]"
Add component (AddParameter): Name = "Supplier 1"; Value = "Digi-Key"; VariantName = "[No Variations]"
Add component (AddParameter): Name = "Supplier 2"; Value = "Mouser"; VariantName = "[No Variations]"
Add component (AddParameter): Name = "Supplier Part Number 1"; Value = "SS16-E3/61TGICT-ND"; VariantName = "[No Variations]"
Add component (AddParameter): Name = "Supplier Part Number 2"; Value = "625-SS16-E3"; VariantName = "[No Variations]"
Add component (AddParameter): Name = "Temperature"; Value = "-65C to +150C"; VariantName = "[No Variations]"
Add component (AddParameter): Name = "Temperature Range High"; Value = "+150C"; VariantName = "[No Variations]"
Add component (AddParameter): Name = "Temperature Range Low"; Value = "-65C"; VariantName = "[No Variations]"
Add component (AddParameter): Name = "Voltage - DC Reverse (Vr) (Max)"; Value = "60V"; VariantName = "[No Variations]"
Add component (AddParameter): Name = "Voltage - Forward (Vf) (Max) @ If"; Value = "750mV @ 1A"; VariantName = "[No Variations]"
Added Component: Designator=D15(Vishay_SS16-E3-61T_0)
Add component (AddParameter): Name = "ComponentLink1Description"; Value = "Upverter"; VariantName = "[No Variations]"
Add component (AddParameter): Name = "ComponentLink1URL"; Value = "https://upverter.com/upn/revision/46fb9ccadf7e3052/"; VariantName = "[No Variations]"
Add component (AddParameter): Name = "ComponentLink2Description"; Value = "Datasheet"; VariantName = "[No Variations]"
Add component (AddParameter): Name = "ComponentLink2URL"; Value = "http://www.vishay.com/docs/88746/ss12.pdf"; VariantName = "[No Variations]"
Add component (AddParameter): Name = "Current - Average Rectified (Io)"; Value = "1A"; VariantName = "[No Variations]"
Add component (AddParameter): Name = "Current - Reverse Leakage @ Vr"; Value = "200에 @ 60V"; VariantName = "[No Variations]"
Add component (AddParameter): Name = "Digikey Description"; Value = "Diode Schottky 60V 1A Surface Mount DO-214AC (SMA)"; VariantName = "[No Variations]"
Add component (AddParameter): Name = "Digikey Part Number"; Value = "SS16-E3/61TGICT-ND"; VariantName = "[No Variations]"
Add component (AddParameter): Name = "helpURL"; Value = "https://upverter.com/upn/revision/46fb9ccadf7e3052/"; VariantName = "[No Variations]"
Add component (AddParameter): Name = "Lead Free"; Value = "yes"; VariantName = "[No Variations]"
Add component (AddParameter): Name = "Manufacturer"; Value = "Vishay"; VariantName = "[No Variations]"
Add component (AddParameter): Name = "Mouser Part Number"; Value = "625-SS16-E3"; VariantName = "[No Variations]"
Add component (AddParameter): Name = "Package"; Value = "DO-214AC"; VariantName = "[No Variations]"
Add component (AddParameter): Name = "Part Number"; Value = "SS16-E3/61T"; VariantName = "[No Variations]"
Add component (AddParameter): Name = "Price"; Value = "0.180579591464"; VariantName = "[No Variations]"
Add component (AddParameter): Name = "RoHS"; Value = "TRUE"; VariantName = "[No Variations]"
Add component (AddParameter): Name = "Supplier 1"; Value = "Digi-Key"; VariantName = "[No Variations]"
Add component (AddParameter): Name = "Supplier 2"; Value = "Mouser"; VariantName = "[No Variations]"
Add component (AddParameter): Name = "Supplier Part Number 1"; Value = "SS16-E3/61TGICT-ND"; VariantName = "[No Variations]"
Add component (AddParameter): Name = "Supplier Part Number 2"; Value = "625-SS16-E3"; VariantName = "[No Variations]"
Add component (AddParameter): Name = "Temperature"; Value = "-65C to +150C"; VariantName = "[No Variations]"
Add component (AddParameter): Name = "Temperature Range High"; Value = "+150C"; VariantName = "[No Variations]"
Add component (AddParameter): Name = "Temperature Range Low"; Value = "-65C"; VariantName = "[No Variations]"
Add component (AddParameter): Name = "Voltage - DC Reverse (Vr) (Max)"; Value = "60V"; VariantName = "[No Variations]"
Add component (AddParameter): Name = "Voltage - Forward (Vf) (Max) @ If"; Value = "750mV @ 1A"; VariantName = "[No Variations]"
Added Component: Designator=D16(Vishay_SS16-E3-61T_0)
Add component (AddParameter): Name = "ComponentLink1Description"; Value = "Upverter"; VariantName = "[No Variations]"
Add component (AddParameter): Name = "ComponentLink1URL"; Value = "https://upverter.com/upn/revision/46fb9ccadf7e3052/"; VariantName = "[No Variations]"
Add component (AddParameter): Name = "ComponentLink2Description"; Value = "Datasheet"; VariantName = "[No Variations]"
Add component (AddParameter): Name = "ComponentLink2URL"; Value = "http://www.vishay.com/docs/88746/ss12.pdf"; VariantName = "[No Variations]"
Add component (AddParameter): Name = "Current - Average Rectified (Io)"; Value = "1A"; VariantName = "[No Variations]"
Add component (AddParameter): Name = "Current - Reverse Leakage @ Vr"; Value = "200에 @ 60V"; VariantName = "[No Variations]"
Add component (AddParameter): Name = "Digikey Description"; Value = "Diode Schottky 60V 1A Surface Mount DO-214AC (SMA)"; VariantName = "[No Variations]"
Add component (AddParameter): Name = "Digikey Part Number"; Value = "SS16-E3/61TGICT-ND"; VariantName = "[No Variations]"
Add component (AddParameter): Name = "helpURL"; Value = "https://upverter.com/upn/revision/46fb9ccadf7e3052/"; VariantName = "[No Variations]"
Add component (AddParameter): Name = "Lead Free"; Value = "yes"; VariantName = "[No Variations]"
Add component (AddParameter): Name = "Manufacturer"; Value = "Vishay"; VariantName = "[No Variations]"
Add component (AddParameter): Name = "Mouser Part Number"; Value = "625-SS16-E3"; VariantName = "[No Variations]"
Add component (AddParameter): Name = "Package"; Value = "DO-214AC"; VariantName = "[No Variations]"
Add component (AddParameter): Name = "Part Number"; Value = "SS16-E3/61T"; VariantName = "[No Variations]"
Add component (AddParameter): Name = "Price"; Value = "0.180579591464"; VariantName = "[No Variations]"
Add component (AddParameter): Name = "RoHS"; Value = "TRUE"; VariantName = "[No Variations]"
Add component (AddParameter): Name = "Supplier 1"; Value = "Digi-Key"; VariantName = "[No Variations]"
Add component (AddParameter): Name = "Supplier 2"; Value = "Mouser"; VariantName = "[No Variations]"
Add component (AddParameter): Name = "Supplier Part Number 1"; Value = "SS16-E3/61TGICT-ND"; VariantName = "[No Variations]"
Add component (AddParameter): Name = "Supplier Part Number 2"; Value = "625-SS16-E3"; VariantName = "[No Variations]"
Add component (AddParameter): Name = "Temperature"; Value = "-65C to +150C"; VariantName = "[No Variations]"
Add component (AddParameter): Name = "Temperature Range High"; Value = "+150C"; VariantName = "[No Variations]"
Add component (AddParameter): Name = "Temperature Range Low"; Value = "-65C"; VariantName = "[No Variations]"
Add component (AddParameter): Name = "Voltage - DC Reverse (Vr) (Max)"; Value = "60V"; VariantName = "[No Variations]"
Add component (AddParameter): Name = "Voltage - Forward (Vf) (Max) @ If"; Value = "750mV @ 1A"; VariantName = "[No Variations]"
Added Component: Designator=D17(Vishay_SS16-E3-61T_0)
Add component (AddParameter): Name = "ComponentLink1Description"; Value = "Upverter"; VariantName = "[No Variations]"
Add component (AddParameter): Name = "ComponentLink1URL"; Value = "https://upverter.com/upn/revision/46fb9ccadf7e3052/"; VariantName = "[No Variations]"
Add component (AddParameter): Name = "ComponentLink2Description"; Value = "Datasheet"; VariantName = "[No Variations]"
Add component (AddParameter): Name = "ComponentLink2URL"; Value = "http://www.vishay.com/docs/88746/ss12.pdf"; VariantName = "[No Variations]"
Add component (AddParameter): Name = "Current - Average Rectified (Io)"; Value = "1A"; VariantName = "[No Variations]"
Add component (AddParameter): Name = "Current - Reverse Leakage @ Vr"; Value = "200에 @ 60V"; VariantName = "[No Variations]"
Add component (AddParameter): Name = "Digikey Description"; Value = "Diode Schottky 60V 1A Surface Mount DO-214AC (SMA)"; VariantName = "[No Variations]"
Add component (AddParameter): Name = "Digikey Part Number"; Value = "SS16-E3/61TGICT-ND"; VariantName = "[No Variations]"
Add component (AddParameter): Name = "helpURL"; Value = "https://upverter.com/upn/revision/46fb9ccadf7e3052/"; VariantName = "[No Variations]"
Add component (AddParameter): Name = "Lead Free"; Value = "yes"; VariantName = "[No Variations]"
Add component (AddParameter): Name = "Manufacturer"; Value = "Vishay"; VariantName = "[No Variations]"
Add component (AddParameter): Name = "Mouser Part Number"; Value = "625-SS16-E3"; VariantName = "[No Variations]"
Add component (AddParameter): Name = "Package"; Value = "DO-214AC"; VariantName = "[No Variations]"
Add component (AddParameter): Name = "Part Number"; Value = "SS16-E3/61T"; VariantName = "[No Variations]"
Add component (AddParameter): Name = "Price"; Value = "0.180579591464"; VariantName = "[No Variations]"
Add component (AddParameter): Name = "RoHS"; Value = "TRUE"; VariantName = "[No Variations]"
Add component (AddParameter): Name = "Supplier 1"; Value = "Digi-Key"; VariantName = "[No Variations]"
Add component (AddParameter): Name = "Supplier 2"; Value = "Mouser"; VariantName = "[No Variations]"
Add component (AddParameter): Name = "Supplier Part Number 1"; Value = "SS16-E3/61TGICT-ND"; VariantName = "[No Variations]"
Add component (AddParameter): Name = "Supplier Part Number 2"; Value = "625-SS16-E3"; VariantName = "[No Variations]"
Add component (AddParameter): Name = "Temperature"; Value = "-65C to +150C"; VariantName = "[No Variations]"
Add component (AddParameter): Name = "Temperature Range High"; Value = "+150C"; VariantName = "[No Variations]"
Add component (AddParameter): Name = "Temperature Range Low"; Value = "-65C"; VariantName = "[No Variations]"
Add component (AddParameter): Name = "Voltage - DC Reverse (Vr) (Max)"; Value = "60V"; VariantName = "[No Variations]"
Add component (AddParameter): Name = "Voltage - Forward (Vf) (Max) @ If"; Value = "750mV @ 1A"; VariantName = "[No Variations]"
Added Component: Designator=D18(Vishay_SS16-E3-61T_0)
Add component (AddParameter): Name = "ComponentLink1Description"; Value = "Upverter"; VariantName = "[No Variations]"
Add component (AddParameter): Name = "ComponentLink1URL"; Value = "https://upverter.com/upn/revision/46fb9ccadf7e3052/"; VariantName = "[No Variations]"
Add component (AddParameter): Name = "ComponentLink2Description"; Value = "Datasheet"; VariantName = "[No Variations]"
Add component (AddParameter): Name = "ComponentLink2URL"; Value = "http://www.vishay.com/docs/88746/ss12.pdf"; VariantName = "[No Variations]"
Add component (AddParameter): Name = "Current - Average Rectified (Io)"; Value = "1A"; VariantName = "[No Variations]"
Add component (AddParameter): Name = "Current - Reverse Leakage @ Vr"; Value = "200에 @ 60V"; VariantName = "[No Variations]"
Add component (AddParameter): Name = "Digikey Description"; Value = "Diode Schottky 60V 1A Surface Mount DO-214AC (SMA)"; VariantName = "[No Variations]"
Add component (AddParameter): Name = "Digikey Part Number"; Value = "SS16-E3/61TGICT-ND"; VariantName = "[No Variations]"
Add component (AddParameter): Name = "helpURL"; Value = "https://upverter.com/upn/revision/46fb9ccadf7e3052/"; VariantName = "[No Variations]"
Add component (AddParameter): Name = "Lead Free"; Value = "yes"; VariantName = "[No Variations]"
Add component (AddParameter): Name = "Manufacturer"; Value = "Vishay"; VariantName = "[No Variations]"
Add component (AddParameter): Name = "Mouser Part Number"; Value = "625-SS16-E3"; VariantName = "[No Variations]"
Add component (AddParameter): Name = "Package"; Value = "DO-214AC"; VariantName = "[No Variations]"
Add component (AddParameter): Name = "Part Number"; Value = "SS16-E3/61T"; VariantName = "[No Variations]"
Add component (AddParameter): Name = "Price"; Value = "0.180579591464"; VariantName = "[No Variations]"
Add component (AddParameter): Name = "RoHS"; Value = "TRUE"; VariantName = "[No Variations]"
Add component (AddParameter): Name = "Supplier 1"; Value = "Digi-Key"; VariantName = "[No Variations]"
Add component (AddParameter): Name = "Supplier 2"; Value = "Mouser"; VariantName = "[No Variations]"
Add component (AddParameter): Name = "Supplier Part Number 1"; Value = "SS16-E3/61TGICT-ND"; VariantName = "[No Variations]"
Add component (AddParameter): Name = "Supplier Part Number 2"; Value = "625-SS16-E3"; VariantName = "[No Variations]"
Add component (AddParameter): Name = "Temperature"; Value = "-65C to +150C"; VariantName = "[No Variations]"
Add component (AddParameter): Name = "Temperature Range High"; Value = "+150C"; VariantName = "[No Variations]"
Add component (AddParameter): Name = "Temperature Range Low"; Value = "-65C"; VariantName = "[No Variations]"
Add component (AddParameter): Name = "Voltage - DC Reverse (Vr) (Max)"; Value = "60V"; VariantName = "[No Variations]"
Add component (AddParameter): Name = "Voltage - Forward (Vf) (Max) @ If"; Value = "750mV @ 1A"; VariantName = "[No Variations]"
Added Component: Designator=D19(Vishay_SS16-E3-61T_0)
Add component (AddParameter): Name = "ComponentLink1Description"; Value = "Upverter"; VariantName = "[No Variations]"
Add component (AddParameter): Name = "ComponentLink1URL"; Value = "https://upverter.com/upn/revision/46fb9ccadf7e3052/"; VariantName = "[No Variations]"
Add component (AddParameter): Name = "ComponentLink2Description"; Value = "Datasheet"; VariantName = "[No Variations]"
Add component (AddParameter): Name = "ComponentLink2URL"; Value = "http://www.vishay.com/docs/88746/ss12.pdf"; VariantName = "[No Variations]"
Add component (AddParameter): Name = "Current - Average Rectified (Io)"; Value = "1A"; VariantName = "[No Variations]"
Add component (AddParameter): Name = "Current - Reverse Leakage @ Vr"; Value = "200에 @ 60V"; VariantName = "[No Variations]"
Add component (AddParameter): Name = "Digikey Description"; Value = "Diode Schottky 60V 1A Surface Mount DO-214AC (SMA)"; VariantName = "[No Variations]"
Add component (AddParameter): Name = "Digikey Part Number"; Value = "SS16-E3/61TGICT-ND"; VariantName = "[No Variations]"
Add component (AddParameter): Name = "helpURL"; Value = "https://upverter.com/upn/revision/46fb9ccadf7e3052/"; VariantName = "[No Variations]"
Add component (AddParameter): Name = "Lead Free"; Value = "yes"; VariantName = "[No Variations]"
Add component (AddParameter): Name = "Manufacturer"; Value = "Vishay"; VariantName = "[No Variations]"
Add component (AddParameter): Name = "Mouser Part Number"; Value = "625-SS16-E3"; VariantName = "[No Variations]"
Add component (AddParameter): Name = "Package"; Value = "DO-214AC"; VariantName = "[No Variations]"
Add component (AddParameter): Name = "Part Number"; Value = "SS16-E3/61T"; VariantName = "[No Variations]"
Add component (AddParameter): Name = "Price"; Value = "0.180579591464"; VariantName = "[No Variations]"
Add component (AddParameter): Name = "RoHS"; Value = "TRUE"; VariantName = "[No Variations]"
Add component (AddParameter): Name = "Supplier 1"; Value = "Digi-Key"; VariantName = "[No Variations]"
Add component (AddParameter): Name = "Supplier 2"; Value = "Mouser"; VariantName = "[No Variations]"
Add component (AddParameter): Name = "Supplier Part Number 1"; Value = "SS16-E3/61TGICT-ND"; VariantName = "[No Variations]"
Add component (AddParameter): Name = "Supplier Part Number 2"; Value = "625-SS16-E3"; VariantName = "[No Variations]"
Add component (AddParameter): Name = "Temperature"; Value = "-65C to +150C"; VariantName = "[No Variations]"
Add component (AddParameter): Name = "Temperature Range High"; Value = "+150C"; VariantName = "[No Variations]"
Add component (AddParameter): Name = "Temperature Range Low"; Value = "-65C"; VariantName = "[No Variations]"
Add component (AddParameter): Name = "Voltage - DC Reverse (Vr) (Max)"; Value = "60V"; VariantName = "[No Variations]"
Add component (AddParameter): Name = "Voltage - Forward (Vf) (Max) @ If"; Value = "750mV @ 1A"; VariantName = "[No Variations]"
Added Component: Designator=D20(Vishay_SS16-E3-61T_0)
Add component (AddParameter): Name = "ComponentLink1Description"; Value = "Upverter"; VariantName = "[No Variations]"
Add component (AddParameter): Name = "ComponentLink1URL"; Value = "https://upverter.com/upn/revision/46fb9ccadf7e3052/"; VariantName = "[No Variations]"
Add component (AddParameter): Name = "ComponentLink2Description"; Value = "Datasheet"; VariantName = "[No Variations]"
Add component (AddParameter): Name = "ComponentLink2URL"; Value = "http://www.vishay.com/docs/88746/ss12.pdf"; VariantName = "[No Variations]"
Add component (AddParameter): Name = "Current - Average Rectified (Io)"; Value = "1A"; VariantName = "[No Variations]"
Add component (AddParameter): Name = "Current - Reverse Leakage @ Vr"; Value = "200에 @ 60V"; VariantName = "[No Variations]"
Add component (AddParameter): Name = "Digikey Description"; Value = "Diode Schottky 60V 1A Surface Mount DO-214AC (SMA)"; VariantName = "[No Variations]"
Add component (AddParameter): Name = "Digikey Part Number"; Value = "SS16-E3/61TGICT-ND"; VariantName = "[No Variations]"
Add component (AddParameter): Name = "helpURL"; Value = "https://upverter.com/upn/revision/46fb9ccadf7e3052/"; VariantName = "[No Variations]"
Add component (AddParameter): Name = "Lead Free"; Value = "yes"; VariantName = "[No Variations]"
Add component (AddParameter): Name = "Manufacturer"; Value = "Vishay"; VariantName = "[No Variations]"
Add component (AddParameter): Name = "Mouser Part Number"; Value = "625-SS16-E3"; VariantName = "[No Variations]"
Add component (AddParameter): Name = "Package"; Value = "DO-214AC"; VariantName = "[No Variations]"
Add component (AddParameter): Name = "Part Number"; Value = "SS16-E3/61T"; VariantName = "[No Variations]"
Add component (AddParameter): Name = "Price"; Value = "0.180579591464"; VariantName = "[No Variations]"
Add component (AddParameter): Name = "RoHS"; Value = "TRUE"; VariantName = "[No Variations]"
Add component (AddParameter): Name = "Supplier 1"; Value = "Digi-Key"; VariantName = "[No Variations]"
Add component (AddParameter): Name = "Supplier 2"; Value = "Mouser"; VariantName = "[No Variations]"
Add component (AddParameter): Name = "Supplier Part Number 1"; Value = "SS16-E3/61TGICT-ND"; VariantName = "[No Variations]"
Add component (AddParameter): Name = "Supplier Part Number 2"; Value = "625-SS16-E3"; VariantName = "[No Variations]"
Add component (AddParameter): Name = "Temperature"; Value = "-65C to +150C"; VariantName = "[No Variations]"
Add component (AddParameter): Name = "Temperature Range High"; Value = "+150C"; VariantName = "[No Variations]"
Add component (AddParameter): Name = "Temperature Range Low"; Value = "-65C"; VariantName = "[No Variations]"
Add component (AddParameter): Name = "Voltage - DC Reverse (Vr) (Max)"; Value = "60V"; VariantName = "[No Variations]"
Add component (AddParameter): Name = "Voltage - Forward (Vf) (Max) @ If"; Value = "750mV @ 1A"; VariantName = "[No Variations]"
Added Component: Designator=D21(Vishay_SS16-E3-61T_0)
Add component (AddParameter): Name = "ComponentLink1Description"; Value = "Upverter"; VariantName = "[No Variations]"
Add component (AddParameter): Name = "ComponentLink1URL"; Value = "https://upverter.com/upn/revision/46fb9ccadf7e3052/"; VariantName = "[No Variations]"
Add component (AddParameter): Name = "ComponentLink2Description"; Value = "Datasheet"; VariantName = "[No Variations]"
Add component (AddParameter): Name = "ComponentLink2URL"; Value = "http://www.vishay.com/docs/88746/ss12.pdf"; VariantName = "[No Variations]"
Add component (AddParameter): Name = "Current - Average Rectified (Io)"; Value = "1A"; VariantName = "[No Variations]"
Add component (AddParameter): Name = "Current - Reverse Leakage @ Vr"; Value = "200에 @ 60V"; VariantName = "[No Variations]"
Add component (AddParameter): Name = "Digikey Description"; Value = "Diode Schottky 60V 1A Surface Mount DO-214AC (SMA)"; VariantName = "[No Variations]"
Add component (AddParameter): Name = "Digikey Part Number"; Value = "SS16-E3/61TGICT-ND"; VariantName = "[No Variations]"
Add component (AddParameter): Name = "helpURL"; Value = "https://upverter.com/upn/revision/46fb9ccadf7e3052/"; VariantName = "[No Variations]"
Add component (AddParameter): Name = "Lead Free"; Value = "yes"; VariantName = "[No Variations]"
Add component (AddParameter): Name = "Manufacturer"; Value = "Vishay"; VariantName = "[No Variations]"
Add component (AddParameter): Name = "Mouser Part Number"; Value = "625-SS16-E3"; VariantName = "[No Variations]"
Add component (AddParameter): Name = "Package"; Value = "DO-214AC"; VariantName = "[No Variations]"
Add component (AddParameter): Name = "Part Number"; Value = "SS16-E3/61T"; VariantName = "[No Variations]"
Add component (AddParameter): Name = "Price"; Value = "0.180579591464"; VariantName = "[No Variations]"
Add component (AddParameter): Name = "RoHS"; Value = "TRUE"; VariantName = "[No Variations]"
Add component (AddParameter): Name = "Supplier 1"; Value = "Digi-Key"; VariantName = "[No Variations]"
Add component (AddParameter): Name = "Supplier 2"; Value = "Mouser"; VariantName = "[No Variations]"
Add component (AddParameter): Name = "Supplier Part Number 1"; Value = "SS16-E3/61TGICT-ND"; VariantName = "[No Variations]"
Add component (AddParameter): Name = "Supplier Part Number 2"; Value = "625-SS16-E3"; VariantName = "[No Variations]"
Add component (AddParameter): Name = "Temperature"; Value = "-65C to +150C"; VariantName = "[No Variations]"
Add component (AddParameter): Name = "Temperature Range High"; Value = "+150C"; VariantName = "[No Variations]"
Add component (AddParameter): Name = "Temperature Range Low"; Value = "-65C"; VariantName = "[No Variations]"
Add component (AddParameter): Name = "Voltage - DC Reverse (Vr) (Max)"; Value = "60V"; VariantName = "[No Variations]"
Add component (AddParameter): Name = "Voltage - Forward (Vf) (Max) @ If"; Value = "750mV @ 1A"; VariantName = "[No Variations]"
Added Pin To Net: NetName=VCC_1 Pin=D10-1
Added Pin To Net: NetName=NetJ3_1 Pin=D10-2
Added Pin To Net: NetName=NetJ3_1 Pin=D11-1
Added Pin To Net: NetName=GND_1 Pin=D11-2
Added Pin To Net: NetName=VCC_1 Pin=D12-1
Added Pin To Net: NetName=NetIC1_3 Pin=D12-2
Added Pin To Net: NetName=NetIC1_3 Pin=D13-1
Added Pin To Net: NetName=GND_1 Pin=D13-2
Added Pin To Net: NetName=VCC_1 Pin=D14-1
Added Pin To Net: NetName=NetJ14_1 Pin=D14-2
Added Pin To Net: NetName=NetJ14_1 Pin=D15-1
Added Pin To Net: NetName=GND_1 Pin=D15-2
Added Pin To Net: NetName=VCC_1 Pin=D16-1
Added Pin To Net: NetName=NetIC2_3 Pin=D16-2
Added Pin To Net: NetName=NetIC2_3 Pin=D17-1
Added Pin To Net: NetName=GND_1 Pin=D17-2
Added Pin To Net: NetName=VCC_1 Pin=D18-1
Added Pin To Net: NetName=NetJ20_1 Pin=D18-2
Added Pin To Net: NetName=NetJ20_1 Pin=D19-1
Added Pin To Net: NetName=GND_1 Pin=D19-2
Added Pin To Net: NetName=VCC_1 Pin=D20-1
Added Pin To Net: NetName=NetIC3_3 Pin=D20-2
Added Pin To Net: NetName=NetIC3_3 Pin=D21-1
Added Pin To Net: NetName=GND_1 Pin=D21-2
Change Net Name : Old Net Name=NetIC1_3 New Net Name=NetD12_2
Change Net Name : Old Net Name=NetIC2_3 New Net Name=NetD16_2
Change Net Name : Old Net Name=NetIC3_3 New Net Name=NetD20_2
Change Net Name : Old Net Name=NetJ3_1 New Net Name=NetD10_2
Change Net Name : Old Net Name=NetJ14_1 New Net Name=NetD14_2
Change Net Name : Old Net Name=NetJ20_1 New Net Name=NetD18_2
Added Member To Class: ClassName=Giro_scope_2.0 Member=Component *11 JE
Added Member To Class: ClassName=Giro_scope_2.0 Member=Component D10 Diode_Vishay_SS16-E3-61T_eec
Added Member To Class: ClassName=Giro_scope_2.0 Member=Component D11 Diode_Vishay_SS16-E3-61T_eec
Added Member To Class: ClassName=Giro_scope_2.0 Member=Component D12 Diode_Vishay_SS16-E3-61T_eec
Added Member To Class: ClassName=Giro_scope_2.0 Member=Component D13 Diode_Vishay_SS16-E3-61T_eec
Added Member To Class: ClassName=Giro_scope_2.0 Member=Component D14 Diode_Vishay_SS16-E3-61T_eec
Added Member To Class: ClassName=Giro_scope_2.0 Member=Component D15 Diode_Vishay_SS16-E3-61T_eec
Added Member To Class: ClassName=Giro_scope_2.0 Member=Component D16 Diode_Vishay_SS16-E3-61T_eec
Added Member To Class: ClassName=Giro_scope_2.0 Member=Component D17 Diode_Vishay_SS16-E3-61T_eec
Added Member To Class: ClassName=Giro_scope_2.0 Member=Component D18 Diode_Vishay_SS16-E3-61T_eec
Added Member To Class: ClassName=Giro_scope_2.0 Member=Component D19 Diode_Vishay_SS16-E3-61T_eec
Added Member To Class: ClassName=Giro_scope_2.0 Member=Component D20 Diode_Vishay_SS16-E3-61T_eec
Added Member To Class: ClassName=Giro_scope_2.0 Member=Component D21 Diode_Vishay_SS16-E3-61T_eec
