Removed Pin From Net: NetName=NetIC?_3 Pin=IC?-3
Removed Pin From Net: NetName=NetIC?_3 Pin=IC?-3
Removed Pin From Net: NetName=NetIC?_3 Pin=IC?-4
Removed Pin From Net: NetName=NetIC?_3 Pin=IC?-4
Change Component Designator: OldDesignator=C? NewDesignator=C15
Change Component Designator: OldDesignator=C? NewDesignator=C16
Change Component Designator: OldDesignator=C? NewDesignator=C17
Change Component Designator: OldDesignator=C? NewDesignator=C18
Change Component Designator: OldDesignator=C? NewDesignator=C19
Change Component Designator: OldDesignator=C? NewDesignator=C20
Change Component Designator: OldDesignator=IC? NewDesignator=IC1
Change Component Designator: OldDesignator=IC? NewDesignator=IC2
Change Component Designator: OldDesignator=IC? NewDesignator=IC3
Change Component Designator: OldDesignator=P? NewDesignator=P9
Added Pin To Net: NetName=NetIC?_3 Pin=IC2-3
Added Pin To Net: NetName=NetIC?_3 Pin=IC2-4
Added Pin To Net: NetName=NetIC?_3 Pin=IC3-3
Added Pin To Net: NetName=NetIC?_3 Pin=IC3-4
Change Net Name : Old Net Name=NetC?_1 New Net Name=NetC17_1
Change Net Name : Old Net Name=NetC?_2 New Net Name=NetC19_2
Change Net Name : Old Net Name=NetIC?_1 New Net Name=NetIC3_1
Change Net Name : Old Net Name=NetIC?_3 New Net Name=NetIC1_3
Change Net Name : Old Net Name=NetIC?_3 New Net Name=NetIC2_3
Change Net Name : Old Net Name=NetIC?_3 New Net Name=NetIC3_3
Change Net Name : Old Net Name=NetIC?_7 New Net Name=NetIC3_7
Added Pin To Net: NetName=NetC15_1 Pin=C15-1
Added Pin To Net: NetName=NetC15_1 Pin=C16-1
Added Pin To Net: NetName=NetC15_1 Pin=IC1-5
Added Pin To Net: NetName=NetC15_1 Pin=J3-3
Added Net: Name=NetC15_1
Added Pin To Net: NetName=NetC15_2 Pin=C15-2
Added Pin To Net: NetName=NetC15_2 Pin=IC1-8
Added Pin To Net: NetName=NetC15_2 Pin=J3-5
Added Net: Name=NetC15_2
Added Pin To Net: NetName=NetC16_2 Pin=C16-2
Added Pin To Net: NetName=NetC16_2 Pin=IC1-6
Added Net: Name=NetC16_2
Added Pin To Net: NetName=NetC17_2 Pin=C17-2
Added Pin To Net: NetName=NetC17_2 Pin=IC2-8
Added Pin To Net: NetName=NetC17_2 Pin=J7-5
Added Net: Name=NetC17_2
Added Pin To Net: NetName=NetC18_2 Pin=C18-2
Added Pin To Net: NetName=NetC18_2 Pin=IC2-6
Added Net: Name=NetC18_2
Added Pin To Net: NetName=NetC19_1 Pin=C19-1
Added Pin To Net: NetName=NetC19_1 Pin=C20-1
Added Pin To Net: NetName=NetC19_1 Pin=IC3-5
Added Pin To Net: NetName=NetC19_1 Pin=J12-3
Added Net: Name=NetC19_1
Added Pin To Net: NetName=NetC20_2 Pin=C20-2
Added Pin To Net: NetName=NetC20_2 Pin=IC3-6
Added Net: Name=NetC20_2
Added Pin To Net: NetName=NetIC1_1 Pin=IC1-1
Added Pin To Net: NetName=NetIC1_1 Pin=IC1-2
Added Pin To Net: NetName=NetIC1_1 Pin=J2-2
Added Net: Name=NetIC1_1
Added Pin To Net: NetName=NetIC1_7 Pin=IC1-7
Added Pin To Net: NetName=NetIC1_7 Pin=J3-4
Added Net: Name=NetIC1_7
Added Pin To Net: NetName=NetIC2_1 Pin=IC2-1
Added Pin To Net: NetName=NetIC2_1 Pin=IC2-2
Added Pin To Net: NetName=NetIC2_1 Pin=J9-2
Added Net: Name=NetIC2_1
Added Pin To Net: NetName=NetIC2_7 Pin=IC2-7
Added Pin To Net: NetName=NetIC2_7 Pin=J7-4
Added Net: Name=NetIC2_7
Added Member To Class: ClassName=Giro_scope_2.0 Member=Component C15 0.1uF
Added Member To Class: ClassName=Giro_scope_2.0 Member=Component C16 0.1uF
Added Member To Class: ClassName=Giro_scope_2.0 Member=Component C17 0.1uF
Added Member To Class: ClassName=Giro_scope_2.0 Member=Component C19 0.1uF
Added Member To Class: ClassName=Giro_scope_2.0 Member=Component C20 0.1uF
Added Member To Class: ClassName=Giro_scope_2.0 Member=Component IC1 ACS712ELCTR-20A-T
Added Member To Class: ClassName=Giro_scope_2.0 Member=Component IC2 ACS712ELCTR-20A-T
