Removed Pin From Net: NetName=Net*1_8 Pin=P8-1
Removed Pin From Net: NetName=Net*2_8 Pin=P8-2
Removed Pin From Net: NetName=Net*3_8 Pin=P8-3
Removed Pin From Net: NetName=NetC12_2 Pin=P8-4
Removed Pin From Net: NetName=NetC13_2 Pin=P8-5
Removed Pin From Net: NetName=NetC14_2 Pin=P8-6
Removed Pin From Net: NetName=+12 Pin=P8-7
Removed Pin From Net: NetName=-12 Pin=P8-8
Removed Pin From Net: NetName=NetJ6_4 Pin=P9-1
Removed Pin From Net: NetName=NetJ11_4 Pin=P9-2
Removed Pin From Net: NetName=NetJ16_4 Pin=P9-3
Removed Pin From Net: NetName=+5 Pin=P9-4
Removed Pin From Net: NetName=-5 Pin=P9-5
Removed Pin From Net: NetName=Net*1_2 Pin=P9-6
Removed Pin From Net: NetName=Net*2_2 Pin=P9-7
Removed Pin From Net: NetName=Net*3_2 Pin=P9-8
Removed Member From Class: ClassName=Giro_scope_2.0 Member=P8
Removed Member From Class: ClassName=Giro_scope_2.0 Member=P9
Change Component Comment : Designator=R25 Old Comment=1K New Comment=100
Change Component Comment : Designator=RP11 Old Comment=1k New Comment=100
Change Component Comment : Designator=R17 Old Comment=1K New Comment=150
Change Component Comment : Designator=R66 Old Comment=1K New Comment=150
Change Component Comment : Designator=R69 Old Comment=620 New Comment=100
Added Component: Designator=J17(691101710003)
Add component (AddParameter): Name = "Application"; Value = "Pressure Clamp"; VariantName = "[No Variations]"
Add component (AddParameter): Name = "Category"; Value = "Terminal Blocks"; VariantName = "[No Variations]"
Add component (AddParameter): Name = "ComponentLink1Description"; Value = "Manufacturer Link"; VariantName = "[No Variations]"
Add component (AddParameter): Name = "ComponentLink1URL"; Value = "https://www.we-online.com/redexpert/article/691101710003?ad"; VariantName = "[No Variations]"
Add component (AddParameter): Name = "ComponentLink2Description"; Value = "Datasheet"; VariantName = "[No Variations]"
Add component (AddParameter): Name = "ComponentLink2URL"; Value = "https://www.we-online.com/redexpert/spec/691101710003?ad"; VariantName = "[No Variations]"
Add component (AddParameter): Name = "Manufacturer"; Value = "Wurth Elektronik"; VariantName = "[No Variations]"
Add component (AddParameter): Name = "Manufacturer Part Number"; Value = "691101710003"; VariantName = "[No Variations]"
Add component (AddParameter): Name = "Match Code"; Value = "WR-TBL"; VariantName = "[No Variations]"
Add component (AddParameter): Name = "Modularity"; Value = "Yes"; VariantName = "[No Variations]"
Add component (AddParameter): Name = "Mount"; Value = "Through Hole"; VariantName = "[No Variations]"
Add component (AddParameter): Name = "Operating Temperature Max"; Value = "105°C"; VariantName = "[No Variations]"
Add component (AddParameter): Name = "Operating Temperature Min"; Value = "-40°C"; VariantName = "[No Variations]"
Add component (AddParameter): Name = "Orientation"; Value = "Horizontal"; VariantName = "[No Variations]"
Add component (AddParameter): Name = "Packaging"; Value = "Box"; VariantName = "[No Variations]"
Add component (AddParameter): Name = "PCB/Cable/Panel"; Value = "PCB"; VariantName = "[No Variations]"
Add component (AddParameter): Name = "Pin Number"; Value = "3"; VariantName = "[No Variations]"
Add component (AddParameter): Name = "Pitch"; Value = "5mm"; VariantName = "[No Variations]"
Add component (AddParameter): Name = "Rated Current"; Value = "16A"; VariantName = "[No Variations]"
Add component (AddParameter): Name = "Working Voltage"; Value = "250V"; VariantName = "[No Variations]"
Added Component: Designator=J18(691101710002)
Add component (AddParameter): Name = "Application"; Value = "Pressure Clamp"; VariantName = "[No Variations]"
Add component (AddParameter): Name = "Category"; Value = "Terminal Blocks"; VariantName = "[No Variations]"
Add component (AddParameter): Name = "ComponentLink1Description"; Value = "Manufacturer Link"; VariantName = "[No Variations]"
Add component (AddParameter): Name = "ComponentLink1URL"; Value = "https://www.we-online.com/redexpert/article/691101710002?ad"; VariantName = "[No Variations]"
Add component (AddParameter): Name = "ComponentLink2Description"; Value = "Datasheet"; VariantName = "[No Variations]"
Add component (AddParameter): Name = "ComponentLink2URL"; Value = "https://www.we-online.com/redexpert/spec/691101710002?ad"; VariantName = "[No Variations]"
Add component (AddParameter): Name = "Manufacturer"; Value = "Wurth Elektronik"; VariantName = "[No Variations]"
Add component (AddParameter): Name = "Manufacturer Part Number"; Value = "691101710002"; VariantName = "[No Variations]"
Add component (AddParameter): Name = "Match Code"; Value = "WR-TBL"; VariantName = "[No Variations]"
Add component (AddParameter): Name = "Modularity"; Value = "Yes"; VariantName = "[No Variations]"
Add component (AddParameter): Name = "Mount"; Value = "Through Hole"; VariantName = "[No Variations]"
Add component (AddParameter): Name = "Operating Temperature Max"; Value = "105°C"; VariantName = "[No Variations]"
Add component (AddParameter): Name = "Operating Temperature Min"; Value = "-40°C"; VariantName = "[No Variations]"
Add component (AddParameter): Name = "Orientation"; Value = "Horizontal"; VariantName = "[No Variations]"
Add component (AddParameter): Name = "Packaging"; Value = "Box"; VariantName = "[No Variations]"
Add component (AddParameter): Name = "PCB/Cable/Panel"; Value = "PCB"; VariantName = "[No Variations]"
Add component (AddParameter): Name = "Pin Number"; Value = "2"; VariantName = "[No Variations]"
Add component (AddParameter): Name = "Pitch"; Value = "5mm"; VariantName = "[No Variations]"
Add component (AddParameter): Name = "Rated Current"; Value = "16A"; VariantName = "[No Variations]"
Add component (AddParameter): Name = "Working Voltage"; Value = "250V"; VariantName = "[No Variations]"
Added Component: Designator=J19(Wurth_61300611121_0)
Added Component: Designator=J20(Wurth_61300611121_0)
Added Component: Designator=J21(Wurth_61300611121_0)
Added Component: Designator=J22(Wurth_61300611121_0)
Added Component: Designator=P10(61900311121)
Add component (AddParameter): Name = "ComponentLink1Description"; Value = "Manufacturer"; VariantName = "[No Variations]"
Add component (AddParameter): Name = "ComponentLink1URL"; Value = "http://www.we-online.de"; VariantName = "[No Variations]"
Add component (AddParameter): Name = "ComponentLink2Description"; Value = "Datasheet"; VariantName = "[No Variations]"
Add component (AddParameter): Name = "ComponentLink2URL"; Value = "https://www.we-online.com/catalog/datasheet/61900311121.pdf"; VariantName = "[No Variations]"
Add component (AddParameter): Name = "Contact Resistance"; Value = "20mOhm"; VariantName = "[No Variations]"
Add component (AddParameter): Name = "Gender"; Value = "Male"; VariantName = "[No Variations]"
Add component (AddParameter): Name = "Mounting Technology"; Value = "THT"; VariantName = "[No Variations]"
Add component (AddParameter): Name = "Operating Temperature"; Value = "-40 to +105degC"; VariantName = "[No Variations]"
Add component (AddParameter): Name = "Packaging"; Value = "Bag"; VariantName = "[No Variations]"
Add component (AddParameter): Name = "Part Number"; Value = "61900311121"; VariantName = "[No Variations]"
Add component (AddParameter): Name = "Pin Number"; Value = "3"; VariantName = "[No Variations]"
Add component (AddParameter): Name = "Pitch"; Value = "2.54mm"; VariantName = "[No Variations]"
Add component (AddParameter): Name = "Published Date"; Value = "January 2020"; VariantName = "[No Variations]"
Add component (AddParameter): Name = "Publisher"; Value = "Wurth Elektronik"; VariantName = "[No Variations]"
Add component (AddParameter): Name = "Rated Current"; Value = "3A"; VariantName = "[No Variations]"
Add component (AddParameter): Name = "Type"; Value = "Vertical"; VariantName = "[No Variations]"
Add component (AddParameter): Name = "Withstanding Voltage"; Value = "1000VAC"; VariantName = "[No Variations]"
Add component (AddParameter): Name = "Working Voltage"; Value = "250VAC"; VariantName = "[No Variations]"
Added Component: Designator=P11(61900311121)
Add component (AddParameter): Name = "ComponentLink1Description"; Value = "Manufacturer"; VariantName = "[No Variations]"
Add component (AddParameter): Name = "ComponentLink1URL"; Value = "http://www.we-online.de"; VariantName = "[No Variations]"
Add component (AddParameter): Name = "ComponentLink2Description"; Value = "Datasheet"; VariantName = "[No Variations]"
Add component (AddParameter): Name = "ComponentLink2URL"; Value = "https://www.we-online.com/catalog/datasheet/61900311121.pdf"; VariantName = "[No Variations]"
Add component (AddParameter): Name = "Contact Resistance"; Value = "20mOhm"; VariantName = "[No Variations]"
Add component (AddParameter): Name = "Gender"; Value = "Male"; VariantName = "[No Variations]"
Add component (AddParameter): Name = "Mounting Technology"; Value = "THT"; VariantName = "[No Variations]"
Add component (AddParameter): Name = "Operating Temperature"; Value = "-40 to +105degC"; VariantName = "[No Variations]"
Add component (AddParameter): Name = "Packaging"; Value = "Bag"; VariantName = "[No Variations]"
Add component (AddParameter): Name = "Part Number"; Value = "61900311121"; VariantName = "[No Variations]"
Add component (AddParameter): Name = "Pin Number"; Value = "3"; VariantName = "[No Variations]"
Add component (AddParameter): Name = "Pitch"; Value = "2.54mm"; VariantName = "[No Variations]"
Add component (AddParameter): Name = "Published Date"; Value = "January 2020"; VariantName = "[No Variations]"
Add component (AddParameter): Name = "Publisher"; Value = "Wurth Elektronik"; VariantName = "[No Variations]"
Add component (AddParameter): Name = "Rated Current"; Value = "3A"; VariantName = "[No Variations]"
Add component (AddParameter): Name = "Type"; Value = "Vertical"; VariantName = "[No Variations]"
Add component (AddParameter): Name = "Withstanding Voltage"; Value = "1000VAC"; VariantName = "[No Variations]"
Add component (AddParameter): Name = "Working Voltage"; Value = "250VAC"; VariantName = "[No Variations]"
Added Component: Designator=R40(Vishay_CRCW0805-e3_IPC_A)
Add component (AddParameter): Name = "10k"; Value = ""; VariantName = "[No Variations]"
Added Component: Designator=R41(Vishay_CRCW0805-e3_IPC_A)
Add component (AddParameter): Name = "10k"; Value = ""; VariantName = "[No Variations]"
Added Component: Designator=R63(Vishay_CRCW0805-e3_IPC_A)
Add component (AddParameter): Name = "10k"; Value = ""; VariantName = "[No Variations]"
Added Component: Designator=TP58(Test_Point)
Added Component: Designator=TP59(Test_Point)
Added Component: Designator=TP60(Test_Point)
Added Component: Designator=TP61(Test_Point)
Added Component: Designator=TP62(Test_Point)
Added Component: Designator=TP63(Test_Point)
Added Component: Designator=TP64(Test_Point)
Added Component: Designator=TP65(Test_Point)
Added Component: Designator=Z3(BZX85C5V1(YJ))
Added Pin To Net: NetName=+5 Pin=J17-1
Added Pin To Net: NetName=Net*1_5 Pin=J17-2
Added Pin To Net: NetName=-5 Pin=J17-3
Added Pin To Net: NetName=VCC_1 Pin=J18-1
Added Pin To Net: NetName=GND_1 Pin=J18-2
Added Pin To Net: NetName=Net*3_8 Pin=J19-1
Added Pin To Net: NetName=Net*2_8 Pin=J19-2
Added Pin To Net: NetName=Net*1_8 Pin=J19-3
Added Pin To Net: NetName=Net*3_3 Pin=J19-4
Added Pin To Net: NetName=Net*2_3 Pin=J19-5
Added Pin To Net: NetName=Net*1_3 Pin=J19-6
Added Pin To Net: NetName=Net*3_2 Pin=J20-1
Added Pin To Net: NetName=Net*2_2 Pin=J20-2
Added Pin To Net: NetName=Net*1_2 Pin=J20-3
Added Pin To Net: NetName=NetJ16_4 Pin=J20-4
Added Pin To Net: NetName=NetJ11_4 Pin=J20-5
Added Pin To Net: NetName=NetJ6_4 Pin=J20-6
Added Pin To Net: NetName=-5 Pin=J21-1
Added Pin To Net: NetName=Net*1_5 Pin=J21-2
Added Pin To Net: NetName=-5 Pin=J21-3
Added Pin To Net: NetName=+5 Pin=J21-4
Added Pin To Net: NetName=Net*1_5 Pin=J21-5
Added Pin To Net: NetName=+5 Pin=J21-6
Added Pin To Net: NetName=Net*3_6 Pin=J22-1
Added Pin To Net: NetName=Net*2_6 Pin=J22-2
Added Pin To Net: NetName=Net*1_6 Pin=J22-3
Added Pin To Net: NetName=NetC14_2 Pin=J22-4
Added Pin To Net: NetName=NetC13_2 Pin=J22-5
Added Pin To Net: NetName=NetC12_2 Pin=J22-6
Added Pin To Net: NetName=Net*1_8 Pin=P10-1
Added Pin To Net: NetName=Net*2_8 Pin=P10-2
Added Pin To Net: NetName=Net*3_8 Pin=P10-3
Added Pin To Net: NetName=+12 Pin=P11-1
Added Pin To Net: NetName=Net*1_5 Pin=P11-2
Added Pin To Net: NetName=-12 Pin=P11-3
Added Pin To Net: NetName=Net*1_8 Pin=R40-1
Added Pin To Net: NetName=Net*1_9 Pin=R40-2
Added Pin To Net: NetName=Net*2_8 Pin=R41-1
Added Pin To Net: NetName=Net*2_9 Pin=R41-2
Added Pin To Net: NetName=Net*1_6 Pin=R44-2
Added Pin To Net: NetName=Net*2_6 Pin=R59-2
Added Pin To Net: NetName=Net*3_8 Pin=R63-1
Added Pin To Net: NetName=Net*3_9 Pin=R63-2
Added Pin To Net: NetName=Net*3_6 Pin=R72-2
Added Pin To Net: NetName=NetR73_2 Pin=TP58-1
Added Pin To Net: NetName=Net*1_5 Pin=TP59-1
Added Pin To Net: NetName=+5 Pin=Z3-1
Added Pin To Net: NetName=-5 Pin=Z3-2
Added Pin To Net: NetName=NetTP60_1 Pin=TP60-1
Added Pin To Net: NetName=NetTP60_1 Pin=VT1-3
Added Pin To Net: NetName=NetTP60_1 Pin=VT2-3
Added Net: Name=NetTP60_1
Added Pin To Net: NetName=NetTP61_1 Pin=TP61-1
Added Pin To Net: NetName=NetTP61_1 Pin=VT7-3
Added Pin To Net: NetName=NetTP61_1 Pin=VT8-1
Added Net: Name=NetTP61_1
Added Pin To Net: NetName=NetTP62_1 Pin=TP62-1
Added Pin To Net: NetName=NetTP62_1 Pin=VT13-3
Added Pin To Net: NetName=NetTP62_1 Pin=VT14-3
Added Net: Name=NetTP62_1
Added Pin To Net: NetName=NetTP63_1 Pin=TP63-1
Added Pin To Net: NetName=NetTP63_1 Pin=VT15-1
Added Pin To Net: NetName=NetTP63_1 Pin=VT16-3
Added Net: Name=NetTP63_1
Added Pin To Net: NetName=NetTP64_1 Pin=TP64-1
Added Pin To Net: NetName=NetTP64_1 Pin=VT21-3
Added Pin To Net: NetName=NetTP64_1 Pin=VT22-3
Added Net: Name=NetTP64_1
Added Pin To Net: NetName=NetTP65_1 Pin=TP65-1
Added Pin To Net: NetName=NetTP65_1 Pin=VT23-1
Added Pin To Net: NetName=NetTP65_1 Pin=VT24-3
Added Net: Name=NetTP65_1
Added Member To Class: ClassName=Giro_scope_2.0 Member=Component J17 691101710003
Added Member To Class: ClassName=Giro_scope_2.0 Member=Component J18 691101710002
Added Member To Class: ClassName=Giro_scope_2.0 Member=Component J19 61300611121
Added Member To Class: ClassName=Giro_scope_2.0 Member=Component J20 61300611121
Added Member To Class: ClassName=Giro_scope_2.0 Member=Component J21 61300611121
Added Member To Class: ClassName=Giro_scope_2.0 Member=Component J22 61300611121
Added Member To Class: ClassName=Giro_scope_2.0 Member=Component P10 61900311121
Added Member To Class: ClassName=Giro_scope_2.0 Member=Component P11 61900311121
Added Member To Class: ClassName=Giro_scope_2.0 Member=Component R40 1M
Added Member To Class: ClassName=Giro_scope_2.0 Member=Component R41 1M
Added Member To Class: ClassName=Giro_scope_2.0 Member=Component R63 1M
Added Member To Class: ClassName=Giro_scope_2.0 Member=Component TP58 Test_Point_PCB
Added Member To Class: ClassName=Giro_scope_2.0 Member=Component TP59 Test_Point_PCB
Added Member To Class: ClassName=Giro_scope_2.0 Member=Component TP60 Test_Point_PCB
Added Member To Class: ClassName=Giro_scope_2.0 Member=Component TP61 Test_Point_PCB
Added Member To Class: ClassName=Giro_scope_2.0 Member=Component TP62 Test_Point_PCB
Added Member To Class: ClassName=Giro_scope_2.0 Member=Component TP63 Test_Point_PCB
Added Member To Class: ClassName=Giro_scope_2.0 Member=Component TP64 Test_Point_PCB
Added Member To Class: ClassName=Giro_scope_2.0 Member=Component TP65 Test_Point_PCB
Added Member To Class: ClassName=Giro_scope_2.0 Member=Component Z3 Zenner Diode 5v1
