Removed Pin From Net: NetName=+5 Pin=C4-1
Removed Pin From Net: NetName=-5 Pin=C4-2
Removed Pin From Net: NetName=+12 Pin=C6-1
Removed Pin From Net: NetName=-12 Pin=D1-2
Removed Pin From Net: NetName=-12 Pin=D6-2
Removed Pin From Net: NetName=-12 Pin=D9-2
Removed Pin From Net: NetName=Net*1_10 Pin=R20-2
Removed Pin From Net: NetName=+12 Pin=R35-2
Removed Pin From Net: NetName=+12 Pin=R37-2
Removed Pin From Net: NetName=-12 Pin=R40-2
Removed Pin From Net: NetName=-12 Pin=R41-2
Removed Pin From Net: NetName=Net*2_5 Pin=R59-2
Removed Pin From Net: NetName=Net*2_10 Pin=R63-2
Removed Pin From Net: NetName=Net*3_10 Pin=R85-2
Removed Pin From Net: NetName=+12 Pin=RP5-1
Removed Pin From Net: NetName=-12 Pin=RP5-3
Removed Pin From Net: NetName=+12 Pin=RP7-1
Removed Pin From Net: NetName=-12 Pin=RP7-3
Removed Pin From Net: NetName=+5 Pin=Z1-1
Removed Pin From Net: NetName=-5 Pin=Z1-2
Removed Pin From Net: NetName=+12 Pin=Z2-1
Removed Pin From Net: NetName=-12 Pin=Z2-2
Removed Pin From Net: NetName=+12 Pin=Z5-1
Removed Pin From Net: NetName=-12 Pin=Z5-2
Removed Member From Class: ClassName=Giro_scope_2.0 Member=D1
Removed Member From Class: ClassName=Giro_scope_2.0 Member=D6
Removed Member From Class: ClassName=Giro_scope_2.0 Member=D9
Removed Member From Class: ClassName=Giro_scope_2.0 Member=R40
Removed Member From Class: ClassName=Giro_scope_2.0 Member=R41
Removed Member From Class: ClassName=Giro_scope_2.0 Member=R63
Removed Member From Class: ClassName=Giro_scope_2.0 Member=R85
Removed Member From Class: ClassName=Giro_scope_2.0 Member=RP5
Removed Member From Class: ClassName=Giro_scope_2.0 Member=RP7
Removed Member From Class: ClassName=Giro_scope_2.0 Member=Z1
Removed Member From Class: ClassName=Giro_scope_2.0 Member=Z2
Removed Member From Class: ClassName=Giro_scope_2.0 Member=Z5
Change Component Comment : Designator=R76 Old Comment=1K New Comment=50
Change Component Comment : Designator=R77 Old Comment=1K New Comment=50
Change Component Comment : Designator=R24 Old Comment=1k New Comment=430k
Change Component Comment : Designator=R65 Old Comment=1k New Comment=430k
Change Component Comment : Designator=R88 Old Comment=1k New Comment=430k
Change Component Comment : Designator=R35 Old Comment=5.1k New Comment=1k
Change Component Comment : Designator=R37 Old Comment=5.1k New Comment=1k
Change Component Comment : Designator=R43 Old Comment=10K New Comment=18K
Change Component Comment : Designator=R44 Old Comment=10K New Comment=18K
Change Component Comment : Designator=R58 Old Comment=10K New Comment=18K
Change Component Comment : Designator=R59 Old Comment=10K New Comment=18K
Change Component Comment : Designator=R71 Old Comment=10K New Comment=18K
Change Component Comment : Designator=R72 Old Comment=10K New Comment=18K
Added Pin To Net: NetName=Net*2_5 Pin=*1-5
Added Pin To Net: NetName=Net*2_5 Pin=*3-5
Added Pin To Net: NetName=+12 Pin=C4-1
Added Pin To Net: NetName=Net*2_5 Pin=C4-2
Added Pin To Net: NetName=Net*2_5 Pin=C6-1
Added Pin To Net: NetName=Net*1_9 Pin=R20-1
Added Pin To Net: NetName=GND Pin=R20-2
Added Pin To Net: NetName=Net*2_9 Pin=R35-1
Added Pin To Net: NetName=GND Pin=R35-2
Added Pin To Net: NetName=Net*3_9 Pin=R37-1
Added Pin To Net: NetName=GND Pin=R37-2
Added Pin To Net: NetName=Net*2_5 Pin=TP54-1
Added Pin To Net: NetName=Net*2_5 Pin=TP57-1
Change Net Name : Old Net Name=Net*2_5 New Net Name=Net*1_5
Added Pin To Net: NetName=NetR44_2 Pin=R44-2
Added Net: Name=NetR44_2
Added Pin To Net: NetName=NetR59_2 Pin=R59-2
Added Net: Name=NetR59_2
Added Pin To Net: NetName=NetR72_2 Pin=R72-2
Added Net: Name=NetR72_2
