Removed Pin From Net: NetName=NetIC?_7 Pin=J7-4
Removed Pin From Net: NetName=NetIC?_1 Pin=J9-2
Added Component: Designator=IC?(ACS712)
Add component (AddParameter): Name = "Arrow Part Number"; Value = "ACS712ELCTR-20A-T"; VariantName = "[No Variations]"
Add component (AddParameter): Name = "Arrow Price/Stock"; Value = "https://www.arrow.com/en/products/acs712elctr-20a-t/allegro-microsystems"; VariantName = "[No Variations]"
Add component (AddParameter): Name = "Datasheet Link"; Value = "https://datasheet.datasheetarchive.com/originals/distributors/SFDatasheet-0/sf-000553.pdf"; VariantName = "[No Variations]"
Add component (AddParameter): Name = "Height"; Value = "1.75mm"; VariantName = "[No Variations]"
Add component (AddParameter): Name = "Manufacturer_Name"; Value = "Allegro Microsystems"; VariantName = "[No Variations]"
Add component (AddParameter): Name = "Manufacturer_Part_Number"; Value = "ACS712ELCTR-20A-T"; VariantName = "[No Variations]"
Add component (AddParameter): Name = "Mouser Part Number"; Value = "250-712ELCTR20AT"; VariantName = "[No Variations]"
Add component (AddParameter): Name = "Mouser Price/Stock"; Value = "https://www.mouser.co.uk/ProductDetail/Allegro-MicroSystems/ACS712ELCTR-20A-T?qs=pUKx8fyJudBUdhIPMFjOBQ%3D%3D"; VariantName = "[No Variations]"
Add component (AddParameter): Name = "Mouser Testing Part Number"; Value = ""; VariantName = "[No Variations]"
Add component (AddParameter): Name = "Mouser Testing Price/Stock"; Value = ""; VariantName = "[No Variations]"
Added Component: Designator=IC?(ACS712)
Add component (AddParameter): Name = "Arrow Part Number"; Value = "ACS712ELCTR-20A-T"; VariantName = "[No Variations]"
Add component (AddParameter): Name = "Arrow Price/Stock"; Value = "https://www.arrow.com/en/products/acs712elctr-20a-t/allegro-microsystems"; VariantName = "[No Variations]"
Add component (AddParameter): Name = "Datasheet Link"; Value = "https://datasheet.datasheetarchive.com/originals/distributors/SFDatasheet-0/sf-000553.pdf"; VariantName = "[No Variations]"
Add component (AddParameter): Name = "Height"; Value = "1.75mm"; VariantName = "[No Variations]"
Add component (AddParameter): Name = "Manufacturer_Name"; Value = "Allegro Microsystems"; VariantName = "[No Variations]"
Add component (AddParameter): Name = "Manufacturer_Part_Number"; Value = "ACS712ELCTR-20A-T"; VariantName = "[No Variations]"
Add component (AddParameter): Name = "Mouser Part Number"; Value = "250-712ELCTR20AT"; VariantName = "[No Variations]"
Add component (AddParameter): Name = "Mouser Price/Stock"; Value = "https://www.mouser.co.uk/ProductDetail/Allegro-MicroSystems/ACS712ELCTR-20A-T?qs=pUKx8fyJudBUdhIPMFjOBQ%3D%3D"; VariantName = "[No Variations]"
Add component (AddParameter): Name = "Mouser Testing Part Number"; Value = ""; VariantName = "[No Variations]"
Add component (AddParameter): Name = "Mouser Testing Price/Stock"; Value = ""; VariantName = "[No Variations]"
Added Component: Designator=IC?(ACS712)
Add component (AddParameter): Name = "Arrow Part Number"; Value = "ACS712ELCTR-20A-T"; VariantName = "[No Variations]"
Add component (AddParameter): Name = "Arrow Price/Stock"; Value = "https://www.arrow.com/en/products/acs712elctr-20a-t/allegro-microsystems"; VariantName = "[No Variations]"
Add component (AddParameter): Name = "Datasheet Link"; Value = "https://datasheet.datasheetarchive.com/originals/distributors/SFDatasheet-0/sf-000553.pdf"; VariantName = "[No Variations]"
Add component (AddParameter): Name = "Height"; Value = "1.75mm"; VariantName = "[No Variations]"
Add component (AddParameter): Name = "Manufacturer_Name"; Value = "Allegro Microsystems"; VariantName = "[No Variations]"
Add component (AddParameter): Name = "Manufacturer_Part_Number"; Value = "ACS712ELCTR-20A-T"; VariantName = "[No Variations]"
Add component (AddParameter): Name = "Mouser Part Number"; Value = "250-712ELCTR20AT"; VariantName = "[No Variations]"
Add component (AddParameter): Name = "Mouser Price/Stock"; Value = "https://www.mouser.co.uk/ProductDetail/Allegro-MicroSystems/ACS712ELCTR-20A-T?qs=pUKx8fyJudBUdhIPMFjOBQ%3D%3D"; VariantName = "[No Variations]"
Add component (AddParameter): Name = "Mouser Testing Part Number"; Value = ""; VariantName = "[No Variations]"
Add component (AddParameter): Name = "Mouser Testing Price/Stock"; Value = ""; VariantName = "[No Variations]"
Added Pin To Net: NetName=NetIC?_1 Pin=IC?-1
Added Pin To Net: NetName=NetIC?_1 Pin=IC?-2
Added Pin To Net: NetName=NetIC?_3 Pin=IC?-3
Added Pin To Net: NetName=NetIC?_3 Pin=IC?-3
Added Pin To Net: NetName=NetIC?_3 Pin=IC?-3
Added Pin To Net: NetName=NetIC?_3 Pin=IC?-4
Added Pin To Net: NetName=NetIC?_3 Pin=IC?-4
Added Pin To Net: NetName=NetIC?_3 Pin=IC?-4
Added Pin To Net: NetName=NetC?_1 Pin=IC?-5
Added Pin To Net: NetName=NetIC?_7 Pin=IC?-7
Added Pin To Net: NetName=NetC?_2 Pin=IC?-8
Added Pin To Net: NetName=NetIC?_7 Pin=J12-4
Added Pin To Net: NetName=NetIC?_1 Pin=J14-2
Added Member To Class: ClassName=Giro_scope_2.0 Member=Component C? 0.1uF
Added Member To Class: ClassName=Giro_scope_2.0 Member=Component C? 0.1uF
Added Member To Class: ClassName=Giro_scope_2.0 Member=Component C? 0.1uF
Added Member To Class: ClassName=Giro_scope_2.0 Member=Component C? 0.1uF
Added Member To Class: ClassName=Giro_scope_2.0 Member=Component C? 0.1uF
Added Member To Class: ClassName=Giro_scope_2.0 Member=Component IC? ACS712ELCTR-20A-T
Added Member To Class: ClassName=Giro_scope_2.0 Member=Component IC? ACS712ELCTR-20A-T
Added Member To Class: ClassName=Giro_scope_2.0 Member=Component IC? ACS712ELCTR-20A-T
