Removed Pin From Net: NetName=Net*1_1 Pin=*2-1
Removed Pin From Net: NetName=Net*1_2 Pin=*2-2
Removed Pin From Net: NetName=Net*1_5 Pin=*2-5
Removed Pin From Net: NetName=Net*1_1 Pin=*3-1
Removed Pin From Net: NetName=Net*1_2 Pin=*3-2
Removed Pin From Net: NetName=Net*1_5 Pin=*3-5
Removed Pin From Net: NetName=GND Pin=C8-2
Removed Pin From Net: NetName=NetC8_1 Pin=CR2-1
Removed Pin From Net: NetName=VCC Pin=CR2-2
Removed Pin From Net: NetName=GND Pin=CR3-2
Removed Pin From Net: NetName=-12 Pin=D2-2
Removed Pin From Net: NetName=-12 Pin=D3-2
Removed Pin From Net: NetName=NetJ3_1 Pin=J3-1
Removed Pin From Net: NetName=NetJ2_1 Pin=R3-1
Removed Pin From Net: NetName=NetJ3_1 Pin=R14-1
Removed Pin From Net: NetName=Net*1_2 Pin=R21-1
Removed Pin From Net: NetName=Net*1_1 Pin=R21-2
Removed Pin From Net: NetName=NetJ3_1 Pin=R24-1
Removed Pin From Net: NetName=GND Pin=R25-2
Removed Pin From Net: NetName=Net*1_2 Pin=R28-2
Removed Pin From Net: NetName=Net*1_2 Pin=R29-1
Removed Pin From Net: NetName=Net*1_2 Pin=R31-1
Removed Pin From Net: NetName=VCC Pin=R32-1
Removed Pin From Net: NetName=+12 Pin=R32-2
Removed Pin From Net: NetName=NetC7_1 Pin=R39-1
Removed Pin From Net: NetName=Net*1_1 Pin=R39-2
Removed Pin From Net: NetName=Net*1_1 Pin=R43-2
Removed Pin From Net: NetName=-12 Pin=R45-1
Removed Pin From Net: NetName=GND Pin=R45-2
Removed Pin From Net: NetName=Net*1_2 Pin=R46-1
Removed Pin From Net: NetName=Net*1_1 Pin=R46-2
Removed Pin From Net: NetName=Net*1_2 Pin=R52-2
Removed Pin From Net: NetName=Net*1_2 Pin=R53-1
Removed Pin From Net: NetName=Net*1_2 Pin=R55-1
Removed Pin From Net: NetName=Net*1_1 Pin=R60-2
Removed Pin From Net: NetName=GND Pin=R61-1
Removed Pin From Net: NetName=Net*1_1 Pin=R62-2
Removed Pin From Net: NetName=Net*1_2 Pin=RP4-2
Removed Pin From Net: NetName=Net*1_2 Pin=RP9-2
Removed Pin From Net: NetName=Net*1_1 Pin=TP15-1
Removed Pin From Net: NetName=Net*1_2 Pin=TP20-1
Removed Pin From Net: NetName=NetR30_2 Pin=TP21-1
Removed Pin From Net: NetName=Net*1_1 Pin=TP28-1
Removed Pin From Net: NetName=Net*1_2 Pin=TP30-1
Removed Pin From Net: NetName=NetC8_1 Pin=U4-1
Removed Pin From Net: NetName=GND Pin=U4-3
Removed Pin From Net: NetName=GND Pin=U4-5
Removed Pin From Net: NetName=GND Pin=U4-6
Removed Pin From Net: NetName=VCC Pin=VT1-2
Removed Pin From Net: NetName=Net*1_7 Pin=VT2-1
Removed Pin From Net: NetName=Net*1_7 Pin=VT4-1
Removed Pin From Net: NetName=VCC Pin=VT5-2
Removed Pin From Net: NetName=Net*1_8 Pin=VT6-1
Removed Pin From Net: NetName=Net*1_8 Pin=VT7-1
Removed Pin From Net: NetName=VCC Pin=VT9-2
Removed Pin From Net: NetName=NetR30_2 Pin=VT10-3
Removed Pin From Net: NetName=NetR30_2 Pin=VT12-3
Removed Pin From Net: NetName=VCC Pin=VT13-2
Removed Pin From Net: NetName=VCC Pin=VT17-2
Removed Pin From Net: NetName=VCC Pin=VT21-2
Removed Member From Class: ClassName=Giro_scope_2.0 Member=C9
Removed Member From Class: ClassName=Giro_scope_2.0 Member=CR2
Removed Member From Class: ClassName=Giro_scope_2.0 Member=CR3
Removed Member From Class: ClassName=Giro_scope_2.0 Member=U4
Removed Member From Class: ClassName=Giro_scope_2.0 Member=Z?
Change Component Footprint: Designator=J3 Old Footprint=691101710002 New Footprint=Wurth_61300611121_0
Change Component Footprint: Designator=J4 Old Footprint=691101710002 New Footprint=Wurth_61300611121_0
Change Component Footprint: Designator=J5 Old Footprint=691101710002 New Footprint=Wurth_61300611121_0
Change Component Footprint: Designator=J6 Old Footprint=691101710002 New Footprint=Wurth_61300611121_0
Change Component Footprint: Designator=J7 Old Footprint=691101710002 New Footprint=Wurth_61300611121_0
Change Component Footprint: Designator=C8 Old Footprint=EEEFK1V331P New Footprint=KEMET_C0805C-DN_IPC_A
Change Component Comment : Designator=R34 Old Comment=1.2k New Comment=1M
Change Component Comment : Designator=R58 Old Comment=1.2k New Comment=10K
Change Component Comment : Designator=R51 Old Comment=1k New Comment=1.2k
Change Component Comment : Designator=R61 Old Comment=1k New Comment=3.3k
Change Component Comment : Designator=R30 Old Comment=1k New Comment=10K
Change Component Comment : Designator=R33 Old Comment=1k New Comment=10K
Change Component Comment : Designator=R44 Old Comment=1k New Comment=10K
Change Component Comment : Designator=R56 Old Comment=1k New Comment=100k
Change Component Comment : Designator=R64 Old Comment=1k New Comment=100k
Change Component Comment : Designator=R57 Old Comment=1k New Comment=620
Change Component Comment : Designator=R27 Old Comment=1M New Comment=10K
Change Component Comment : Designator=R59 Old Comment=1M New Comment=10K
Change Component Comment : Designator=R38 Old Comment=1M New Comment=100k
Change Component Comment : Designator=R62 Old Comment=3.3k New Comment=1k
Change Component Comment : Designator=R43 Old Comment=3.3k New Comment=10K
Change Component Comment : Designator=RP10 Old Comment=50k New Comment=1k
Change Component Comment : Designator=R17 Old Comment=620 New Comment=1K
Change Component Comment : Designator=R25 Old Comment=620 New Comment=1K
Change Component Comment : Designator=R39 Old Comment=620 New Comment=1k
Change Component Comment : Designator=R45 Old Comment=620 New Comment=3.3k
Change Component Comment : Designator=R60 Old Comment=620 New Comment=3.3k
Change Component Comment : Designator=R32 Old Comment=620 New Comment=10K
Change Component Comment : Designator=J3 Old Comment=691101710002 New Comment=61300611121
Change Component Comment : Designator=J4 Old Comment=691101710002 New Comment=61300611121
Change Component Comment : Designator=J5 Old Comment=691101710002 New Comment=61300611121
Change Component Comment : Designator=J6 Old Comment=691101710002 New Comment=61300611121
Change Component Comment : Designator=J7 Old Comment=691101710002 New Comment=61300611121
Change Component Comment : Designator=C8 Old Comment=EEE1HA101AP New Comment=2.2u
Change component parameters: Designator = "R38" ("R38"); Footprint = "Vishay_CRCW0805-e3_IPC_A"; UniqueID = "\GSGFQIGD" ("\GSGFQIGD")
Change component parameters (AddParameter): Name = "100k"; Value = ""; VariantName = "[No Variations]"
Change component parameters: Designator = "R56" ("R56"); Footprint = "Vishay_CRCW0805-e3_IPC_A"; UniqueID = "\OXHXWYOB" ("\OXHXWYOB")
Change component parameters (AddParameter): Name = "100k"; Value = ""; VariantName = "[No Variations]"
Change component parameters: Designator = "R64" ("R64"); Footprint = "Vishay_CRCW0805-e3_IPC_A"; UniqueID = "\ELXVHZSY" ("\ELXVHZSY")
Change component parameters (AddParameter): Name = "100k"; Value = ""; VariantName = "[No Variations]"
Change component parameters: Designator = "C8" ("C8"); Footprint = "EEEFK1V331P"; UniqueID = "\CQRZUIUC" ("\CQRZUIUC")
Change component parameters: Designator = "J3" ("J3"); Footprint = "691101710002"; UniqueID = "\ZCAALAMA" ("\ZCAALAMA")
Change component parameters: Designator = "J4" ("J4"); Footprint = "691101710002"; UniqueID = "\TXGIAFKH" ("\TXGIAFKH")
Change component parameters: Designator = "J5" ("J5"); Footprint = "691101710002"; UniqueID = "\PYDBXLJJ" ("\PYDBXLJJ")
Change component parameters: Designator = "J6" ("J6"); Footprint = "691101710002"; UniqueID = "\XLTNODBC" ("\XLTNODBC")
Change component parameters: Designator = "J7" ("J7"); Footprint = "691101710002"; UniqueID = "\VIOGXNYM" ("\VIOGXNYM")
Added Component: Designator=*4(D14-M)
Added Component: Designator=*5(D14-M)
Added Component: Designator=*6(D14-M)
Added Component: Designator=D4(Wurth_Electronics_0_MFG)
Add component (AddParameter): Name = "LatestRevisionDate"; Value = "17-Jul-2002"; VariantName = "[No Variations]"
Add component (AddParameter): Name = "LatestRevisionNote"; Value = "Re-released for DXP Platform."; VariantName = "[No Variations]"
Add component (AddParameter): Name = "PackageDescription"; Value = "SM LED; 2 Flat Leads"; VariantName = "[No Variations]"
Add component (AddParameter): Name = "PackageReference"; Value = "3.2X1.6X1.1"; VariantName = "[No Variations]"
Add component (AddParameter): Name = "PackageVersion"; Value = "Feb-2002"; VariantName = "[No Variations]"
Add component (AddParameter): Name = "Published"; Value = "8-Jun-2000"; VariantName = "[No Variations]"
Add component (AddParameter): Name = "Publisher"; Value = "Altium Limited"; VariantName = "[No Variations]"
Added Component: Designator=D5(Wurth_Electronics_0_MFG)
Add component (AddParameter): Name = "LatestRevisionDate"; Value = "17-Jul-2002"; VariantName = "[No Variations]"
Add component (AddParameter): Name = "LatestRevisionNote"; Value = "Re-released for DXP Platform."; VariantName = "[No Variations]"
Add component (AddParameter): Name = "PackageDescription"; Value = "SM LED; 2 Flat Leads"; VariantName = "[No Variations]"
Add component (AddParameter): Name = "PackageReference"; Value = "3.2X1.6X1.1"; VariantName = "[No Variations]"
Add component (AddParameter): Name = "PackageVersion"; Value = "Feb-2002"; VariantName = "[No Variations]"
Add component (AddParameter): Name = "Published"; Value = "8-Jun-2000"; VariantName = "[No Variations]"
Add component (AddParameter): Name = "Publisher"; Value = "Altium Limited"; VariantName = "[No Variations]"
Added Component: Designator=D6(Wurth_Electronics_0_MFG)
Add component (AddParameter): Name = "LatestRevisionDate"; Value = "17-Jul-2002"; VariantName = "[No Variations]"
Add component (AddParameter): Name = "LatestRevisionNote"; Value = "Re-released for DXP Platform."; VariantName = "[No Variations]"
Add component (AddParameter): Name = "PackageDescription"; Value = "SM LED; 2 Flat Leads"; VariantName = "[No Variations]"
Add component (AddParameter): Name = "PackageReference"; Value = "3.2X1.6X1.1"; VariantName = "[No Variations]"
Add component (AddParameter): Name = "PackageVersion"; Value = "Feb-2002"; VariantName = "[No Variations]"
Add component (AddParameter): Name = "Published"; Value = "8-Jun-2000"; VariantName = "[No Variations]"
Add component (AddParameter): Name = "Publisher"; Value = "Altium Limited"; VariantName = "[No Variations]"
Added Component: Designator=D7(Wurth_Electronics_0_MFG)
Add component (AddParameter): Name = "LatestRevisionDate"; Value = "17-Jul-2002"; VariantName = "[No Variations]"
Add component (AddParameter): Name = "LatestRevisionNote"; Value = "Re-released for DXP Platform."; VariantName = "[No Variations]"
Add component (AddParameter): Name = "PackageDescription"; Value = "SM LED; 2 Flat Leads"; VariantName = "[No Variations]"
Add component (AddParameter): Name = "PackageReference"; Value = "3.2X1.6X1.1"; VariantName = "[No Variations]"
Add component (AddParameter): Name = "PackageVersion"; Value = "Feb-2002"; VariantName = "[No Variations]"
Add component (AddParameter): Name = "Published"; Value = "8-Jun-2000"; VariantName = "[No Variations]"
Add component (AddParameter): Name = "Publisher"; Value = "Altium Limited"; VariantName = "[No Variations]"
Added Component: Designator=D8(Wurth_Electronics_0_MFG)
Add component (AddParameter): Name = "LatestRevisionDate"; Value = "17-Jul-2002"; VariantName = "[No Variations]"
Add component (AddParameter): Name = "LatestRevisionNote"; Value = "Re-released for DXP Platform."; VariantName = "[No Variations]"
Add component (AddParameter): Name = "PackageDescription"; Value = "SM LED; 2 Flat Leads"; VariantName = "[No Variations]"
Add component (AddParameter): Name = "PackageReference"; Value = "3.2X1.6X1.1"; VariantName = "[No Variations]"
Add component (AddParameter): Name = "PackageVersion"; Value = "Feb-2002"; VariantName = "[No Variations]"
Add component (AddParameter): Name = "Published"; Value = "8-Jun-2000"; VariantName = "[No Variations]"
Add component (AddParameter): Name = "Publisher"; Value = "Altium Limited"; VariantName = "[No Variations]"
Added Component: Designator=D9(Wurth_Electronics_0_MFG)
Add component (AddParameter): Name = "LatestRevisionDate"; Value = "17-Jul-2002"; VariantName = "[No Variations]"
Add component (AddParameter): Name = "LatestRevisionNote"; Value = "Re-released for DXP Platform."; VariantName = "[No Variations]"
Add component (AddParameter): Name = "PackageDescription"; Value = "SM LED; 2 Flat Leads"; VariantName = "[No Variations]"
Add component (AddParameter): Name = "PackageReference"; Value = "3.2X1.6X1.1"; VariantName = "[No Variations]"
Add component (AddParameter): Name = "PackageVersion"; Value = "Feb-2002"; VariantName = "[No Variations]"
Add component (AddParameter): Name = "Published"; Value = "8-Jun-2000"; VariantName = "[No Variations]"
Add component (AddParameter): Name = "Publisher"; Value = "Altium Limited"; VariantName = "[No Variations]"
Added Component: Designator=J8(Wurth_61300611121_0)
Added Component: Designator=J9(691101710002)
Add component (AddParameter): Name = "Application"; Value = "Pressure Clamp"; VariantName = "[No Variations]"
Add component (AddParameter): Name = "Category"; Value = "Terminal Blocks"; VariantName = "[No Variations]"
Add component (AddParameter): Name = "ComponentLink1Description"; Value = "Manufacturer Link"; VariantName = "[No Variations]"
Add component (AddParameter): Name = "ComponentLink1URL"; Value = "https://www.we-online.com/redexpert/article/691101710002?ad"; VariantName = "[No Variations]"
Add component (AddParameter): Name = "ComponentLink2Description"; Value = "Datasheet"; VariantName = "[No Variations]"
Add component (AddParameter): Name = "ComponentLink2URL"; Value = "https://www.we-online.com/redexpert/spec/691101710002?ad"; VariantName = "[No Variations]"
Add component (AddParameter): Name = "Manufacturer"; Value = "Wurth Elektronik"; VariantName = "[No Variations]"
Add component (AddParameter): Name = "Manufacturer Part Number"; Value = "691101710002"; VariantName = "[No Variations]"
Add component (AddParameter): Name = "Match Code"; Value = "WR-TBL"; VariantName = "[No Variations]"
Add component (AddParameter): Name = "Modularity"; Value = "Yes"; VariantName = "[No Variations]"
Add component (AddParameter): Name = "Mount"; Value = "Through Hole"; VariantName = "[No Variations]"
Add component (AddParameter): Name = "Operating Temperature Max"; Value = "105°C"; VariantName = "[No Variations]"
Add component (AddParameter): Name = "Operating Temperature Min"; Value = "-40°C"; VariantName = "[No Variations]"
Add component (AddParameter): Name = "Orientation"; Value = "Horizontal"; VariantName = "[No Variations]"
Add component (AddParameter): Name = "Packaging"; Value = "Box"; VariantName = "[No Variations]"
Add component (AddParameter): Name = "PCB/Cable/Panel"; Value = "PCB"; VariantName = "[No Variations]"
Add component (AddParameter): Name = "Pin Number"; Value = "2"; VariantName = "[No Variations]"
Add component (AddParameter): Name = "Pitch"; Value = "5mm"; VariantName = "[No Variations]"
Add component (AddParameter): Name = "Rated Current"; Value = "16A"; VariantName = "[No Variations]"
Add component (AddParameter): Name = "Working Voltage"; Value = "250V"; VariantName = "[No Variations]"
Added Component: Designator=J10(Wurth_61300611121_0)
Added Component: Designator=J11(Wurth_61300611121_0)
Added Component: Designator=J12(Wurth_61300611121_0)
Added Component: Designator=J13(Wurth_61300611121_0)
Added Component: Designator=J14(691101710002)
Add component (AddParameter): Name = "Application"; Value = "Pressure Clamp"; VariantName = "[No Variations]"
Add component (AddParameter): Name = "Category"; Value = "Terminal Blocks"; VariantName = "[No Variations]"
Add component (AddParameter): Name = "ComponentLink1Description"; Value = "Manufacturer Link"; VariantName = "[No Variations]"
Add component (AddParameter): Name = "ComponentLink1URL"; Value = "https://www.we-online.com/redexpert/article/691101710002?ad"; VariantName = "[No Variations]"
Add component (AddParameter): Name = "ComponentLink2Description"; Value = "Datasheet"; VariantName = "[No Variations]"
Add component (AddParameter): Name = "ComponentLink2URL"; Value = "https://www.we-online.com/redexpert/spec/691101710002?ad"; VariantName = "[No Variations]"
Add component (AddParameter): Name = "Manufacturer"; Value = "Wurth Elektronik"; VariantName = "[No Variations]"
Add component (AddParameter): Name = "Manufacturer Part Number"; Value = "691101710002"; VariantName = "[No Variations]"
Add component (AddParameter): Name = "Match Code"; Value = "WR-TBL"; VariantName = "[No Variations]"
Add component (AddParameter): Name = "Modularity"; Value = "Yes"; VariantName = "[No Variations]"
Add component (AddParameter): Name = "Mount"; Value = "Through Hole"; VariantName = "[No Variations]"
Add component (AddParameter): Name = "Operating Temperature Max"; Value = "105°C"; VariantName = "[No Variations]"
Add component (AddParameter): Name = "Operating Temperature Min"; Value = "-40°C"; VariantName = "[No Variations]"
Add component (AddParameter): Name = "Orientation"; Value = "Horizontal"; VariantName = "[No Variations]"
Add component (AddParameter): Name = "Packaging"; Value = "Box"; VariantName = "[No Variations]"
Add component (AddParameter): Name = "PCB/Cable/Panel"; Value = "PCB"; VariantName = "[No Variations]"
Add component (AddParameter): Name = "Pin Number"; Value = "2"; VariantName = "[No Variations]"
Add component (AddParameter): Name = "Pitch"; Value = "5mm"; VariantName = "[No Variations]"
Add component (AddParameter): Name = "Rated Current"; Value = "16A"; VariantName = "[No Variations]"
Add component (AddParameter): Name = "Working Voltage"; Value = "250V"; VariantName = "[No Variations]"
Added Component: Designator=J15(Wurth_61300611121_0)
Added Component: Designator=J16(Wurth_61300611121_0)
Added Component: Designator=R66(Vishay_CRCW0805-e3_IPC_A)
Add component (AddParameter): Name = "10k"; Value = ""; VariantName = "[No Variations]"
Added Component: Designator=R67(Vishay_CRCW0805-e3_IPC_A)
Add component (AddParameter): Name = "10k"; Value = ""; VariantName = "[No Variations]"
Added Component: Designator=R68(Vishay_CRCW0805-e3_IPC_A)
Add component (AddParameter): Name = "10k"; Value = ""; VariantName = "[No Variations]"
Added Component: Designator=R69(Vishay_CRCW0805-e3_IPC_A)
Add component (AddParameter): Name = "10k"; Value = ""; VariantName = "[No Variations]"
Added Component: Designator=R70(Vishay_CRCW0805-e3_IPC_A)
Add component (AddParameter): Name = "10k"; Value = ""; VariantName = "[No Variations]"
Added Component: Designator=R71(Vishay_CRCW0805-e3_IPC_A)
Add component (AddParameter): Name = "10k"; Value = ""; VariantName = "[No Variations]"
Added Component: Designator=R72(Vishay_CRCW0805-e3_IPC_A)
Add component (AddParameter): Name = "10k"; Value = ""; VariantName = "[No Variations]"
Added Component: Designator=R73(Vishay_CRCW0805-e3_IPC_A)
Add component (AddParameter): Name = "10k"; Value = ""; VariantName = "[No Variations]"
Added Component: Designator=R74(Vishay_CRCW0805-e3_IPC_A)
Add component (AddParameter): Name = "10k"; Value = ""; VariantName = "[No Variations]"
Added Component: Designator=R75(Vishay_CRCW0805-e3_IPC_A)
Add component (AddParameter): Name = "10k"; Value = ""; VariantName = "[No Variations]"
Added Component: Designator=R76(Vishay_CRCW0805-e3_IPC_A)
Add component (AddParameter): Name = "10k"; Value = ""; VariantName = "[No Variations]"
Added Component: Designator=R77(Vishay_CRCW0805-e3_IPC_A)
Add component (AddParameter): Name = "10k"; Value = ""; VariantName = "[No Variations]"
Added Component: Designator=R78(Vishay_CRCW0805-e3_IPC_A)
Add component (AddParameter): Name = "10k"; Value = ""; VariantName = "[No Variations]"
Added Component: Designator=R79(Vishay_CRCW0805-e3_IPC_A)
Add component (AddParameter): Name = "10k"; Value = ""; VariantName = "[No Variations]"
Added Component: Designator=R80(Vishay_CRCW0805-e3_IPC_A)
Add component (AddParameter): Name = "10k"; Value = ""; VariantName = "[No Variations]"
Added Component: Designator=R81(Vishay_CRCW0805-e3_IPC_A)
Add component (AddParameter): Name = "10k"; Value = ""; VariantName = "[No Variations]"
Added Component: Designator=R82(Vishay_CRCW0805-e3_IPC_A)
Add component (AddParameter): Name = "10k"; Value = ""; VariantName = "[No Variations]"
Added Component: Designator=R83(Vishay_CRCW0805-e3_IPC_A)
Add component (AddParameter): Name = "10k"; Value = ""; VariantName = "[No Variations]"
Added Component: Designator=R84(Vishay_CRCW0805-e3_IPC_A)
Add component (AddParameter): Name = "10k"; Value = ""; VariantName = "[No Variations]"
Added Component: Designator=R85(Vishay_CRCW0805-e3_IPC_A)
Add component (AddParameter): Name = "10k"; Value = ""; VariantName = "[No Variations]"
Added Component: Designator=R86(Vishay_CRCW0805-e3_IPC_A)
Add component (AddParameter): Name = "10k"; Value = ""; VariantName = "[No Variations]"
Added Component: Designator=R87(Vishay_CRCW0805-e3_IPC_A)
Add component (AddParameter): Name = "10k"; Value = ""; VariantName = "[No Variations]"
Added Component: Designator=R88(Vishay_CRCW0805-e3_IPC_A)
Add component (AddParameter): Name = "10k"; Value = ""; VariantName = "[No Variations]"
Added Component: Designator=RP11(Bourns_3296W_MFG)
Added Component: Designator=TP42(Test_Point)
Added Component: Designator=TP43(Test_Point)
Added Component: Designator=TP44(Test_Point)
Added Component: Designator=TP45(Test_Point)
Added Component: Designator=VT16(SOT-23_ONS-M)
Added Component: Designator=VT24(SOT-23_ONS-M)
Added Pin To Net: NetName=+12 Pin=*4-4
Added Pin To Net: NetName=NetR36_1 Pin=*4-5
Added Pin To Net: NetName=-12 Pin=*4-11
Added Pin To Net: NetName=+12 Pin=*5-4
Added Pin To Net: NetName=NetR36_1 Pin=*5-5
Added Pin To Net: NetName=-12 Pin=*5-11
Added Pin To Net: NetName=+12 Pin=*6-4
Added Pin To Net: NetName=-12 Pin=*6-11
Added Pin To Net: NetName=-12 Pin=D6-2
Added Pin To Net: NetName=-12 Pin=D9-2
Added Pin To Net: NetName=NetJ3_1 Pin=J2-2
Added Pin To Net: NetName=GND Pin=J4-1
Added Pin To Net: NetName=Net*1_8 Pin=J4-2
Added Pin To Net: NetName=Net*1_7 Pin=J4-4
Added Pin To Net: NetName=VCC Pin=J4-6
Added Pin To Net: NetName=NetJ2_1 Pin=J5-2
Added Pin To Net: NetName=NetJ3_1 Pin=J5-4
Added Pin To Net: NetName=GND Pin=J6-1
Added Pin To Net: NetName=GND Pin=J6-2
Added Pin To Net: NetName=GND Pin=J6-3
Added Pin To Net: NetName=VCC Pin=J6-4
Added Pin To Net: NetName=VCC Pin=J6-5
Added Pin To Net: NetName=VCC Pin=J6-6
Added Pin To Net: NetName=GND Pin=J8-1
Added Pin To Net: NetName=VCC Pin=J8-6
Added Pin To Net: NetName=GND Pin=J11-1
Added Pin To Net: NetName=GND Pin=J11-2
Added Pin To Net: NetName=GND Pin=J11-3
Added Pin To Net: NetName=VCC Pin=J11-4
Added Pin To Net: NetName=VCC Pin=J11-5
Added Pin To Net: NetName=VCC Pin=J11-6
Added Pin To Net: NetName=GND Pin=J13-1
Added Pin To Net: NetName=VCC Pin=J13-6
Added Pin To Net: NetName=GND Pin=J16-1
Added Pin To Net: NetName=GND Pin=J16-2
Added Pin To Net: NetName=GND Pin=J16-3
Added Pin To Net: NetName=VCC Pin=J16-4
Added Pin To Net: NetName=VCC Pin=J16-5
Added Pin To Net: NetName=VCC Pin=J16-6
Added Pin To Net: NetName=+5 Pin=R27-1
Added Pin To Net: NetName=+5 Pin=R30-1
Added Pin To Net: NetName=-5 Pin=R32-2
Added Pin To Net: NetName=-5 Pin=R33-2
Added Pin To Net: NetName=Net*1_8 Pin=R43-2
Added Pin To Net: NetName=Net*1_5 Pin=R44-2
Added Pin To Net: NetName=NetC7_1 Pin=R57-1
Added Pin To Net: NetName=Net*1_8 Pin=R58-2
Added Pin To Net: NetName=Net*1_5 Pin=R59-2
Added Pin To Net: NetName=VCC Pin=R66-1
Added Pin To Net: NetName=+5 Pin=R66-2
Added Pin To Net: NetName=+5 Pin=R67-1
Added Pin To Net: NetName=-5 Pin=R68-2
Added Pin To Net: NetName=GND Pin=R69-2
Added Pin To Net: NetName=GND Pin=R70-2
Added Pin To Net: NetName=Net*1_8 Pin=R71-2
Added Pin To Net: NetName=Net*1_5 Pin=R72-2
Added Pin To Net: NetName=VCC Pin=R76-1
Added Pin To Net: NetName=+12 Pin=R76-2
Added Pin To Net: NetName=VCC Pin=R77-1
Added Pin To Net: NetName=+12 Pin=R77-2
Added Pin To Net: NetName=NetC8_1 Pin=R81-1
Added Pin To Net: NetName=-12 Pin=R83-1
Added Pin To Net: NetName=GND Pin=R86-2
Added Pin To Net: NetName=GND Pin=R87-2
Added Pin To Net: NetName=-12 Pin=RP10-1
Added Pin To Net: NetName=-12 Pin=RP10-2
Added Pin To Net: NetName=-5 Pin=RP11-1
Added Pin To Net: NetName=-5 Pin=RP11-2
Change Net Name : Old Net Name=NetJ3_1 New Net Name=NetJ2_2
Change Net Name : Old Net Name=NetR36_1 New Net Name=Net*4_5
Added Pin To Net: NetName=GND_1 Pin=J3-1
Added Pin To Net: NetName=GND_1 Pin=J3-2
Added Pin To Net: NetName=GND_1 Pin=J3-3
Added Pin To Net: NetName=GND_1 Pin=J5-6
Added Net: Name=GND_1
Added Pin To Net: NetName=GND_2 Pin=J7-1
Added Pin To Net: NetName=GND_2 Pin=J7-2
Added Pin To Net: NetName=GND_2 Pin=J7-3
Added Pin To Net: NetName=GND_2 Pin=J10-6
Added Net: Name=GND_2
Added Pin To Net: NetName=GND_3 Pin=J12-1
Added Pin To Net: NetName=GND_3 Pin=J12-2
Added Pin To Net: NetName=GND_3 Pin=J12-3
Added Pin To Net: NetName=GND_3 Pin=J15-6
Added Net: Name=GND_3
Added Pin To Net: NetName=Net*2_1 Pin=*2-1
Added Pin To Net: NetName=Net*2_1 Pin=R21-2
Added Pin To Net: NetName=Net*2_1 Pin=R57-2
Added Pin To Net: NetName=Net*2_1 Pin=R61-2
Added Pin To Net: NetName=Net*2_1 Pin=TP15-1
Added Net: Name=Net*2_1
Added Pin To Net: NetName=Net*2_2 Pin=*2-2
Added Pin To Net: NetName=Net*2_2 Pin=R21-1
Added Pin To Net: NetName=Net*2_2 Pin=R28-2
Added Pin To Net: NetName=Net*2_2 Pin=R29-1
Added Pin To Net: NetName=Net*2_2 Pin=R31-1
Added Pin To Net: NetName=Net*2_2 Pin=RP4-2
Added Pin To Net: NetName=Net*2_2 Pin=TP20-1
Added Net: Name=Net*2_2
Added Pin To Net: NetName=Net*3_1 Pin=*3-1
Added Pin To Net: NetName=Net*3_1 Pin=R46-2
Added Pin To Net: NetName=Net*3_1 Pin=R81-2
Added Pin To Net: NetName=Net*3_1 Pin=R82-2
Added Pin To Net: NetName=Net*3_1 Pin=TP28-1
Added Net: Name=Net*3_1
Added Pin To Net: NetName=Net*3_2 Pin=*3-2
Added Pin To Net: NetName=Net*3_2 Pin=R46-1
Added Pin To Net: NetName=Net*3_2 Pin=R52-2
Added Pin To Net: NetName=Net*3_2 Pin=R53-1
Added Pin To Net: NetName=Net*3_2 Pin=R55-1
Added Pin To Net: NetName=Net*3_2 Pin=RP9-2
Added Pin To Net: NetName=Net*3_2 Pin=TP30-1
Added Net: Name=Net*3_2
Added Pin To Net: NetName=Net*4_6 Pin=*4-6
Added Pin To Net: NetName=Net*4_6 Pin=R34-2
Added Pin To Net: NetName=Net*4_6 Pin=TP21-1
Added Net: Name=Net*4_6
Added Pin To Net: NetName=Net*4_7 Pin=*4-7
Added Pin To Net: NetName=Net*4_7 Pin=J8-4
Added Pin To Net: NetName=Net*4_7 Pin=TP22-1
Added Net: Name=Net*4_7
Added Pin To Net: NetName=Net*4_8 Pin=*4-8
Added Pin To Net: NetName=Net*4_8 Pin=J8-2
Added Pin To Net: NetName=Net*4_8 Pin=TP27-1
Added Net: Name=Net*4_8
Added Pin To Net: NetName=Net*4_9 Pin=*4-9
Added Pin To Net: NetName=Net*4_9 Pin=R65-2
Added Pin To Net: NetName=Net*4_9 Pin=TP34-1
Added Net: Name=Net*4_9
Added Pin To Net: NetName=Net*4_10 Pin=*4-10
Added Pin To Net: NetName=Net*4_10 Pin=C7-2
Added Pin To Net: NetName=Net*4_10 Pin=R54-2
Added Pin To Net: NetName=Net*4_10 Pin=R61-1
Added Pin To Net: NetName=Net*4_10 Pin=R63-2
Added Pin To Net: NetName=Net*4_10 Pin=TP26-1
Added Net: Name=Net*4_10
Added Pin To Net: NetName=Net*4_12 Pin=*4-12
Added Pin To Net: NetName=Net*4_12 Pin=R43-1
Added Net: Name=Net*4_12
Added Pin To Net: NetName=Net*4_13 Pin=*4-13
Added Pin To Net: NetName=Net*4_13 Pin=R38-1
Added Pin To Net: NetName=Net*4_13 Pin=R44-1
Added Net: Name=Net*4_13
Added Pin To Net: NetName=Net*4_14 Pin=*4-14
Added Pin To Net: NetName=Net*4_14 Pin=D2-1
Added Pin To Net: NetName=Net*4_14 Pin=D3-2
Added Pin To Net: NetName=Net*4_14 Pin=R38-2
Added Net: Name=Net*4_14
Added Pin To Net: NetName=Net*5_6 Pin=*5-6
Added Pin To Net: NetName=Net*5_6 Pin=R74-2
Added Pin To Net: NetName=Net*5_6 Pin=TP36-1
Added Net: Name=Net*5_6
Added Pin To Net: NetName=Net*5_7 Pin=*5-7
Added Pin To Net: NetName=Net*5_7 Pin=J13-4
Added Pin To Net: NetName=Net*5_7 Pin=TP37-1
Added Net: Name=Net*5_7
Added Pin To Net: NetName=Net*5_8 Pin=*5-8
Added Pin To Net: NetName=Net*5_8 Pin=J13-2
Added Pin To Net: NetName=Net*5_8 Pin=TP41-1
Added Net: Name=Net*5_8
Added Pin To Net: NetName=Net*5_9 Pin=*5-9
Added Pin To Net: NetName=Net*5_9 Pin=R88-2
Added Pin To Net: NetName=Net*5_9 Pin=TP45-1
Added Net: Name=Net*5_9
Added Pin To Net: NetName=Net*5_10 Pin=*5-10
Added Pin To Net: NetName=Net*5_10 Pin=C8-2
Added Pin To Net: NetName=Net*5_10 Pin=R80-2
Added Pin To Net: NetName=Net*5_10 Pin=R82-1
Added Pin To Net: NetName=Net*5_10 Pin=R85-2
Added Pin To Net: NetName=Net*5_10 Pin=TP40-1
Added Net: Name=Net*5_10
Added Pin To Net: NetName=Net*5_12 Pin=*5-12
Added Pin To Net: NetName=Net*5_12 Pin=R58-1
Added Net: Name=Net*5_12
Added Pin To Net: NetName=Net*5_13 Pin=*5-13
Added Pin To Net: NetName=Net*5_13 Pin=R56-1
Added Pin To Net: NetName=Net*5_13 Pin=R59-1
Added Net: Name=Net*5_13
Added Pin To Net: NetName=Net*5_14 Pin=*5-14
Added Pin To Net: NetName=Net*5_14 Pin=D4-1
Added Pin To Net: NetName=Net*5_14 Pin=D5-2
Added Pin To Net: NetName=Net*5_14 Pin=R56-2
Added Net: Name=Net*5_14
Added Pin To Net: NetName=Net*6_12 Pin=*6-12
Added Pin To Net: NetName=Net*6_12 Pin=R71-1
Added Net: Name=Net*6_12
Added Pin To Net: NetName=Net*6_13 Pin=*6-13
Added Pin To Net: NetName=Net*6_13 Pin=R64-1
Added Pin To Net: NetName=Net*6_13 Pin=R72-1
Added Net: Name=Net*6_13
Added Pin To Net: NetName=Net*6_14 Pin=*6-14
Added Pin To Net: NetName=Net*6_14 Pin=D7-1
Added Pin To Net: NetName=Net*6_14 Pin=D8-2
Added Pin To Net: NetName=Net*6_14 Pin=R64-2
Added Net: Name=Net*6_14
Added Pin To Net: NetName=NetD2_2 Pin=D2-2
Added Pin To Net: NetName=NetD2_2 Pin=D3-1
Added Pin To Net: NetName=NetD2_2 Pin=R45-2
Added Net: Name=NetD2_2
Added Pin To Net: NetName=NetD4_2 Pin=D4-2
Added Pin To Net: NetName=NetD4_2 Pin=D5-1
Added Pin To Net: NetName=NetD4_2 Pin=R60-2
Added Net: Name=NetD4_2
Added Pin To Net: NetName=NetD6_1 Pin=D6-1
Added Pin To Net: NetName=NetD6_1 Pin=R63-1
Added Net: Name=NetD6_1
Added Pin To Net: NetName=NetD7_2 Pin=D7-2
Added Pin To Net: NetName=NetD7_2 Pin=D8-1
Added Pin To Net: NetName=NetD7_2 Pin=R73-2
Added Net: Name=NetD7_2
Added Pin To Net: NetName=NetD9_1 Pin=D9-1
Added Pin To Net: NetName=NetD9_1 Pin=R85-1
Added Net: Name=NetD9_1
Added Pin To Net: NetName=NetJ4_3 Pin=J4-3
Added Pin To Net: NetName=NetJ4_3 Pin=R14-1
Added Pin To Net: NetName=NetJ4_3 Pin=R24-1
Added Net: Name=NetJ4_3
Added Pin To Net: NetName=NetJ4_5 Pin=J4-5
Added Pin To Net: NetName=NetJ4_5 Pin=R3-1
Added Net: Name=NetJ4_5
Added Pin To Net: NetName=NetJ5_3 Pin=J5-3
Added Pin To Net: NetName=NetJ5_3 Pin=TP17-1
Added Pin To Net: NetName=NetJ5_3 Pin=VT2-1
Added Pin To Net: NetName=NetJ5_3 Pin=VT4-1
Added Net: Name=NetJ5_3
Added Pin To Net: NetName=NetJ5_5 Pin=J5-5
Added Pin To Net: NetName=NetJ5_5 Pin=TP18-1
Added Pin To Net: NetName=NetJ5_5 Pin=VT6-1
Added Pin To Net: NetName=NetJ5_5 Pin=VT7-1
Added Net: Name=NetJ5_5
Added Pin To Net: NetName=NetJ8_3 Pin=J8-3
Added Pin To Net: NetName=NetJ8_3 Pin=R54-1
Added Pin To Net: NetName=NetJ8_3 Pin=R65-1
Added Net: Name=NetJ8_3
Added Pin To Net: NetName=NetJ8_5 Pin=J8-5
Added Pin To Net: NetName=NetJ8_5 Pin=R34-1
Added Net: Name=NetJ8_5
Added Pin To Net: NetName=NetJ9_1 Pin=J9-1
Added Pin To Net: NetName=NetJ9_1 Pin=J10-2
Added Pin To Net: NetName=NetJ9_1 Pin=R39-1
Added Pin To Net: NetName=NetJ9_1 Pin=R51-1
Added Pin To Net: NetName=NetJ9_1 Pin=TP23-1
Added Pin To Net: NetName=NetJ9_1 Pin=VT9-3
Added Net: Name=NetJ9_1
Added Pin To Net: NetName=NetJ9_2 Pin=J9-2
Added Pin To Net: NetName=NetJ9_2 Pin=J10-4
Added Pin To Net: NetName=NetJ9_2 Pin=R51-2
Added Pin To Net: NetName=NetJ9_2 Pin=R62-1
Added Pin To Net: NetName=NetJ9_2 Pin=TP31-1
Added Pin To Net: NetName=NetJ9_2 Pin=VT13-3
Added Net: Name=NetJ9_2
Added Pin To Net: NetName=NetJ10_3 Pin=J10-3
Added Pin To Net: NetName=NetJ10_3 Pin=TP19-1
Added Pin To Net: NetName=NetJ10_3 Pin=VT10-1
Added Pin To Net: NetName=NetJ10_3 Pin=VT12-1
Added Net: Name=NetJ10_3
Added Pin To Net: NetName=NetJ10_5 Pin=J10-5
Added Pin To Net: NetName=NetJ10_5 Pin=TP32-1
Added Pin To Net: NetName=NetJ10_5 Pin=VT14-1
Added Pin To Net: NetName=NetJ10_5 Pin=VT16-1
Added Net: Name=NetJ10_5
Added Pin To Net: NetName=NetJ13_3 Pin=J13-3
Added Pin To Net: NetName=NetJ13_3 Pin=R80-1
Added Pin To Net: NetName=NetJ13_3 Pin=R88-1
Added Net: Name=NetJ13_3
Added Pin To Net: NetName=NetJ13_5 Pin=J13-5
Added Pin To Net: NetName=NetJ13_5 Pin=R74-1
Added Net: Name=NetJ13_5
Added Pin To Net: NetName=NetJ14_1 Pin=J14-1
Added Pin To Net: NetName=NetJ14_1 Pin=J15-2
Added Pin To Net: NetName=NetJ14_1 Pin=R75-1
Added Pin To Net: NetName=NetJ14_1 Pin=R79-1
Added Pin To Net: NetName=NetJ14_1 Pin=TP38-1
Added Pin To Net: NetName=NetJ14_1 Pin=VT17-3
Added Net: Name=NetJ14_1
Added Pin To Net: NetName=NetJ14_2 Pin=J14-2
Added Pin To Net: NetName=NetJ14_2 Pin=J15-4
Added Pin To Net: NetName=NetJ14_2 Pin=R79-2
Added Pin To Net: NetName=NetJ14_2 Pin=R84-1
Added Pin To Net: NetName=NetJ14_2 Pin=TP42-1
Added Pin To Net: NetName=NetJ14_2 Pin=VT21-3
Added Net: Name=NetJ14_2
Added Pin To Net: NetName=NetJ15_3 Pin=J15-3
Added Pin To Net: NetName=NetJ15_3 Pin=TP35-1
Added Pin To Net: NetName=NetJ15_3 Pin=VT18-1
Added Pin To Net: NetName=NetJ15_3 Pin=VT20-1
Added Net: Name=NetJ15_3
Added Pin To Net: NetName=NetJ15_5 Pin=J15-5
Added Pin To Net: NetName=NetJ15_5 Pin=TP43-1
Added Pin To Net: NetName=NetJ15_5 Pin=VT22-1
Added Pin To Net: NetName=NetJ15_5 Pin=VT24-1
Added Net: Name=NetJ15_5
Added Pin To Net: NetName=NetR25_2 Pin=R25-2
Added Pin To Net: NetName=NetR25_2 Pin=R69-1
Added Pin To Net: NetName=NetR25_2 Pin=R70-1
Added Pin To Net: NetName=NetR25_2 Pin=RP11-3
Added Net: Name=NetR25_2
Added Pin To Net: NetName=NetR27_2 Pin=R27-2
Added Pin To Net: NetName=NetR27_2 Pin=R32-1
Added Net: Name=NetR27_2
Added Pin To Net: NetName=NetR39_2 Pin=R39-2
Added Pin To Net: NetName=NetR39_2 Pin=R47-1
Added Pin To Net: NetName=NetR39_2 Pin=TP24-1
Added Pin To Net: NetName=NetR39_2 Pin=VT10-3
Added Pin To Net: NetName=NetR39_2 Pin=VT12-3
Added Net: Name=NetR39_2
Added Pin To Net: NetName=NetR45_1 Pin=R45-1
Added Pin To Net: NetName=NetR45_1 Pin=R60-1
Added Pin To Net: NetName=NetR45_1 Pin=R67-2
Added Pin To Net: NetName=NetR45_1 Pin=R68-1
Added Pin To Net: NetName=NetR45_1 Pin=R73-1
Added Net: Name=NetR45_1
Added Pin To Net: NetName=NetR47_2 Pin=R47-2
Added Pin To Net: NetName=NetR47_2 Pin=R62-2
Added Pin To Net: NetName=NetR47_2 Pin=TP33-1
Added Pin To Net: NetName=NetR47_2 Pin=VT14-3
Added Pin To Net: NetName=NetR47_2 Pin=VT16-2
Added Net: Name=NetR47_2
Added Pin To Net: NetName=NetR75_2 Pin=R75-2
Added Pin To Net: NetName=NetR75_2 Pin=R78-1
Added Pin To Net: NetName=NetR75_2 Pin=TP39-1
Added Pin To Net: NetName=NetR75_2 Pin=VT18-3
Added Pin To Net: NetName=NetR75_2 Pin=VT20-3
Added Net: Name=NetR75_2
Added Pin To Net: NetName=NetR78_2 Pin=R78-2
Added Pin To Net: NetName=NetR78_2 Pin=R84-2
Added Pin To Net: NetName=NetR78_2 Pin=TP44-1
Added Pin To Net: NetName=NetR78_2 Pin=VT22-3
Added Pin To Net: NetName=NetR78_2 Pin=VT24-2
Added Net: Name=NetR78_2
Added Pin To Net: NetName=NetR83_2 Pin=R83-2
Added Pin To Net: NetName=NetR83_2 Pin=R86-1
Added Pin To Net: NetName=NetR83_2 Pin=R87-1
Added Pin To Net: NetName=NetR83_2 Pin=RP10-3
Added Net: Name=NetR83_2
Added Pin To Net: NetName=NetVT15_1 Pin=VT16-3
Added Net: Name=NetVT15_1
Added Pin To Net: NetName=NetVT23_1 Pin=VT24-3
Added Net: Name=NetVT23_1
Added Pin To Net: NetName=VCC_1 Pin=J3-4
Added Pin To Net: NetName=VCC_1 Pin=J3-5
Added Pin To Net: NetName=VCC_1 Pin=J3-6
Added Pin To Net: NetName=VCC_1 Pin=J5-1
Added Pin To Net: NetName=VCC_1 Pin=VT1-2
Added Pin To Net: NetName=VCC_1 Pin=VT5-2
Added Net: Name=VCC_1
Added Pin To Net: NetName=VCC_2 Pin=J7-4
Added Pin To Net: NetName=VCC_2 Pin=J7-5
Added Pin To Net: NetName=VCC_2 Pin=J7-6
Added Pin To Net: NetName=VCC_2 Pin=J10-1
Added Pin To Net: NetName=VCC_2 Pin=VT9-2
Added Pin To Net: NetName=VCC_2 Pin=VT13-2
Added Net: Name=VCC_2
Added Pin To Net: NetName=VCC_3 Pin=J12-4
Added Pin To Net: NetName=VCC_3 Pin=J12-5
Added Pin To Net: NetName=VCC_3 Pin=J12-6
Added Pin To Net: NetName=VCC_3 Pin=J15-1
Added Pin To Net: NetName=VCC_3 Pin=VT17-2
Added Pin To Net: NetName=VCC_3 Pin=VT21-2
Added Net: Name=VCC_3
Added Member To Class: ClassName=Giro_scope_2.0 Member=Component *4 LM324AD_SOIC14
Added Member To Class: ClassName=Giro_scope_2.0 Member=Component *5 LM324AD_SOIC14
Added Member To Class: ClassName=Giro_scope_2.0 Member=Component *6 LM324AD_SOIC14
Added Member To Class: ClassName=Giro_scope_2.0 Member=Component D4 LED2
Added Member To Class: ClassName=Giro_scope_2.0 Member=Component D5 LED2
Added Member To Class: ClassName=Giro_scope_2.0 Member=Component D6 LED2
Added Member To Class: ClassName=Giro_scope_2.0 Member=Component D7 LED2
Added Member To Class: ClassName=Giro_scope_2.0 Member=Component D8 LED2
Added Member To Class: ClassName=Giro_scope_2.0 Member=Component D9 LED2
Added Member To Class: ClassName=Giro_scope_2.0 Member=Component J8 61300611121
Added Member To Class: ClassName=Giro_scope_2.0 Member=Component J9 691101710002
Added Member To Class: ClassName=Giro_scope_2.0 Member=Component J10 61300611121
Added Member To Class: ClassName=Giro_scope_2.0 Member=Component J11 61300611121
Added Member To Class: ClassName=Giro_scope_2.0 Member=Component J12 61300611121
Added Member To Class: ClassName=Giro_scope_2.0 Member=Component J13 61300611121
Added Member To Class: ClassName=Giro_scope_2.0 Member=Component J14 691101710002
Added Member To Class: ClassName=Giro_scope_2.0 Member=Component J15 61300611121
Added Member To Class: ClassName=Giro_scope_2.0 Member=Component J16 61300611121
Added Member To Class: ClassName=Giro_scope_2.0 Member=Component R66 1K
Added Member To Class: ClassName=Giro_scope_2.0 Member=Component R67 10K
Added Member To Class: ClassName=Giro_scope_2.0 Member=Component R68 10K
Added Member To Class: ClassName=Giro_scope_2.0 Member=Component R69 620
Added Member To Class: ClassName=Giro_scope_2.0 Member=Component R70 620
Added Member To Class: ClassName=Giro_scope_2.0 Member=Component R71 10K
Added Member To Class: ClassName=Giro_scope_2.0 Member=Component R72 10K
Added Member To Class: ClassName=Giro_scope_2.0 Member=Component R73 3.3k
Added Member To Class: ClassName=Giro_scope_2.0 Member=Component R74 1M
Added Member To Class: ClassName=Giro_scope_2.0 Member=Component R75 1k
Added Member To Class: ClassName=Giro_scope_2.0 Member=Component R76 1K
Added Member To Class: ClassName=Giro_scope_2.0 Member=Component R77 1K
Added Member To Class: ClassName=Giro_scope_2.0 Member=Component R78 1k
Added Member To Class: ClassName=Giro_scope_2.0 Member=Component R79 1.2k
Added Member To Class: ClassName=Giro_scope_2.0 Member=Component R80 1M
Added Member To Class: ClassName=Giro_scope_2.0 Member=Component R81 620
Added Member To Class: ClassName=Giro_scope_2.0 Member=Component R82 3.3k
Added Member To Class: ClassName=Giro_scope_2.0 Member=Component R83 1K
Added Member To Class: ClassName=Giro_scope_2.0 Member=Component R84 1k
Added Member To Class: ClassName=Giro_scope_2.0 Member=Component R85 1k
Added Member To Class: ClassName=Giro_scope_2.0 Member=Component R86 620
Added Member To Class: ClassName=Giro_scope_2.0 Member=Component R87 620
Added Member To Class: ClassName=Giro_scope_2.0 Member=Component R88 1k
Added Member To Class: ClassName=Giro_scope_2.0 Member=Component RP11 1k
Added Member To Class: ClassName=Giro_scope_2.0 Member=Component TP42 Test_Point_PCB
Added Member To Class: ClassName=Giro_scope_2.0 Member=Component TP43 Test_Point_PCB
Added Member To Class: ClassName=Giro_scope_2.0 Member=Component TP44 Test_Point_PCB
Added Member To Class: ClassName=Giro_scope_2.0 Member=Component TP45 Test_Point_PCB
Added Member To Class: ClassName=Giro_scope_2.0 Member=Component VT16 MMBT2907A
Added Member To Class: ClassName=Giro_scope_2.0 Member=Component VT24 MMBT2907A
