Removed Pin From Net: NetName=NetD2_2 Pin=D3-1
Removed Pin From Net: NetName=NetD4_2 Pin=D5-1
Removed Pin From Net: NetName=NetD7_2 Pin=D8-1
Removed Pin From Net: NetName=NetD2_2 Pin=R45-2
Removed Pin From Net: NetName=Net*1_8 Pin=R58-2
Removed Pin From Net: NetName=Net*1_5 Pin=R59-2
Removed Pin From Net: NetName=NetR45_1 Pin=R60-1
Removed Pin From Net: NetName=NetD4_2 Pin=R60-2
Removed Pin From Net: NetName=Net*1_8 Pin=R71-2
Removed Pin From Net: NetName=Net*1_5 Pin=R72-2
Removed Pin From Net: NetName=NetR45_1 Pin=R73-1
Removed Pin From Net: NetName=NetD7_2 Pin=R73-2
Added Component: Designator=R89(Vishay_CRCW0805-e3_IPC_A)
Add component (AddParameter): Name = "10k"; Value = ""; VariantName = "[No Variations]"
Added Component: Designator=R90(Vishay_CRCW0805-e3_IPC_A)
Add component (AddParameter): Name = "10k"; Value = ""; VariantName = "[No Variations]"
Added Component: Designator=R91(Vishay_CRCW0805-e3_IPC_A)
Add component (AddParameter): Name = "10k"; Value = ""; VariantName = "[No Variations]"
Added Component: Designator=R92(Vishay_CRCW0805-e3_IPC_A)
Add component (AddParameter): Name = "10k"; Value = ""; VariantName = "[No Variations]"
Added Component: Designator=R93(Vishay_CRCW0805-e3_IPC_A)
Add component (AddParameter): Name = "10k"; Value = ""; VariantName = "[No Variations]"
Added Component: Designator=R94(Vishay_CRCW0805-e3_IPC_A)
Add component (AddParameter): Name = "10k"; Value = ""; VariantName = "[No Variations]"
Added Pin To Net: NetName=Net*2_8 Pin=R58-2
Added Pin To Net: NetName=Net*2_5 Pin=R59-2
Added Pin To Net: NetName=NetR27_2 Pin=R60-1
Added Pin To Net: NetName=Net*3_8 Pin=R71-2
Added Pin To Net: NetName=NetR35_1 Pin=R72-2
Added Pin To Net: NetName=NetR30_2 Pin=R73-1
Added Pin To Net: NetName=NetD2_2 Pin=R89-1
Added Pin To Net: NetName=NetD4_2 Pin=R91-1
Added Pin To Net: NetName=NetD7_2 Pin=R93-1
Added Pin To Net: NetName=NetD3_1 Pin=D3-1
Added Pin To Net: NetName=NetD3_1 Pin=R90-1
Added Net: Name=NetD3_1
Added Pin To Net: NetName=NetD5_1 Pin=D5-1
Added Pin To Net: NetName=NetD5_1 Pin=R92-1
Added Net: Name=NetD5_1
Added Pin To Net: NetName=NetD8_1 Pin=D8-1
Added Pin To Net: NetName=NetD8_1 Pin=R94-1
Added Net: Name=NetD8_1
Added Pin To Net: NetName=NetR45_2 Pin=R45-2
Added Pin To Net: NetName=NetR45_2 Pin=R89-2
Added Pin To Net: NetName=NetR45_2 Pin=R90-2
Added Net: Name=NetR45_2
Added Pin To Net: NetName=NetR60_2 Pin=R60-2
Added Pin To Net: NetName=NetR60_2 Pin=R91-2
Added Pin To Net: NetName=NetR60_2 Pin=R92-2
Added Net: Name=NetR60_2
Added Pin To Net: NetName=NetR73_2 Pin=R73-2
Added Pin To Net: NetName=NetR73_2 Pin=R93-2
Added Pin To Net: NetName=NetR73_2 Pin=R94-2
Added Net: Name=NetR73_2
Added Member To Class: ClassName=Giro_scope_2.0 Member=Component *1 LM324AD_SOIC14
Added Member To Class: ClassName=Giro_scope_2.0 Member=Component *2 LM324AD_SOIC14
Added Member To Class: ClassName=Giro_scope_2.0 Member=Component *3 LM324AD_SOIC14
Added Member To Class: ClassName=Giro_scope_2.0 Member=Component R89 1K
Added Member To Class: ClassName=Giro_scope_2.0 Member=Component R90 1K
Added Member To Class: ClassName=Giro_scope_2.0 Member=Component R91 1K
Added Member To Class: ClassName=Giro_scope_2.0 Member=Component R92 1K
Added Member To Class: ClassName=Giro_scope_2.0 Member=Component R93 1K
Added Member To Class: ClassName=Giro_scope_2.0 Member=Component R94 1K
